[2021-08-06 09:08:25.102]{}DEBUG:[AbstractPosLink.java-309 ] ProcessTrans [ 26 ] {} :ProcessTrans Start...
[2021-08-06 09:08:25.133]{}DEBUG:[AbstractPosLink.java-340 ] ProcessTrans [ 26 ] {} :SDK VERSION:V1.07.00_20210409; Timeout:-1
[2021-08-06 09:08:25.149]{}DEBUG:[TcpConnection.java-36 ] connect [ 26 ] {TCP} :ip:192.168.1.6 port:10008
[2021-08-06 09:08:25.171]{}DEBUG:[TcpConnection.java-65 ] send [ 26 ] {TCP} :Send Message =[02]T00[1c]1.54[1c]01[1c]246[1f]0[1f][1f][1f]0[1c][1c]4825[1f]4825[1c][1c][1c][1f][1f][1f][1f][1f][1f][1f][1f][1f][1f][1f][1f][1f][1f][1f][1c][1c]TIPREQ=1[1c][1c]0[1c][03]S
[2021-08-06 09:08:25.334]{}DEBUG:[ProcessSocket.java-460 ] recvAck [ 26 ] {TCP} :Receive Message =[06]
[2021-08-06 09:08:39.038]{}DEBUG:[ProcessSocket.java-548 ] SocketRecv [ 26 ] {TCP} :Receive Message =[02]0[1c]T01[1c]1.44[1c]000000[1c]OK[1c]00[1f]Success[1f]VTLMC1[1f]121816503424[1f][1f]18[1f]1212MCC111614**[1f][1f][1c]01[1c]246[1f]0[1f]0[1f]0[1f]0[1f]0[1f][1f][1c]4111[1f]4[1f]1225[1f][1f][1f][1f]02[1f]DI Test/Card 02           [1f][1f][1f]0[1c]1[1f]4825[1f]20210806101213[1f]4825[1c][1f][1f][1f][1f][1c][1c][1c]EDCTYPE=CREDIT[1f]CARDBIN=541333[1f]HRef=11267281[1f]PROGRAMTYPE=0[1f]SN=53096522[1f]PINSTATUSNUM=0[1f]GLOBALUID=53096522202108061012136369[1f]ARQC=60EE75C7A81C55F6[1f]TVR=0800088000[1f]AID=A0000000041010[1f]TSI=E800[1f]ATC=0418[1f]APPLAB=MasterCard[1f]APPPN=MasterCardCredit[1f]IAD=0110200003620000000000000000000000FF[1f]ARC=Z3[1f]CID=00[1f]CVM=6[03][10]
[2021-08-06 09:08:39.053]{}DEBUG:[TcpConnection.java-65 ] send [ 26 ] {TCP} :Send Message =[06]
[2021-08-06 09:08:39.483]{}DEBUG:[AbstractPosLink.java-746 ] unpackTrans [ 26 ] {TCP} :Payment_CREDIT_SALE Success!
[2021-08-06 09:08:39.501]{}DEBUG:[AbstractPosLink.java-408 ] ProcessTrans [ 26 ] {} :ProcessTrans End...
[2021-08-06 09:11:08.228]{}DEBUG:[AbstractPosLink.java-309 ] ProcessTrans [ 36 ] {} :ProcessTrans Start...
[2021-08-06 09:11:08.228]{}DEBUG:[AbstractPosLink.java-340 ] ProcessTrans [ 36 ] {} :SDK VERSION:V1.07.00_20210409; Timeout:-1
[2021-08-06 09:11:08.243]{}DEBUG:[TcpConnection.java-36 ] connect [ 36 ] {TCP} :ip:192.168.1.6 port:10008
[2021-08-06 09:11:08.259]{}DEBUG:[TcpConnection.java-65 ] send [ 36 ] {TCP} :Send Message =[02]T00[1c]1.54[1c]01[1c]972[1f]0[1f][1f][1f]0[1c][1c]4826[1f]4826[1c][1c][1c][1f][1f][1f][1f][1f][1f][1f][1f][1f][1f][1f][1f][1f][1f][1f][1c][1c]TIPREQ=1[1c][1c]0[1c][03]_
[2021-08-06 09:11:08.406]{}DEBUG:[ProcessSocket.java-460 ] recvAck [ 36 ] {TCP} :Receive Message =[06]
[2021-08-06 09:11:23.698]{}DEBUG:[ProcessSocket.java-548 ] SocketRecv [ 36 ] {TCP} :Receive Message =[02]0[1c]T01[1c]1.44[1c]000000[1c]OK[1c]00[1f]Success[1f]VTLMC1[1f]121816503470[1f][1f]18[1f]1212MCC111622**[1f][1f][1c]01[1c]972[1f]0[1f]0[1f]0[1f]0[1f]0[1f][1f][1c]4111[1f]4[1f]1225[1f][1f][1f][1f]02[1f]DI Test/Card 02           [1f][1f][1f]0[1c]2[1f]4826[1f]20210806101457[1f]4826[1c][1f][1f][1f][1f][1c][1c][1c]EDCTYPE=CREDIT[1f]CARDBIN=541333[1f]HRef=11267437[1f]PROGRAMTYPE=0[1f]SN=53096522[1f]PINSTATUSNUM=0[1f]GLOBALUID=53096522202108061014577262[1f]ARQC=44987C77A77D56CE[1f]TVR=0800088000[1f]AID=A0000000041010[1f]TSI=E800[1f]ATC=0419[1f]APPLAB=MasterCard[1f]APPPN=MasterCardCredit[1f]IAD=0110200003620000000000000000000000FF[1f]ARC=Z3[1f]CID=00[1f]CVM=6[03]d
[2021-08-06 09:11:23.698]{}DEBUG:[TcpConnection.java-65 ] send [ 36 ] {TCP} :Send Message =[06]
[2021-08-06 09:11:23.767]{}DEBUG:[AbstractPosLink.java-746 ] unpackTrans [ 36 ] {TCP} :Payment_CREDIT_SALE Success!
[2021-08-06 09:11:23.767]{}DEBUG:[AbstractPosLink.java-408 ] ProcessTrans [ 36 ] {} :ProcessTrans End...
[2021-08-06 09:18:15.046]{}DEBUG:[AbstractPosLink.java-309 ] ProcessTrans [ 48 ] {} :ProcessTrans Start...
[2021-08-06 09:18:15.061]{}DEBUG:[AbstractPosLink.java-340 ] ProcessTrans [ 48 ] {} :SDK VERSION:V1.07.00_20210409; Timeout:-1
[2021-08-06 09:18:15.061]{}DEBUG:[TcpConnection.java-36 ] connect [ 48 ] {TCP} :ip:192.168.1.6 port:10008
[2021-08-06 09:18:15.083]{}DEBUG:[TcpConnection.java-65 ] send [ 48 ] {TCP} :Send Message =[02]T00[1c]1.54[1c]01[1c]1475[1f]0[1f][1f][1f]0[1c][1c]4827[1f]4827[1c][1c][1c][1f][1f][1f][1f][1f][1f][1f][1f][1f][1f][1f][1f][1f][1f][1f][1c][1c]TIPREQ=1[1c][1c]0[1c][03]d
[2021-08-06 09:18:15.231]{}DEBUG:[ProcessSocket.java-460 ] recvAck [ 48 ] {TCP} :Receive Message =[06]
[2021-08-06 09:18:33.924]{}DEBUG:[ProcessSocket.java-548 ] SocketRecv [ 48 ] {TCP} :Receive Message =[02]0[1c]T01[1c]1.44[1c]000000[1c]OK[1c]00[1f]Success[1f]VTLMC1[1f]121816503699[1f][1f]18[1f]1212MCC111700**[1f][1f][1c]01[1c]1475[1f]0[1f]0[1f]0[1f]0[1f]0[1f][1f][1c]4111[1f]4[1f]1225[1f][1f][1f][1f]02[1f]DI Test/Card 02           [1f][1f][1f]0[1c]3[1f]4827[1f]20210806102207[1f]4827[1c][1f][1f][1f][1f][1c][1c][1c]EDCTYPE=CREDIT[1f]CARDBIN=541333[1f]HRef=11267565[1f]PROGRAMTYPE=0[1f]SN=53096522[1f]PINSTATUSNUM=0[1f]GLOBALUID=53096522202108061022072163[1f]ARQC=DE411BFEF7E31AC0[1f]TVR=0800088000[1f]AID=A0000000041010[1f]TSI=E800[1f]ATC=041A[1f]APPLAB=MasterCard[1f]APPPN=MasterCardCredit[1f]IAD=0110200003620000000000000000000000FF[1f]ARC=Z3[1f]CID=00[1f]CVM=6[03]&
[2021-08-06 09:18:33.931]{}DEBUG:[TcpConnection.java-65 ] send [ 48 ] {TCP} :Send Message =[06]
[2021-08-06 09:18:33.993]{}DEBUG:[AbstractPosLink.java-746 ] unpackTrans [ 48 ] {TCP} :Payment_CREDIT_SALE Success!
[2021-08-06 09:18:34.009]{}DEBUG:[AbstractPosLink.java-408 ] ProcessTrans [ 48 ] {} :ProcessTrans End...
[2021-08-06 09:20:08.347]{}DEBUG:[AbstractPosLink.java-309 ] ProcessTrans [ 57 ] {} :ProcessTrans Start...
[2021-08-06 09:20:08.347]{}DEBUG:[AbstractPosLink.java-340 ] ProcessTrans [ 57 ] {} :SDK VERSION:V1.07.00_20210409; Timeout:-1
[2021-08-06 09:20:08.369]{}DEBUG:[TcpConnection.java-36 ] connect [ 57 ] {TCP} :ip:192.168.1.6 port:10008
[2021-08-06 09:20:08.369]{}DEBUG:[TcpConnection.java-65 ] send [ 57 ] {TCP} :Send Message =[02]T00[1c]1.54[1c]01[1c]1196[1f]0[1f][1f][1f]0[1c][1c]4828[1f]4828[1c][1c][1c][1f][1f][1f][1f][1f][1f][1f][1f][1f][1f][1f][1f][1f][1f][1f][1c][1c]TIPREQ=1[1c][1c]0[1c][03]l
[2021-08-06 09:20:08.500]{}DEBUG:[ProcessSocket.java-460 ] recvAck [ 57 ] {TCP} :Receive Message =[06]
[2021-08-06 09:20:22.983]{}DEBUG:[ProcessSocket.java-548 ] SocketRecv [ 57 ] {TCP} :Receive Message =[02]0[1c]T01[1c]1.44[1c]000000[1c]OK[1c]00[1f]Success[1f]VTLMC1[1f]121816503767[1f][1f]18[1f]1212MCC111714**[1f][1f][1c]01[1c]1196[1f]0[1f]0[1f]0[1f]0[1f]0[1f][1f][1c]4111[1f]4[1f]1225[1f][1f][1f][1f]02[1f]DI Test/Card 02           [1f][1f][1f]0[1c]4[1f]4828[1f]20210806102356[1f]4828[1c][1f][1f][1f][1f][1c][1c][1c]EDCTYPE=CREDIT[1f]CARDBIN=541333[1f]HRef=11267589[1f]PROGRAMTYPE=0[1f]SN=53096522[1f]PINSTATUSNUM=0[1f]GLOBALUID=53096522202108061023568978[1f]ARQC=D8A7BB85668BE390[1f]TVR=0800088000[1f]AID=A0000000041010[1f]TSI=E800[1f]ATC=041B[1f]APPLAB=MasterCard[1f]APPPN=MasterCardCredit[1f]IAD=0110200003620000000000000000000000FF[1f]ARC=Z3[1f]CID=00[1f]CVM=6[03]W
[2021-08-06 09:20:22.983]{}DEBUG:[TcpConnection.java-65 ] send [ 57 ] {TCP} :Send Message =[06]
[2021-08-06 09:20:23.068]{}DEBUG:[AbstractPosLink.java-746 ] unpackTrans [ 57 ] {TCP} :Payment_CREDIT_SALE Success!
[2021-08-06 09:20:23.084]{}DEBUG:[AbstractPosLink.java-408 ] ProcessTrans [ 57 ] {} :ProcessTrans End...
[2021-08-06 14:47:45.171]{}DEBUG:[AbstractPosLink.java-309 ] ProcessTrans [ 23 ] {} :ProcessTrans Start...
[2021-08-06 14:47:45.186]{}DEBUG:[AbstractPosLink.java-340 ] ProcessTrans [ 23 ] {} :SDK VERSION:V1.07.00_20210409; Timeout:-1
[2021-08-06 14:47:45.218]{}DEBUG:[TcpConnection.java-36 ] connect [ 23 ] {TCP} :ip:192.168.1.6 port:10008
[2021-08-06 14:47:45.240]{}DEBUG:[TcpConnection.java-65 ] send [ 23 ] {TCP} :Send Message =[02]T00[1c]1.54[1c]01[1c]1202[1c][1c]0806144743[1f]20210806144743[1f][1f]4845[1f][1f]13[1f]4845[1c][1c][1c][1f][1f][1f][1f][1f][1f][1f][1f][1f][1f][1f][1f][1f][1f][1f][1c][1c]TIPREQ=1[1c][1c]0[1c][03]~
[2021-08-06 14:47:45.387]{}DEBUG:[ProcessSocket.java-460 ] recvAck [ 23 ] {TCP} :Receive Message =[06]
[2021-08-06 14:48:07.890]{}DEBUG:[ProcessSocket.java-548 ] SocketRecv [ 23 ] {TCP} :Receive Message =[02]0[1c]T01[1c]1.44[1c]000000[1c]OK[1c]00[1f]Success[1f]VTLMC1[1f]121821504542[1f][1f]18[1f]1212MCC111244**[1f][1f][1c]01[1c]1202[1f]0[1f]0[1f]0[1f]0[1f]0[1f][1f][1c]4111[1f]4[1f]1225[1f][1f][1f][1f]02[1f]DI Test/Card 02           [1f][1f][1f]0[1c]5[1f]0806144743[1f]20210806155138[1f]20210806144743[1c][1f][1f][1f][1f][1c][1c][1c]EDCTYPE=CREDIT[1f]CARDBIN=541333[1f]HRef=11275149[1f]PROGRAMTYPE=0[1f]SN=53096522[1f]PINSTATUSNUM=0[1f]GLOBALUID=53096522202108061551384981[1f]ARQC=6DB944CFAA605177[1f]TVR=0800088000[1f]AID=A0000000041010[1f]TSI=E800[1f]ATC=041C[1f]APPLAB=MasterCard[1f]APPPN=MasterCardCredit[1f]IAD=0110200003620000000000000000000000FF[1f]ARC=Z3[1f]CID=00[1f]CVM=6[03]S
[2021-08-06 14:48:07.897]{}DEBUG:[TcpConnection.java-65 ] send [ 23 ] {TCP} :Send Message =[06]
[2021-08-06 14:48:08.229]{}DEBUG:[AbstractPosLink.java-746 ] unpackTrans [ 23 ] {TCP} :Payment_CREDIT_SALE Success!
[2021-08-06 14:48:08.276]{}DEBUG:[AbstractPosLink.java-408 ] ProcessTrans [ 23 ] {} :ProcessTrans End...
[2021-08-06 14:53:57.601]{}DEBUG:[AbstractPosLink.java-309 ] ProcessTrans [ 25 ] {} :ProcessTrans Start...
[2021-08-06 14:53:57.632]{}DEBUG:[AbstractPosLink.java-340 ] ProcessTrans [ 25 ] {} :SDK VERSION:V1.07.00_20210409; Timeout:-1
[2021-08-06 14:53:57.664]{}DEBUG:[TcpConnection.java-36 ] connect [ 25 ] {TCP} :ip:192.168.1.6 port:10008
[2021-08-06 14:53:57.679]{}DEBUG:[TcpConnection.java-65 ] send [ 25 ] {TCP} :Send Message =[02]T00[1c]1.54[1c]01[1c]1852[1c][1c]0806145356[1f]20210806145356[1f][1f]4846[1f][1f]14[1f]4846[1c][1c][1c][1f][1f][1f][1f][1f][1f][1f][1f][1f][1f][1f][1f][1f][1f][1f][1c][1c]TIPREQ=1[1c][1c]0[1c][03]v
[2021-08-06 14:53:57.817]{}DEBUG:[ProcessSocket.java-460 ] recvAck [ 25 ] {TCP} :Receive Message =[06]
[2021-08-06 14:54:11.899]{}DEBUG:[ProcessSocket.java-548 ] SocketRecv [ 25 ] {TCP} :Receive Message =[02]0[1c]T01[1c]1.44[1c]000000[1c]OK[1c]00[1f]Success[1f]VTLMC1[1f]121821505023[1f][1f]18[1f]1212MCC111325**[1f][1f][1c]01[1c]1852[1f]0[1f]0[1f]0[1f]0[1f]0[1f][1f][1c]4111[1f]4[1f]1225[1f][1f][1f][1f]02[1f]DI Test/Card 02           [1f][1f][1f]0[1c]6[1f]0806145356[1f]20210806155746[1f]20210806145356[1c][1f][1f][1f][1f][1c][1c][1c]EDCTYPE=CREDIT[1f]CARDBIN=541333[1f]HRef=11275225[1f]PROGRAMTYPE=0[1f]SN=53096522[1f]PINSTATUSNUM=0[1f]GLOBALUID=53096522202108061557461444[1f]ARQC=BE16AB3D38CCA0E2[1f]TVR=0800088000[1f]AID=A0000000041010[1f]TSI=E800[1f]ATC=041D[1f]APPLAB=MasterCard[1f]APPPN=MasterCardCredit[1f]IAD=0110200003620000000000000000000000FF[1f]ARC=Z3[1f]CID=00[1f]CVM=6[03]"
[2021-08-06 14:54:11.899]{}DEBUG:[TcpConnection.java-65 ] send [ 25 ] {TCP} :Send Message =[06]
[2021-08-06 14:54:12.345]{}DEBUG:[AbstractPosLink.java-746 ] unpackTrans [ 25 ] {TCP} :Payment_CREDIT_SALE Success!
[2021-08-06 14:54:12.363]{}DEBUG:[AbstractPosLink.java-408 ] ProcessTrans [ 25 ] {} :ProcessTrans End...
[2021-08-06 16:08:29.629]{}DEBUG:[AbstractPosLink.java-309 ] ProcessTrans [ 26 ] {} :ProcessTrans Start...
[2021-08-06 16:08:29.672]{}DEBUG:[AbstractPosLink.java-340 ] ProcessTrans [ 26 ] {} :SDK VERSION:V1.07.00_20210409; Timeout:-1
[2021-08-06 16:08:29.709]{}DEBUG:[TcpConnection.java-36 ] connect [ 26 ] {TCP} :ip:192.168.1.6 port:10008
[2021-08-06 16:08:29.732]{}DEBUG:[TcpConnection.java-65 ] send [ 26 ] {TCP} :Send Message =[02]T00[1c]1.54[1c]01[1c]191[1c][1c]0806160828[1f]20210806160828[1f][1f]4825[1f][1f]1[1f]4825[1c][1c][1c][1f][1f][1f][1f][1f][1f][1f][1f][1f][1f][1f][1f][1f][1f][1f][1c][1c]TIPREQ=1[1c][1c]0[1c][03]u
[2021-08-06 16:08:29.892]{}DEBUG:[ProcessSocket.java-460 ] recvAck [ 26 ] {TCP} :Receive Message =[06]
[2021-08-06 16:08:45.254]{}DEBUG:[ProcessSocket.java-548 ] SocketRecv [ 26 ] {TCP} :Receive Message =[02]0[1c]T01[1c]1.44[1c]000000[1c]OK[1c]00[1f]Success[1f]VTLMC1[1f]121823500955[1f][1f]18[1f]1212MCC111045**[1f][1f][1c]01[1c]191[1f]0[1f]0[1f]0[1f]0[1f]0[1f][1f][1c]4111[1f]4[1f]1225[1f][1f][1f][1f]02[1f]DI Test/Card 02           [1f][1f][1f]0[1c]7[1f]0806160828[1f]20210806171219[1f]20210806160828[1c][1f][1f][1f][1f][1c][1c][1c]EDCTYPE=CREDIT[1f]CARDBIN=541333[1f]HRef=11276243[1f]PROGRAMTYPE=0[1f]SN=53096522[1f]PINSTATUSNUM=0[1f]GLOBALUID=53096522202108061712191846[1f]ARQC=A0348BBFD2C5BA54[1f]TVR=0800088000[1f]AID=A0000000041010[1f]TSI=E800[1f]ATC=041F[1f]APPLAB=MasterCard[1f]APPPN=MasterCardCredit[1f]IAD=0110200003620000000000000000000000FF[1f]ARC=Z3[1f]CID=00[1f]CVM=6[03]b
[2021-08-06 16:08:45.265]{}DEBUG:[TcpConnection.java-65 ] send [ 26 ] {TCP} :Send Message =[06]
[2021-08-06 16:08:45.720]{}DEBUG:[AbstractPosLink.java-746 ] unpackTrans [ 26 ] {TCP} :Payment_CREDIT_SALE Success!
[2021-08-06 16:08:45.731]{}DEBUG:[AbstractPosLink.java-408 ] ProcessTrans [ 26 ] {} :ProcessTrans End...
[2021-08-06 16:21:37.103]{}DEBUG:[AbstractPosLink.java-309 ] ProcessTrans [ 23 ] {} :ProcessTrans Start...
[2021-08-06 16:21:37.143]{}DEBUG:[AbstractPosLink.java-340 ] ProcessTrans [ 23 ] {} :SDK VERSION:V1.07.00_20210409; Timeout:-1
[2021-08-06 16:21:37.185]{}DEBUG:[TcpConnection.java-36 ] connect [ 23 ] {TCP} :ip:192.168.1.6 port:10008
[2021-08-06 16:21:37.212]{}DEBUG:[TcpConnection.java-65 ] send [ 23 ] {TCP} :Send Message =[02]T00[1c]1.54[1c]01[1c]2048[1c][1c]0806162136[1f]20210806162136[1f][1f]4826[1f][1f]0806162135[1f]4826[1c][1c][1c][1f][1f][1f][1f][1f][1f][1f][1f][1f][1f][1f][1f][1f][1f][1f][1c][1c]TIPREQ=1[1c][1c]0[1c][03]
[2021-08-06 16:21:37.379]{}DEBUG:[ProcessSocket.java-460 ] recvAck [ 23 ] {TCP} :Receive Message =[06]
[2021-08-06 16:21:50.035]{}DEBUG:[ProcessSocket.java-548 ] SocketRecv [ 23 ] {TCP} :Receive Message =[02]0[1c]T01[1c]1.44[1c]000000[1c]OK[1c]00[1f]Success[1f]VTLMC1[1f]121823501182[1f][1f]18[1f]1212MCC111157**[1f][1f][1c]01[1c]2048[1f]0[1f]0[1f]0[1f]0[1f]0[1f][1f][1c]4111[1f]4[1f]1225[1f][1f][1f][1f]02[1f]DI Test/Card 02           [1f][1f][1f]0[1c]8[1f]0806162136[1f]20210806172526[1f]20210806162136[1c][1f][1f][1f][1f][1c][1c][1c]EDCTYPE=CREDIT[1f]CARDBIN=541333[1f]HRef=11276415[1f]PROGRAMTYPE=0[1f]SN=53096522[1f]PINSTATUSNUM=0[1f]GLOBALUID=53096522202108061725262948[1f]ARQC=EEC1CC4AC7BD430F[1f]TVR=0800088000[1f]AID=A0000000041010[1f]TSI=E800[1f]ATC=0420[1f]APPLAB=MasterCard[1f]APPPN=MasterCardCredit[1f]IAD=0110200003620000000000000000000000FF[1f]ARC=Z3[1f]CID=00[1f]CVM=6[03])
[2021-08-06 16:21:50.047]{}DEBUG:[TcpConnection.java-65 ] send [ 23 ] {TCP} :Send Message =[06]
[2021-08-06 16:21:50.511]{}DEBUG:[AbstractPosLink.java-746 ] unpackTrans [ 23 ] {TCP} :Payment_CREDIT_SALE Success!
[2021-08-06 16:21:50.528]{}DEBUG:[AbstractPosLink.java-408 ] ProcessTrans [ 23 ] {} :ProcessTrans End...
[2021-08-06 17:46:33.372]{}DEBUG:[AbstractPosLink.java-309 ] ProcessTrans [ 28 ] {} :ProcessTrans Start...
[2021-08-06 17:46:33.402]{}DEBUG:[AbstractPosLink.java-340 ] ProcessTrans [ 28 ] {} :SDK VERSION:V1.07.00_20210409; Timeout:-1
[2021-08-06 17:46:33.424]{}DEBUG:[TcpConnection.java-36 ] connect [ 28 ] {TCP} :ip:192.168.1.6 port:10008
[2021-08-06 17:46:33.443]{}DEBUG:[TcpConnection.java-65 ] send [ 28 ] {TCP} :Send Message =[02]T00[1c]1.54[1c]01[1c]1355[1c][1c]0806174632[1f]20210806174632[1f][1f]4827[1f][1f]0806174632[1f]4827[1c][1c][1c][1f][1f][1f][1f][1f][1f][1f][1f][1f][1f][1f][1f][1f][1f][1f][1c][1c]TIPREQ=1[1c][1c]0[1c][03]t
[2021-08-06 17:46:33.592]{}DEBUG:[ProcessSocket.java-460 ] recvAck [ 28 ] {TCP} :Receive Message =[06]
[2021-08-06 17:47:04.271]{}DEBUG:[ProcessSocket.java-548 ] SocketRecv [ 28 ] {TCP} :Receive Message =[02]0[1c]T01[1c]1.44[1c]100001[1c]TIMEOUT[03]"
[2021-08-06 17:47:04.286]{}DEBUG:[TcpConnection.java-65 ] send [ 28 ] {TCP} :Send Message =[06]
[2021-08-06 17:47:04.733]{}ERROR:[AbstractPosLink.java-748 ] unpackTrans [ 28 ] {TCP} :Payment_CREDIT_SALE Fail!,ResultTxt =TIMEOUT
[2021-08-06 17:47:04.761]{}DEBUG:[AbstractPosLink.java-408 ] ProcessTrans [ 28 ] {} :ProcessTrans End...
[2021-08-06 17:52:52.728]{}DEBUG:[AbstractPosLink.java-309 ] ProcessTrans [ 26 ] {} :ProcessTrans Start...
[2021-08-06 17:52:52.765]{}DEBUG:[AbstractPosLink.java-340 ] ProcessTrans [ 26 ] {} :SDK VERSION:V1.07.00_20210409; Timeout:-1
[2021-08-06 17:52:52.818]{}DEBUG:[TcpConnection.java-36 ] connect [ 26 ] {TCP} :ip:192.168.1.6 port:10008
[2021-08-06 17:52:52.848]{}DEBUG:[TcpConnection.java-65 ] send [ 26 ] {TCP} :Send Message =[02]T00[1c]1.54[1c]01[1c]333[1c][1c]0806175251[1f]20210806175251[1f][1f]4828[1f][1f]0806175251[1f]4828[1c][1c][1c][1f][1f][1f][1f][1f][1f][1f][1f][1f][1f][1f][1f][1f][1f][1f][1c][1c]TIPREQ=1[1c][1c]0[1c][03]E
[2021-08-06 17:52:53.004]{}DEBUG:[ProcessSocket.java-460 ] recvAck [ 26 ] {TCP} :Receive Message =[06]
[2021-08-06 17:53:08.784]{}DEBUG:[ProcessSocket.java-548 ] SocketRecv [ 26 ] {TCP} :Receive Message =[02]0[1c]T01[1c]1.44[1c]000000[1c]OK[1c]00[1f]Success[1f]VTLMC1[1f]121900500581[1f][1f]18[1f]1212MCC111876**[1f][1f][1c]01[1c]333[1f]0[1f]0[1f]0[1f]0[1f]0[1f][1f][1c]4111[1f]4[1f]1225[1f][1f][1f][1f]02[1f]DI Test/Card 02           [1f][1f][1f]0[1c]9[1f]0806175251[1f]20210806185642[1f]20210806175251[1c][1f][1f][1f][1f][1c][1c][1c]EDCTYPE=CREDIT[1f]CARDBIN=541333[1f]HRef=11277363[1f]PROGRAMTYPE=0[1f]SN=53096522[1f]PINSTATUSNUM=0[1f]GLOBALUID=53096522202108061856427907[1f]ARQC=5B1DE17DBD5381A1[1f]TVR=0800088000[1f]AID=A0000000041010[1f]TSI=E800[1f]ATC=0421[1f]APPLAB=MasterCard[1f]APPPN=MasterCardCredit[1f]IAD=0110200003620000000000000000000000FF[1f]ARC=Z3[1f]CID=00[1f]CVM=6[03]i
[2021-08-06 17:53:08.795]{}DEBUG:[TcpConnection.java-65 ] send [ 26 ] {TCP} :Send Message =[06]
[2021-08-06 17:53:09.227]{}DEBUG:[AbstractPosLink.java-746 ] unpackTrans [ 26 ] {TCP} :Payment_CREDIT_SALE Success!
[2021-08-06 17:53:09.244]{}DEBUG:[AbstractPosLink.java-408 ] ProcessTrans [ 26 ] {} :ProcessTrans End...
[2021-08-06 18:12:34.889]{}DEBUG:[AbstractPosLink.java-309 ] ProcessTrans [ 23 ] {} :ProcessTrans Start...
[2021-08-06 18:12:34.919]{}DEBUG:[AbstractPosLink.java-340 ] ProcessTrans [ 23 ] {} :SDK VERSION:V1.07.00_20210409; Timeout:-1
[2021-08-06 18:12:34.948]{}DEBUG:[TcpConnection.java-36 ] connect [ 23 ] {TCP} :ip:192.168.1.6 port:10008
[2021-08-06 18:12:34.972]{}DEBUG:[TcpConnection.java-65 ] send [ 23 ] {TCP} :Send Message =[02]T00[1c]1.54[1c]01[1c]104[1c][1c]0806181233[1f]20210806181233[1f][1f]4837[1f][1f]0806181233[1f]4837[1c][1c][1c][1f][1f][1f][1f][1f][1f][1f][1f][1f][1f][1f][1f][1f][1f][1f][1c][1c]TIPREQ=1[1c][1c]0[1c][03]L
[2021-08-06 18:12:35.105]{}DEBUG:[ProcessSocket.java-460 ] recvAck [ 23 ] {TCP} :Receive Message =[06]
[2021-08-06 18:12:47.771]{}DEBUG:[ProcessSocket.java-548 ] SocketRecv [ 23 ] {TCP} :Receive Message =[02]0[1c]T01[1c]1.44[1c]000000[1c]OK[1c]00[1f]Success[1f]VTLMC1[1f]121901500955[1f][1f]18[1f]1212MCC111953**[1f][1f][1c]01[1c]104[1f]0[1f]0[1f]0[1f]0[1f]0[1f][1f][1c]4111[1f]4[1f]1225[1f][1f][1f][1f]02[1f]DI Test/Card 02           [1f][1f][1f]0[1c]10[1f]0806181233[1f]20210806191623[1f]20210806181233[1c][1f][1f][1f][1f][1c][1c][1c]EDCTYPE=CREDIT[1f]CARDBIN=541333[1f]HRef=11277545[1f]PROGRAMTYPE=0[1f]SN=53096522[1f]PINSTATUSNUM=0[1f]GLOBALUID=53096522202108061916239037[1f]ARQC=4B22DF4133E32CF6[1f]TVR=0800088000[1f]AID=A0000000041010[1f]TSI=E800[1f]ATC=0422[1f]APPLAB=MasterCard[1f]APPPN=MasterCardCredit[1f]IAD=0110200003620000000000000000000000FF[1f]ARC=Z3[1f]CID=00[1f]CVM=6[03]*
[2021-08-06 18:12:47.788]{}DEBUG:[TcpConnection.java-65 ] send [ 23 ] {TCP} :Send Message =[06]
[2021-08-06 18:12:48.429]{}DEBUG:[AbstractPosLink.java-746 ] unpackTrans [ 23 ] {TCP} :Payment_CREDIT_SALE Success!
[2021-08-06 18:12:48.441]{}DEBUG:[AbstractPosLink.java-408 ] ProcessTrans [ 23 ] {} :ProcessTrans End...
[2021-08-06 18:15:09.366]{}DEBUG:[AbstractPosLink.java-309 ] ProcessTrans [ 23 ] {} :ProcessTrans Start...
[2021-08-06 18:15:09.384]{}DEBUG:[AbstractPosLink.java-340 ] ProcessTrans [ 23 ] {} :SDK VERSION:V1.07.00_20210409; Timeout:-1
[2021-08-06 18:15:09.407]{}DEBUG:[TcpConnection.java-36 ] connect [ 23 ] {TCP} :ip:192.168.1.6 port:10008
[2021-08-06 18:15:09.425]{}DEBUG:[TcpConnection.java-65 ] send [ 23 ] {TCP} :Send Message =[02]T00[1c]1.54[1c]01[1c]104[1c][1c]0806181508[1f]20210806181508[1f][1f]4837[1f][1f]0806181508[1f]4837[1c][1c][1c][1f][1f][1f][1f][1f][1f][1f][1f][1f][1f][1f][1f][1f][1f][1f][1c][1c]TIPREQ=1[1c][1c]0[1c][03]C
[2021-08-06 18:15:09.573]{}DEBUG:[ProcessSocket.java-460 ] recvAck [ 23 ] {TCP} :Receive Message =[06]
[2021-08-06 18:15:18.073]{}DEBUG:[ProcessSocket.java-548 ] SocketRecv [ 23 ] {TCP} :Receive Message =[02]0[1c]T01[1c]1.44[1c]100011[1c]DUP TRANSACTION[1c]00[1f]Success[1f]VTLMC1[1f]121901500955[1f][1f]18[1f]1212MCC111953**[1f][1f][1c]01[1c]104[1f]0[1f]0[1f]0[1f]0[1f]0[1f][1f][1c]4111[1f]4[1f]1225[1f][1f][1f][1f]02[1f]DI Test/Card 02           [1f][1f][1f]0[1c]10[1f]0806181508[1f]20210806191623[1f]20210806181233[1c][1f][1f][1f][1f][1c][1c][1c]EDCTYPE=CREDIT[1f]CARDBIN=541333[1f]HRef=11277545[1f]PROGRAMTYPE=0[1f]SN=53096522[1f]GLOBALUID=53096522202108061916239037[1f]ARQC=4B22DF4133E32CF6[1f]TVR=0800088000[1f]AID=A0000000041010[1f]TSI=E800[1f]ATC=0422[1f]APPLAB=MasterCard[1f]APPPN=MasterCardCredit[1f]IAD=0110200003620000000000000000000000FF[1f]ARC=Z3[1f]CID=00[1f]CVM=6[03][02]
[2021-08-06 18:15:18.085]{}DEBUG:[TcpConnection.java-65 ] send [ 23 ] {TCP} :Send Message =[06]
[2021-08-06 18:15:18.470]{}ERROR:[AbstractPosLink.java-748 ] unpackTrans [ 23 ] {TCP} :Payment_CREDIT_SALE Fail!,ResultTxt =DUP TRANSACTION
[2021-08-06 18:15:18.523]{}DEBUG:[AbstractPosLink.java-408 ] ProcessTrans [ 23 ] {} :ProcessTrans End...
[2021-08-06 18:15:43.855]{}DEBUG:[AbstractPosLink.java-309 ] ProcessTrans [ 25 ] {} :ProcessTrans Start...
[2021-08-06 18:15:43.870]{}DEBUG:[AbstractPosLink.java-340 ] ProcessTrans [ 25 ] {} :SDK VERSION:V1.07.00_20210409; Timeout:-1
[2021-08-06 18:15:43.881]{}DEBUG:[TcpConnection.java-36 ] connect [ 25 ] {TCP} :ip:192.168.1.6 port:10008
[2021-08-06 18:15:43.897]{}DEBUG:[TcpConnection.java-65 ] send [ 25 ] {TCP} :Send Message =[02]T00[1c]1.54[1c]01[1c]164[1c][1c]0806181542[1f]20210806181542[1f][1f]4838[1f][1f]0806181542[1f]4838[1c][1c][1c][1f][1f][1f][1f][1f][1f][1f][1f][1f][1f][1f][1f][1f][1f][1f][1c][1c]TIPREQ=1[1c][1c]0[1c][03]K
[2021-08-06 18:15:44.046]{}DEBUG:[ProcessSocket.java-460 ] recvAck [ 25 ] {TCP} :Receive Message =[06]
[2021-08-06 18:16:20.882]{}DEBUG:[ProcessSocket.java-548 ] SocketRecv [ 25 ] {TCP} :Receive Message =[02]0[1c]T01[1c]1.44[1c]000000[1c]OK[1c]00[1f]Success[1f]VTLMC1[1f]121901501054[1f][1f]18[1f]1212MCC111972**[1f][1f][1c]01[1c]164[1f]0[1f]0[1f]0[1f]0[1f]0[1f][1f][1c]4111[1f]4[1f]1225[1f][1f][1f][1f]02[1f]DI Test/Card 02           [1f][1f][1f]0[1c]11[1f]0806181542[1f]20210806191957[1f]20210806181542[1c][1f][1f][1f][1f][1c][1c][1c]EDCTYPE=CREDIT[1f]CARDBIN=541333[1f]HRef=11277573[1f]PROGRAMTYPE=0[1f]SN=53096522[1f]PINSTATUSNUM=0[1f]GLOBALUID=53096522202108061919572758[1f]ARQC=18818635B52976A4[1f]TVR=0800088000[1f]AID=A0000000041010[1f]TSI=E800[1f]ATC=0424[1f]APPLAB=MasterCard[1f]APPPN=MasterCardCredit[1f]IAD=0110200003620000000000000000000000FF[1f]ARC=Z3[1f]CID=00[1f]CVM=6[03]'
[2021-08-06 18:16:20.896]{}DEBUG:[TcpConnection.java-65 ] send [ 25 ] {TCP} :Send Message =[06]
[2021-08-06 18:16:20.965]{}DEBUG:[AbstractPosLink.java-746 ] unpackTrans [ 25 ] {TCP} :Payment_CREDIT_SALE Success!
[2021-08-06 18:16:20.976]{}DEBUG:[AbstractPosLink.java-408 ] ProcessTrans [ 25 ] {} :ProcessTrans End...
[2021-08-06 18:19:05.301]{}DEBUG:[AbstractPosLink.java-309 ] ProcessTrans [ 23 ] {} :ProcessTrans Start...
[2021-08-06 18:19:05.326]{}DEBUG:[AbstractPosLink.java-340 ] ProcessTrans [ 23 ] {} :SDK VERSION:V1.07.00_20210409; Timeout:-1
[2021-08-06 18:19:05.374]{}DEBUG:[TcpConnection.java-36 ] connect [ 23 ] {TCP} :ip:192.168.1.6 port:10008
[2021-08-06 18:19:05.404]{}DEBUG:[TcpConnection.java-65 ] send [ 23 ] {TCP} :Send Message =[02]T00[1c]1.54[1c]01[1c]246[1c][1c]0806181904[1f]20210806181904[1f][1f]4839[1f][1f]0806181904[1f]4839[1c][1c][1c][1f][1f][1f][1f][1f][1f][1f][1f][1f][1f][1f][1f][1f][1f][1f][1c][1c]TIPREQ=1[1c][1c]0[1c][03]F
[2021-08-06 18:19:05.562]{}DEBUG:[ProcessSocket.java-460 ] recvAck [ 23 ] {TCP} :Receive Message =[06]
[2021-08-06 18:19:36.253]{}DEBUG:[ProcessSocket.java-548 ] SocketRecv [ 23 ] {TCP} :Receive Message =[02]0[1c]T01[1c]1.44[1c]100001[1c]TIMEOUT[03]"
[2021-08-06 18:19:36.274]{}DEBUG:[TcpConnection.java-65 ] send [ 23 ] {TCP} :Send Message =[06]
[2021-08-06 18:19:36.699]{}ERROR:[AbstractPosLink.java-748 ] unpackTrans [ 23 ] {TCP} :Payment_CREDIT_SALE Fail!,ResultTxt =TIMEOUT
[2021-08-06 18:19:36.737]{}DEBUG:[AbstractPosLink.java-408 ] ProcessTrans [ 23 ] {} :ProcessTrans End...
[2021-08-06 18:34:11.817]{}DEBUG:[AbstractPosLink.java-309 ] ProcessTrans [ 23 ] {} :ProcessTrans Start...
[2021-08-06 18:34:11.839]{}DEBUG:[AbstractPosLink.java-340 ] ProcessTrans [ 23 ] {} :SDK VERSION:V1.07.00_20210409; Timeout:-1
[2021-08-06 18:34:11.875]{}DEBUG:[TcpConnection.java-36 ] connect [ 23 ] {TCP} :ip:192.168.1.6 port:10008
[2021-08-06 18:34:11.903]{}DEBUG:[TcpConnection.java-65 ] send [ 23 ] {TCP} :Send Message =[02]T00[1c]1.54[1c]01[1c]410[1c][1c]0806183410[1f]20210806183410[1f][1f]4840[1f][1f]0806183410[1f]4840[1c][1c][1c][1f][1f][1f][1f][1f][1f][1f][1f][1f][1f][1f][1f][1f][1f][1f][1c][1c]TIPREQ=1[1c][1c]0[1c][03]I
[2021-08-06 18:34:12.059]{}DEBUG:[ProcessSocket.java-460 ] recvAck [ 23 ] {TCP} :Receive Message =[06]
[2021-08-06 18:34:15.209]{}DEBUG:[ProcessSocket.java-548 ] SocketRecv [ 23 ] {TCP} :Receive Message =[02]0[1c]T01[1c]1.44[1c]100003[1c]2-Chip Read Error[1c][1f][1f][1f][1f][1f][1f][1f][1f][1c]01[1c][1f][1f]0[1f]0[1f]0[1f]0[1f][1f][1c][1f]2[1f][1f][1f][1f][1f][1f][1f][1f][1f][1c][1f]0806183410[1f][1f][1c][1f][1f][1f][1f][1c][1c][1c]EDCTYPE=CREDIT[1f]PROGRAMTYPE=0[1f]SN=53096522[1f]AID=A0000000041010[03][0e]
[2021-08-06 18:34:15.226]{}DEBUG:[TcpConnection.java-65 ] send [ 23 ] {TCP} :Send Message =[06]
[2021-08-06 18:34:15.637]{}ERROR:[AbstractPosLink.java-748 ] unpackTrans [ 23 ] {TCP} :Payment_CREDIT_SALE Fail!,ResultTxt =2-Chip Read Error
[2021-08-06 18:34:15.675]{}DEBUG:[AbstractPosLink.java-408 ] ProcessTrans [ 23 ] {} :ProcessTrans End...
[2021-08-06 18:34:52.117]{}DEBUG:[AbstractPosLink.java-309 ] ProcessTrans [ 25 ] {} :ProcessTrans Start...
[2021-08-06 18:34:52.143]{}DEBUG:[AbstractPosLink.java-340 ] ProcessTrans [ 25 ] {} :SDK VERSION:V1.07.00_20210409; Timeout:-1
[2021-08-06 18:34:52.162]{}DEBUG:[TcpConnection.java-36 ] connect [ 25 ] {TCP} :ip:192.168.1.6 port:10008
[2021-08-06 18:34:52.190]{}DEBUG:[TcpConnection.java-65 ] send [ 25 ] {TCP} :Send Message =[02]T00[1c]1.54[1c]01[1c]300[1c][1c]0806183451[1f]20210806183451[1f][1f]4841[1f][1f]0806183451[1f]4841[1c][1c][1c][1f][1f][1f][1f][1f][1f][1f][1f][1f][1f][1f][1f][1f][1f][1f][1c][1c]TIPREQ=1[1c][1c]0[1c][03]J
[2021-08-06 18:34:52.320]{}DEBUG:[ProcessSocket.java-460 ] recvAck [ 25 ] {TCP} :Receive Message =[06]
[2021-08-06 18:35:05.805]{}DEBUG:[ProcessSocket.java-548 ] SocketRecv [ 25 ] {TCP} :Receive Message =[02]0[1c]T01[1c]1.44[1c]000000[1c]OK[1c]00[1f]Success[1f]VTLMC1[1f]121901501334[1f][1f]18[1f]1212MCC111024**[1f][1f][1c]01[1c]300[1f]0[1f]0[1f]0[1f]0[1f]0[1f][1f][1c]4111[1f]4[1f]1225[1f][1f][1f][1f]02[1f]DI Test/Card 02           [1f][1f][1f]0[1c]12[1f]0806183451[1f]20210806193842[1f]20210806183451[1c][1f][1f][1f][1f][1c][1c][1c]EDCTYPE=CREDIT[1f]CARDBIN=541333[1f]HRef=11277693[1f]PROGRAMTYPE=0[1f]SN=53096522[1f]PINSTATUSNUM=0[1f]GLOBALUID=53096522202108061938429832[1f]ARQC=97541AB5E99E6744[1f]TVR=0800088000[1f]AID=A0000000041010[1f]TSI=E800[1f]ATC=0426[1f]APPLAB=MasterCard[1f]APPPN=MasterCardCredit[1f]IAD=0110200003620000000000000000000000FF[1f]ARC=Z3[1f]CID=00[1f]CVM=6[03]%
[2021-08-06 18:35:05.818]{}DEBUG:[TcpConnection.java-65 ] send [ 25 ] {TCP} :Send Message =[06]
[2021-08-06 18:35:05.889]{}DEBUG:[AbstractPosLink.java-746 ] unpackTrans [ 25 ] {TCP} :Payment_CREDIT_SALE Success!
[2021-08-06 18:35:05.898]{}DEBUG:[AbstractPosLink.java-408 ] ProcessTrans [ 25 ] {} :ProcessTrans End...
[2021-08-06 18:43:15.436]{}DEBUG:[AbstractPosLink.java-309 ] ProcessTrans [ 26 ] {} :ProcessTrans Start...
[2021-08-06 18:43:15.467]{}DEBUG:[AbstractPosLink.java-340 ] ProcessTrans [ 26 ] {} :SDK VERSION:V1.07.00_20210409; Timeout:-1
[2021-08-06 18:43:15.514]{}DEBUG:[TcpConnection.java-36 ] connect [ 26 ] {TCP} :ip:192.168.1.6 port:10008
[2021-08-06 18:43:15.536]{}DEBUG:[TcpConnection.java-65 ] send [ 26 ] {TCP} :Send Message =[02]T00[1c]1.54[1c]01[1c]1005[1c][1c]0806184314[1f]20210806184314[1f][1f]4842[1f][1f]0806184314[1f]4842[1c][1c][1c][1f][1f][1f][1f][1f][1f][1f][1f][1f][1f][1f][1f][1f][1f][1f][1c][1c]TIPREQ=1[1c][1c]0[1c][03]|
[2021-08-06 18:43:15.667]{}DEBUG:[ProcessSocket.java-460 ] recvAck [ 26 ] {TCP} :Receive Message =[06]
[2021-08-06 18:43:26.942]{}DEBUG:[ProcessSocket.java-548 ] SocketRecv [ 26 ] {TCP} :Receive Message =[02]0[1c]T01[1c]1.44[1c]000100[1c]DECLINE[1c][1f]Do not honor[1f][1f][1f][1f][1f][1f][1f][1c]01[1c][1f][1f]0[1f]0[1f]0[1f]0[1f][1f][1c]4111[1f]4[1f]1225[1f][1f][1f][1f]02[1f]DI Test/Card 02           [1f][1f][1f]0[1c][1f]0806184314[1f]20210806194704[1f]20210806184314[1c][1f][1f][1f][1f][1c][1c][1c]EDCTYPE=CREDIT[1f]CARDBIN=541333[1f]PROGRAMTYPE=0[1f]SN=53096522[1f]TC=204CE125F5C89B2A[1f]TVR=0800088000[1f]AID=A0000000041010[1f]TSI=E800[1f]APPPN=MasterCardCredit[1f]IAD=0110200003620000000000000000000000FF[1f]ARC=Z3[1f]CID=00[1f]CVM=6[03];
[2021-08-06 18:43:26.942]{}DEBUG:[TcpConnection.java-65 ] send [ 26 ] {TCP} :Send Message =[06]
[2021-08-06 18:43:27.312]{}ERROR:[AbstractPosLink.java-748 ] unpackTrans [ 26 ] {TCP} :Payment_CREDIT_SALE Fail!,ResultTxt =DECLINE
[2021-08-06 18:43:27.359]{}DEBUG:[AbstractPosLink.java-408 ] ProcessTrans [ 26 ] {} :ProcessTrans End...
[2021-08-06 18:45:28.633]{}DEBUG:[AbstractPosLink.java-309 ] ProcessTrans [ 23 ] {} :ProcessTrans Start...
[2021-08-06 18:45:28.664]{}DEBUG:[AbstractPosLink.java-340 ] ProcessTrans [ 23 ] {} :SDK VERSION:V1.07.00_20210409; Timeout:-1
[2021-08-06 18:45:28.696]{}DEBUG:[TcpConnection.java-36 ] connect [ 23 ] {TCP} :ip:192.168.1.6 port:10008
[2021-08-06 18:45:28.727]{}DEBUG:[TcpConnection.java-65 ] send [ 23 ] {TCP} :Send Message =[02]T00[1c]1.54[1c]01[1c]137[1c][1c]0806184527[1f]20210806184527[1f][1f]4843[1f][1f]0806184527[1f]4843[1c][1c][1c][1f][1f][1f][1f][1f][1f][1f][1f][1f][1f][1f][1f][1f][1f][1f][1c][1c]TIPREQ=1[1c][1c]0[1c][03]K
[2021-08-06 18:45:28.881]{}DEBUG:[ProcessSocket.java-460 ] recvAck [ 23 ] {TCP} :Receive Message =[06]
[2021-08-06 18:45:50.235]{}DEBUG:[ProcessSocket.java-548 ] SocketRecv [ 23 ] {TCP} :Receive Message =[02]0[1c]T01[1c]1.44[1c]000000[1c]OK[1c]00[1f]Success[1f]VTLMC1[1f]121901501472[1f][1f]18[1f]1212MCC111026**[1f][1f][1c]01[1c]137[1f]0[1f]0[1f]0[1f]0[1f]0[1f][1f][1c]4111[1f]4[1f]1225[1f][1f][1f][1f]02[1f]DI Test/Card 02           [1f][1f][1f]0[1c]13[1f]0806184527[1f]20210806194926[1f]20210806184527[1c][1f][1f][1f][1f][1c][1c][1c]EDCTYPE=CREDIT[1f]CARDBIN=541333[1f]HRef=11277759[1f]PROGRAMTYPE=0[1f]SN=53096522[1f]PINSTATUSNUM=0[1f]GLOBALUID=53096522202108061949264822[1f]ARQC=D1E3380EDF9FFF51[1f]TVR=0800088000[1f]AID=A0000000041010[1f]TSI=E800[1f]ATC=0428[1f]APPLAB=MasterCard[1f]APPPN=MasterCardCredit[1f]IAD=0110200003620000000000000000000000FF[1f]ARC=Z3[1f]CID=00[1f]CVM=6[03]-
[2021-08-06 18:45:50.251]{}DEBUG:[TcpConnection.java-65 ] send [ 23 ] {TCP} :Send Message =[06]
[2021-08-06 18:45:50.632]{}DEBUG:[AbstractPosLink.java-746 ] unpackTrans [ 23 ] {TCP} :Payment_CREDIT_SALE Success!
[2021-08-06 18:45:50.672]{}DEBUG:[AbstractPosLink.java-408 ] ProcessTrans [ 23 ] {} :ProcessTrans End...
[2021-08-06 18:48:49.698]{}DEBUG:[AbstractPosLink.java-309 ] ProcessTrans [ 34 ] {} :ProcessTrans Start...
[2021-08-06 18:48:49.714]{}DEBUG:[AbstractPosLink.java-340 ] ProcessTrans [ 34 ] {} :SDK VERSION:V1.07.00_20210409; Timeout:-1
[2021-08-06 18:48:49.714]{}DEBUG:[TcpConnection.java-36 ] connect [ 34 ] {TCP} :ip:192.168.1.6 port:10008
[2021-08-06 18:48:49.729]{}DEBUG:[TcpConnection.java-65 ] send [ 34 ] {TCP} :Send Message =[02]T00[1c]1.54[1c]01[1c]273[1c][1c]0806184848[1f]20210806184848[1f][1f]4844[1f][1f]0806184848[1f]4844[1c][1c][1c][1f][1f][1f][1f][1f][1f][1f][1f][1f][1f][1f][1f][1f][1f][1f][1c][1c]TIPREQ=1[1c][1c]0[1c][03]L
[2021-08-06 18:48:49.883]{}DEBUG:[ProcessSocket.java-460 ] recvAck [ 34 ] {TCP} :Receive Message =[06]
[2021-08-06 18:49:09.379]{}DEBUG:[ProcessSocket.java-548 ] SocketRecv [ 34 ] {TCP} :Receive Message =[02]0[1c]T01[1c]1.44[1c]000000[1c]OK[1c]00[1f]Success[1f]VTLMC1[1f]121901501513[1f][1f]18[1f]1212MCC111032**[1f][1f][1c]01[1c]273[1f]0[1f]0[1f]0[1f]0[1f]0[1f][1f][1c]4111[1f]4[1f]1225[1f][1f][1f][1f]02[1f]DI Test/Card 02           [1f][1f][1f]0[1c]14[1f]0806184848[1f]20210806195246[1f]20210806184848[1c][1f][1f][1f][1f][1c][1c][1c]EDCTYPE=CREDIT[1f]CARDBIN=541333[1f]HRef=11277781[1f]PROGRAMTYPE=0[1f]SN=53096522[1f]PINSTATUSNUM=0[1f]GLOBALUID=53096522202108061952467776[1f]ARQC=2686FE5F807BD4E9[1f]TVR=0800088000[1f]AID=A0000000041010[1f]TSI=E800[1f]ATC=0429[1f]APPLAB=MasterCard[1f]APPPN=MasterCardCredit[1f]IAD=0110200003620000000000000000000000FF[1f]ARC=Z3[1f]CID=00[1f]CVM=6[03],
[2021-08-06 18:49:09.379]{}DEBUG:[TcpConnection.java-65 ] send [ 34 ] {TCP} :Send Message =[06]
[2021-08-06 18:49:09.448]{}DEBUG:[AbstractPosLink.java-746 ] unpackTrans [ 34 ] {TCP} :Payment_CREDIT_SALE Success!
[2021-08-06 18:49:09.448]{}DEBUG:[AbstractPosLink.java-408 ] ProcessTrans [ 34 ] {} :ProcessTrans End...
