[2021-08-03 16:14:49.277]{}DEBUG:[AbstractPosLink.java-309 ] ProcessTrans [ 25 ] {} :ProcessTrans Start...
[2021-08-03 16:14:49.299]{}DEBUG:[AbstractPosLink.java-340 ] ProcessTrans [ 25 ] {} :SDK VERSION:V1.07.00_20210409; Timeout:-1
[2021-08-03 16:14:49.314]{}DEBUG:[TcpConnection.java-36 ] connect [ 25 ] {TCP} :ip:192.168.1.6 port:10008
[2021-08-03 16:14:49.314]{}DEBUG:[TcpConnection.java-65 ] send [ 25 ] {TCP} :Send Message =[02]T00[1c]1.54[1c]01[1c]698[1f]0[1f][1f][1f]0[1c][1c]4635[1f]4635[1c][1c][1c][1f][1f][1f][1f][1f][1f][1f][1f][1f][1f][1f][1f][1f][1f][1f][1c][1c]TIPREQ=1[1c][1c]0[1c][03]T
[2021-08-03 16:14:49.477]{}DEBUG:[ProcessSocket.java-460 ] recvAck [ 25 ] {TCP} :Receive Message =[06]
[2021-08-03 16:15:20.271]{}DEBUG:[ProcessSocket.java-548 ] SocketRecv [ 25 ] {TCP} :Receive Message =[02]0[1c]T01[1c]1.44[1c]100001[1c]TIMEOUT[03]"
[2021-08-03 16:15:20.287]{}DEBUG:[TcpConnection.java-65 ] send [ 25 ] {TCP} :Send Message =[06]
[2021-08-03 16:15:20.541]{}ERROR:[AbstractPosLink.java-748 ] unpackTrans [ 25 ] {TCP} :Payment_CREDIT_SALE Fail!,ResultTxt =TIMEOUT
[2021-08-03 16:15:20.556]{}DEBUG:[AbstractPosLink.java-408 ] ProcessTrans [ 25 ] {} :ProcessTrans End...
[2021-08-03 16:15:35.837]{}DEBUG:[AbstractPosLink.java-309 ] ProcessTrans [ 30 ] {} :ProcessTrans Start...
[2021-08-03 16:15:35.852]{}DEBUG:[AbstractPosLink.java-340 ] ProcessTrans [ 30 ] {} :SDK VERSION:V1.07.00_20210409; Timeout:-1
[2021-08-03 16:15:35.852]{}DEBUG:[TcpConnection.java-36 ] connect [ 30 ] {TCP} :ip:192.168.1.6 port:10008
[2021-08-03 16:15:35.868]{}DEBUG:[TcpConnection.java-65 ] send [ 30 ] {TCP} :Send Message =[02]T00[1c]1.54[1c]01[1c]698[1f]0[1f][1f][1f]0[1c][1c]4635[1f]4635[1c][1c][1c][1f][1f][1f][1f][1f][1f][1f][1f][1f][1f][1f][1f][1f][1f][1f][1c][1c]TIPREQ=1[1c][1c]0[1c][03]T
[2021-08-03 16:15:36.022]{}DEBUG:[ProcessSocket.java-460 ] recvAck [ 30 ] {TCP} :Receive Message =[06]
[2021-08-03 16:15:55.921]{}DEBUG:[ProcessSocket.java-548 ] SocketRecv [ 30 ] {TCP} :Receive Message =[02]0[1c]T01[1c]1.44[1c]000000[1c]OK[1c]00[1f]Success[1f]TAS676[1f]121523500244[1f][1f]15[1f]000000000735726[1f][1f][1c]01[1c]698[1f]0[1f]0[1f]0[1f]0[1f]0[1f][1f][1c]0119[1f]4[1f]1222[1f][1f][1f][1f]01[1f]DI Test/Card 01           [1f][1f][1f]0[1c]1[1f]4635[1f]20210803171917[1f]4635[1c][1f][1f][1f][1f][1c][1c][1c]EDCTYPE=CREDIT[1f]CARDBIN=476173[1f]HRef=11187599[1f]PROGRAMTYPE=0[1f]SN=53096522[1f]GLOBALUID=53096522202108031719178181[1f]ARQC=F1C3E4F3A773B9CC[1f]TVR=8080008000[1f]AID=A0000000031010[1f]TSI=6800[1f]ATC=06E5[1f]APPLAB=Visa Credit[1f]APPPN=Visa Credit[1f]IAD=06010A0321A000[1f]ARC=Z3[1f]CID=00[1f]CVM=6[03]H
[2021-08-03 16:15:55.921]{}DEBUG:[TcpConnection.java-65 ] send [ 30 ] {TCP} :Send Message =[06]
[2021-08-03 16:15:56.021]{}DEBUG:[AbstractPosLink.java-746 ] unpackTrans [ 30 ] {TCP} :Payment_CREDIT_SALE Success!
[2021-08-03 16:15:56.021]{}DEBUG:[AbstractPosLink.java-408 ] ProcessTrans [ 30 ] {} :ProcessTrans End...
[2021-08-03 16:17:31.191]{}DEBUG:[AbstractPosLink.java-309 ] ProcessTrans [ 37 ] {} :ProcessTrans Start...
[2021-08-03 16:17:31.207]{}DEBUG:[AbstractPosLink.java-340 ] ProcessTrans [ 37 ] {} :SDK VERSION:V1.07.00_20210409; Timeout:-1
[2021-08-03 16:17:31.222]{}DEBUG:[TcpConnection.java-36 ] connect [ 37 ] {TCP} :ip:192.168.1.6 port:10008
[2021-08-03 16:17:31.229]{}DEBUG:[TcpConnection.java-65 ] send [ 37 ] {TCP} :Send Message =[02]T00[1c]1.54[1c]01[1c]167[1f]0[1f][1f][1f]0[1c][1c]4638[1f]4638[1c][1c][1c][1f][1f][1f][1f][1f][1f][1f][1f][1f][1f][1f][1f][1f][1f][1f][1c][1c]TIPREQ=1[1c][1c]0[1c][03]S
[2021-08-03 16:17:31.360]{}DEBUG:[ProcessSocket.java-460 ] recvAck [ 37 ] {TCP} :Receive Message =[06]
[2021-08-03 16:17:45.043]{}DEBUG:[ProcessSocket.java-548 ] SocketRecv [ 37 ] {TCP} :Receive Message =[02]0[1c]T01[1c]1.44[1c]000000[1c]OK[1c]00[1f]Success[1f]TAS685[1f]121523500256[1f][1f]15[1f]000000000735746[1f][1f][1c]01[1c]167[1f]0[1f]0[1f]0[1f]0[1f]0[1f][1f][1c]0119[1f]4[1f]1222[1f][1f][1f][1f]01[1f]DI Test/Card 01           [1f][1f][1f]0[1c]2[1f]4638[1f]20210803172107[1f]4638[1c][1f][1f][1f][1f][1c][1c][1c]EDCTYPE=CREDIT[1f]CARDBIN=476173[1f]HRef=11187609[1f]PROGRAMTYPE=0[1f]SN=53096522[1f]GLOBALUID=53096522202108031721076304[1f]ARQC=97154D465323EFB4[1f]TVR=8080008000[1f]AID=A0000000031010[1f]TSI=6800[1f]ATC=06E6[1f]APPLAB=Visa Credit[1f]APPPN=Visa Credit[1f]IAD=06010A0321A000[1f]ARC=Z3[1f]CID=00[1f]CVM=6[03]M
[2021-08-03 16:17:45.065]{}DEBUG:[TcpConnection.java-65 ] send [ 37 ] {TCP} :Send Message =[06]
[2021-08-03 16:17:45.143]{}DEBUG:[AbstractPosLink.java-746 ] unpackTrans [ 37 ] {TCP} :Payment_CREDIT_SALE Success!
[2021-08-03 16:17:45.165]{}DEBUG:[AbstractPosLink.java-408 ] ProcessTrans [ 37 ] {} :ProcessTrans End...
[2021-08-03 16:18:38.625]{}DEBUG:[AbstractPosLink.java-309 ] ProcessTrans [ 47 ] {} :ProcessTrans Start...
[2021-08-03 16:18:38.640]{}DEBUG:[AbstractPosLink.java-340 ] ProcessTrans [ 47 ] {} :SDK VERSION:V1.07.00_20210409; Timeout:-1
[2021-08-03 16:18:38.647]{}DEBUG:[TcpConnection.java-36 ] connect [ 47 ] {TCP} :ip:192.168.1.6 port:10008
[2021-08-03 16:18:38.663]{}DEBUG:[TcpConnection.java-65 ] send [ 47 ] {TCP} :Send Message =[02]T00[1c]1.54[1c]01[1c]150[1f]0[1f][1f][1f]0[1c][1c]4639[1f]4639[1c][1c][1c][1f][1f][1f][1f][1f][1f][1f][1f][1f][1f][1f][1f][1f][1f][1f][1c][1c]TIPREQ=1[1c][1c]0[1c][03]W
[2021-08-03 16:18:38.794]{}DEBUG:[ProcessSocket.java-460 ] recvAck [ 47 ] {TCP} :Receive Message =[06]
[2021-08-03 16:18:52.098]{}DEBUG:[ProcessSocket.java-548 ] SocketRecv [ 47 ] {TCP} :Receive Message =[02]0[1c]T01[1c]1.44[1c]000000[1c]OK[1c]00[1f]Success[1f]TAS691[1f]121523500271[1f][1f]15[1f]000000000735761[1f][1f][1c]01[1c]150[1f]0[1f]0[1f]0[1f]0[1f]0[1f][1f][1c]0119[1f]4[1f]1222[1f][1f][1f][1f]01[1f]DI Test/Card 01           [1f][1f][1f]0[1c]3[1f]4639[1f]20210803172215[1f]4639[1c][1f][1f][1f][1f][1c][1c][1c]EDCTYPE=CREDIT[1f]CARDBIN=476173[1f]HRef=11187623[1f]PROGRAMTYPE=0[1f]SN=53096522[1f]GLOBALUID=53096522202108031722152157[1f]ARQC=F45A7CE436EC019C[1f]TVR=8080008000[1f]AID=A0000000031010[1f]TSI=6800[1f]ATC=06E7[1f]APPLAB=Visa Credit[1f]APPPN=Visa Credit[1f]IAD=06010A0321A000[1f]ARC=Z3[1f]CID=00[1f]CVM=6[03]5
[2021-08-03 16:18:52.129]{}DEBUG:[TcpConnection.java-65 ] send [ 47 ] {TCP} :Send Message =[06]
[2021-08-03 16:18:52.198]{}DEBUG:[AbstractPosLink.java-746 ] unpackTrans [ 47 ] {TCP} :Payment_CREDIT_SALE Success!
[2021-08-03 16:18:52.213]{}DEBUG:[AbstractPosLink.java-408 ] ProcessTrans [ 47 ] {} :ProcessTrans End...
[2021-08-03 16:19:41.806]{}DEBUG:[AbstractPosLink.java-309 ] ProcessTrans [ 57 ] {} :ProcessTrans Start...
[2021-08-03 16:19:41.837]{}DEBUG:[AbstractPosLink.java-340 ] ProcessTrans [ 57 ] {} :SDK VERSION:V1.07.00_20210409; Timeout:-1
[2021-08-03 16:19:41.843]{}DEBUG:[TcpConnection.java-36 ] connect [ 57 ] {TCP} :ip:192.168.1.6 port:10008
[2021-08-03 16:19:41.859]{}DEBUG:[TcpConnection.java-65 ] send [ 57 ] {TCP} :Send Message =[02]T00[1c]1.54[1c]01[1c]50[1f]0[1f][1f][1f]0[1c][1c]4640[1f]4640[1c][1c][1c][1f][1f][1f][1f][1f][1f][1f][1f][1f][1f][1f][1f][1f][1f][1f][1c][1c]TIPREQ=1[1c][1c]0[1c][03]f
[2021-08-03 16:19:41.991]{}DEBUG:[ProcessSocket.java-460 ] recvAck [ 57 ] {TCP} :Receive Message =[06]
[2021-08-03 16:19:57.077]{}DEBUG:[ProcessSocket.java-548 ] SocketRecv [ 57 ] {TCP} :Receive Message =[02]0[1c]T01[1c]1.44[1c]000000[1c]OK[1c]00[1f]Success[1f]TAS696[1f]121523500287[1f][1f]15[1f]000000000735769[1f][1f][1c]01[1c]50[1f]0[1f]0[1f]0[1f]0[1f]0[1f][1f][1c]0119[1f]4[1f]1222[1f][1f][1f][1f]01[1f]DI Test/Card 01           [1f][1f][1f]0[1c]4[1f]4640[1f]20210803172318[1f]4640[1c][1f][1f][1f][1f][1c][1c][1c]EDCTYPE=CREDIT[1f]CARDBIN=476173[1f]HRef=11187627[1f]PROGRAMTYPE=0[1f]SN=53096522[1f]GLOBALUID=53096522202108031723180705[1f]ARQC=A404F6B830BDFA67[1f]TVR=8080008000[1f]AID=A0000000031010[1f]TSI=6800[1f]ATC=06E8[1f]APPLAB=Visa Credit[1f]APPPN=Visa Credit[1f]IAD=06010A0321A000[1f]ARC=Z3[1f]CID=00[1f]CVM=6[03][0e]
[2021-08-03 16:19:57.099]{}DEBUG:[TcpConnection.java-65 ] send [ 57 ] {TCP} :Send Message =[06]
[2021-08-03 16:19:57.161]{}DEBUG:[AbstractPosLink.java-746 ] unpackTrans [ 57 ] {TCP} :Payment_CREDIT_SALE Success!
[2021-08-03 16:19:57.199]{}DEBUG:[AbstractPosLink.java-408 ] ProcessTrans [ 57 ] {} :ProcessTrans End...
[2021-08-03 16:31:04.838]{}DEBUG:[AbstractPosLink.java-309 ] ProcessTrans [ 66 ] {} :ProcessTrans Start...
[2021-08-03 16:31:04.853]{}DEBUG:[AbstractPosLink.java-340 ] ProcessTrans [ 66 ] {} :SDK VERSION:V1.07.00_20210409; Timeout:-1
[2021-08-03 16:31:04.869]{}DEBUG:[TcpConnection.java-36 ] connect [ 66 ] {TCP} :ip:192.168.1.6 port:10008
[2021-08-03 16:31:04.884]{}DEBUG:[TcpConnection.java-65 ] send [ 66 ] {TCP} :Send Message =[02]T00[1c]1.54[1c]01[1c]1000[1f]0[1f][1f][1f]0[1c][1c]4641[1f]4641[1c][1c][1c][1f][1f][1f][1f][1f][1f][1f][1f][1f][1f][1f][1f][1f][1f][1f][1c][1c]TIPREQ=1[1c][1c]0[1c][03]b
[2021-08-03 16:31:05.016]{}DEBUG:[ProcessSocket.java-460 ] recvAck [ 66 ] {TCP} :Receive Message =[06]
[2021-08-03 16:31:19.508]{}DEBUG:[ProcessSocket.java-548 ] SocketRecv [ 66 ] {TCP} :Receive Message =[02]0[1c]T01[1c]1.44[1c]000000[1c]OK[1c]00[1f]Success[1f]TAS744[1f]121523500460[1f][1f]15[1f]000000000735918[1f][1f][1c]01[1c]1000[1f]0[1f]0[1f]0[1f]0[1f]0[1f][1f][1c]0119[1f]4[1f]1222[1f][1f][1f][1f]01[1f]DI Test/Card 01           [1f][1f][1f]0[1c]5[1f]4641[1f]20210803173441[1f]4641[1c][1f][1f][1f][1f][1c][1c][1c]EDCTYPE=CREDIT[1f]CARDBIN=476173[1f]HRef=11187715[1f]PROGRAMTYPE=0[1f]SN=53096522[1f]GLOBALUID=53096522202108031734414357[1f]ARQC=9470F22AEF7C8580[1f]TVR=8080008000[1f]AID=A0000000031010[1f]TSI=6800[1f]ATC=06E9[1f]APPLAB=Visa Credit[1f]APPPN=Visa Credit[1f]IAD=06010A0321A000[1f]ARC=Z3[1f]CID=00[1f]CVM=6[03][03]
[2021-08-03 16:31:19.524]{}DEBUG:[TcpConnection.java-65 ] send [ 66 ] {TCP} :Send Message =[06]
[2021-08-03 16:31:19.609]{}DEBUG:[AbstractPosLink.java-746 ] unpackTrans [ 66 ] {TCP} :Payment_CREDIT_SALE Success!
[2021-08-03 16:31:19.640]{}DEBUG:[AbstractPosLink.java-408 ] ProcessTrans [ 66 ] {} :ProcessTrans End...
[2021-08-03 16:34:36.921]{}DEBUG:[AbstractPosLink.java-309 ] ProcessTrans [ 78 ] {} :ProcessTrans Start...
[2021-08-03 16:34:36.943]{}DEBUG:[AbstractPosLink.java-340 ] ProcessTrans [ 78 ] {} :SDK VERSION:V1.07.00_20210409; Timeout:-1
[2021-08-03 16:34:36.959]{}DEBUG:[TcpConnection.java-36 ] connect [ 78 ] {TCP} :ip:192.168.1.6 port:10008
[2021-08-03 16:34:36.974]{}DEBUG:[TcpConnection.java-65 ] send [ 78 ] {TCP} :Send Message =[02]T00[1c]1.54[1c]01[1c]200[1f]0[1f][1f][1f]0[1c][1c]4646[1f]4646[1c][1c][1c][1f][1f][1f][1f][1f][1f][1f][1f][1f][1f][1f][1f][1f][1f][1f][1c][1c]TIPREQ=1[1c][1c]0[1c][03]Q
[2021-08-03 16:34:37.121]{}DEBUG:[ProcessSocket.java-460 ] recvAck [ 78 ] {TCP} :Receive Message =[06]
[2021-08-03 16:34:50.595]{}DEBUG:[ProcessSocket.java-548 ] SocketRecv [ 78 ] {TCP} :Receive Message =[02]0[1c]T01[1c]1.44[1c]000000[1c]OK[1c]00[1f]Success[1f]TAS773[1f]121523500513[1f][1f]15[1f]000000000735966[1f][1f][1c]01[1c]200[1f]0[1f]0[1f]0[1f]0[1f]0[1f][1f][1c]0119[1f]4[1f]1222[1f][1f][1f][1f]01[1f]DI Test/Card 01           [1f][1f][1f]0[1c]6[1f]4646[1f]20210803173813[1f]4646[1c][1f][1f][1f][1f][1c][1c][1c]EDCTYPE=CREDIT[1f]CARDBIN=476173[1f]HRef=11187755[1f]PROGRAMTYPE=0[1f]SN=53096522[1f]GLOBALUID=53096522202108031738130374[1f]ARQC=FEF034B3D6A13020[1f]TVR=8080008000[1f]AID=A0000000031010[1f]TSI=6800[1f]ATC=06EA[1f]APPLAB=Visa Credit[1f]APPPN=Visa Credit[1f]IAD=06010A0321A000[1f]ARC=Z3[1f]CID=00[1f]CVM=6[03]=
[2021-08-03 16:34:50.595]{}DEBUG:[TcpConnection.java-65 ] send [ 78 ] {TCP} :Send Message =[06]
[2021-08-03 16:34:50.673]{}DEBUG:[AbstractPosLink.java-746 ] unpackTrans [ 78 ] {TCP} :Payment_CREDIT_SALE Success!
[2021-08-03 16:34:50.679]{}DEBUG:[AbstractPosLink.java-408 ] ProcessTrans [ 78 ] {} :ProcessTrans End...
[2021-08-03 16:35:55.058]{}DEBUG:[AbstractPosLink.java-309 ] ProcessTrans [ 90 ] {} :ProcessTrans Start...
[2021-08-03 16:35:55.096]{}DEBUG:[AbstractPosLink.java-340 ] ProcessTrans [ 90 ] {} :SDK VERSION:V1.07.00_20210409; Timeout:-1
[2021-08-03 16:35:55.112]{}DEBUG:[TcpConnection.java-36 ] connect [ 90 ] {TCP} :ip:192.168.1.6 port:10008
[2021-08-03 16:35:55.127]{}DEBUG:[TcpConnection.java-65 ] send [ 90 ] {TCP} :Send Message =[02]T00[1c]1.54[1c]01[1c]500[1f]0[1f][1f][1f]0[1c][1c]4646[1f]4646[1c][1c][1c][1f][1f][1f][1f][1f][1f][1f][1f][1f][1f][1f][1f][1f][1f][1f][1c][1c]TIPREQ=1[1c][1c]0[1c][03]V
[2021-08-03 16:35:55.259]{}DEBUG:[ProcessSocket.java-460 ] recvAck [ 90 ] {TCP} :Receive Message =[06]
[2021-08-03 16:36:14.346]{}DEBUG:[ProcessSocket.java-548 ] SocketRecv [ 90 ] {TCP} :Receive Message =[02]0[1c]T01[1c]1.44[1c]000000[1c]OK[1c]00[1f]Success[1f]TAS789[1f]121523500546[1f][1f]15[1f]000000000736002[1f][1f][1c]01[1c]500[1f]0[1f]0[1f]0[1f]0[1f]0[1f][1f][1c]0119[1f]4[1f]1222[1f][1f][1f][1f]01[1f]DI Test/Card 01           [1f][1f][1f]0[1c]7[1f]4646[1f]20210803173933[1f]4646[1c][1f][1f][1f][1f][1c][1c][1c]EDCTYPE=CREDIT[1f]CARDBIN=476173[1f]HRef=11187773[1f]PROGRAMTYPE=0[1f]SN=53096522[1f]GLOBALUID=53096522202108031739330986[1f]ARQC=6D76E57AB2C8F916[1f]TVR=8080008000[1f]AID=A0000000031010[1f]TSI=6800[1f]ATC=06EB[1f]APPLAB=Visa Credit[1f]APPPN=Visa Credit[1f]IAD=06010A0321A000[1f]ARC=Z3[1f]CID=00[1f]CVM=6[03]0
[2021-08-03 16:36:14.362]{}DEBUG:[TcpConnection.java-65 ] send [ 90 ] {TCP} :Send Message =[06]
[2021-08-03 16:36:14.446]{}DEBUG:[AbstractPosLink.java-746 ] unpackTrans [ 90 ] {TCP} :Payment_CREDIT_SALE Success!
[2021-08-03 16:36:14.477]{}DEBUG:[AbstractPosLink.java-408 ] ProcessTrans [ 90 ] {} :ProcessTrans End...
[2021-08-03 16:37:27.855]{}DEBUG:[AbstractPosLink.java-309 ] ProcessTrans [ 102 ] {} :ProcessTrans Start...
[2021-08-03 16:37:27.886]{}DEBUG:[AbstractPosLink.java-340 ] ProcessTrans [ 102 ] {} :SDK VERSION:V1.07.00_20210409; Timeout:-1
[2021-08-03 16:37:27.902]{}DEBUG:[TcpConnection.java-36 ] connect [ 102 ] {TCP} :ip:192.168.1.6 port:10008
[2021-08-03 16:37:27.902]{}DEBUG:[TcpConnection.java-65 ] send [ 102 ] {TCP} :Send Message =[02]T00[1c]1.54[1c]01[1c]900[1f]0[1f][1f][1f]0[1c][1c]4646[1f]4646[1c][1c][1c][1f][1f][1f][1f][1f][1f][1f][1f][1f][1f][1f][1f][1f][1f][1f][1c][1c]TIPREQ=1[1c][1c]0[1c][03]Z
[2021-08-03 16:37:28.071]{}DEBUG:[ProcessSocket.java-460 ] recvAck [ 102 ] {TCP} :Receive Message =[06]
[2021-08-03 16:37:41.537]{}DEBUG:[ProcessSocket.java-548 ] SocketRecv [ 102 ] {TCP} :Receive Message =[02]0[1c]T01[1c]1.44[1c]000000[1c]OK[1c]00[1f]Success[1f]TAS803[1f]121523500566[1f][1f]15[1f]000000000736021[1f][1f][1c]01[1c]900[1f]0[1f]0[1f]0[1f]0[1f]0[1f][1f][1c]0119[1f]4[1f]1222[1f][1f][1f][1f]01[1f]DI Test/Card 01           [1f][1f][1f]0[1c]8[1f]4646[1f]20210803174104[1f]4646[1c][1f][1f][1f][1f][1c][1c][1c]EDCTYPE=CREDIT[1f]CARDBIN=476173[1f]HRef=11187783[1f]PROGRAMTYPE=0[1f]SN=53096522[1f]GLOBALUID=53096522202108031741040201[1f]ARQC=BE0D0FD3EB84514E[1f]TVR=8080008000[1f]AID=A0000000031010[1f]TSI=6800[1f]ATC=06EC[1f]APPLAB=Visa Credit[1f]APPPN=Visa Credit[1f]IAD=06010A0321A000[1f]ARC=Z3[1f]CID=00[1f]CVM=6[03]=
[2021-08-03 16:37:41.560]{}DEBUG:[TcpConnection.java-65 ] send [ 102 ] {TCP} :Send Message =[06]
[2021-08-03 16:37:41.638]{}DEBUG:[AbstractPosLink.java-746 ] unpackTrans [ 102 ] {TCP} :Payment_CREDIT_SALE Success!
[2021-08-03 16:37:41.660]{}DEBUG:[AbstractPosLink.java-408 ] ProcessTrans [ 102 ] {} :ProcessTrans End...
[2021-08-03 16:39:27.730]{}DEBUG:[AbstractPosLink.java-309 ] ProcessTrans [ 115 ] {} :ProcessTrans Start...
[2021-08-03 16:39:27.746]{}DEBUG:[AbstractPosLink.java-340 ] ProcessTrans [ 115 ] {} :SDK VERSION:V1.07.00_20210409; Timeout:-1
[2021-08-03 16:39:27.746]{}DEBUG:[TcpConnection.java-36 ] connect [ 115 ] {TCP} :ip:192.168.1.6 port:10008
[2021-08-03 16:39:27.762]{}DEBUG:[TcpConnection.java-65 ] send [ 115 ] {TCP} :Send Message =[02]T00[1c]1.54[1c]01[1c]500[1f]0[1f][1f][1f]0[1c][1c]4647[1f]4647[1c][1c][1c][1f][1f][1f][1f][1f][1f][1f][1f][1f][1f][1f][1f][1f][1f][1f][1c][1c]TIPREQ=1[1c][1c]0[1c][03]V
[2021-08-03 16:39:27.909]{}DEBUG:[ProcessSocket.java-460 ] recvAck [ 115 ] {TCP} :Receive Message =[06]
[2021-08-03 16:39:43.416]{}DEBUG:[ProcessSocket.java-548 ] SocketRecv [ 115 ] {TCP} :Receive Message =[02]0[1c]T01[1c]1.44[1c]000000[1c]OK[1c]00[1f]Success[1f]TAS812[1f]121523500582[1f][1f]15[1f]000000000736040[1f][1f][1c]01[1c]500[1f]0[1f]0[1f]0[1f]0[1f]0[1f][1f][1c]0119[1f]4[1f]1222[1f][1f][1f][1f]01[1f]DI Test/Card 01           [1f][1f][1f]0[1c]9[1f]4647[1f]20210803174305[1f]4647[1c][1f][1f][1f][1f][1c][1c][1c]EDCTYPE=CREDIT[1f]CARDBIN=476173[1f]HRef=11187797[1f]PROGRAMTYPE=0[1f]SN=53096522[1f]GLOBALUID=53096522202108031743050257[1f]ARQC=032BCBC2BE6C8937[1f]TVR=8080008000[1f]AID=A0000000031010[1f]TSI=6800[1f]ATC=06ED[1f]APPLAB=Visa Credit[1f]APPPN=Visa Credit[1f]IAD=06010A0321A000[1f]ARC=Z3[1f]CID=00[1f]CVM=6[03]D
[2021-08-03 16:39:43.416]{}DEBUG:[TcpConnection.java-65 ] send [ 115 ] {TCP} :Send Message =[06]
[2021-08-03 16:39:43.485]{}DEBUG:[AbstractPosLink.java-746 ] unpackTrans [ 115 ] {TCP} :Payment_CREDIT_SALE Success!
[2021-08-03 16:39:43.485]{}DEBUG:[AbstractPosLink.java-408 ] ProcessTrans [ 115 ] {} :ProcessTrans End...
[2021-08-03 16:40:15.849]{}DEBUG:[AbstractPosLink.java-309 ] ProcessTrans [ 124 ] {} :ProcessTrans Start...
[2021-08-03 16:40:15.864]{}DEBUG:[AbstractPosLink.java-340 ] ProcessTrans [ 124 ] {} :SDK VERSION:V1.07.00_20210409; Timeout:-1
[2021-08-03 16:40:15.864]{}DEBUG:[TcpConnection.java-36 ] connect [ 124 ] {TCP} :ip:192.168.1.6 port:10008
[2021-08-03 16:40:15.880]{}DEBUG:[TcpConnection.java-65 ] send [ 124 ] {TCP} :Send Message =[02]T00[1c]1.54[1c]01[1c]278[1f]0[1f][1f][1f]0[1c][1c]4647[1f]4647[1c][1c][1c][1f][1f][1f][1f][1f][1f][1f][1f][1f][1f][1f][1f][1f][1f][1f][1c][1c]TIPREQ=1[1c][1c]0[1c][03]^
[2021-08-03 16:40:16.030]{}DEBUG:[ProcessSocket.java-460 ] recvAck [ 124 ] {TCP} :Receive Message =[06]
[2021-08-03 16:40:30.472]{}DEBUG:[ProcessSocket.java-548 ] SocketRecv [ 124 ] {TCP} :Receive Message =[02]0[1c]T01[1c]1.44[1c]000000[1c]OK[1c]00[1f]Success[1f]TAS816[1f]121523500607[1f][1f]15[1f]000000000736066[1f][1f][1c]01[1c]278[1f]0[1f]0[1f]0[1f]0[1f]0[1f][1f][1c]0119[1f]4[1f]1222[1f][1f][1f][1f]01[1f]DI Test/Card 01           [1f][1f][1f]0[1c]10[1f]4647[1f]20210803174352[1f]4647[1c][1f][1f][1f][1f][1c][1c][1c]EDCTYPE=CREDIT[1f]CARDBIN=476173[1f]HRef=11187809[1f]PROGRAMTYPE=0[1f]SN=53096522[1f]GLOBALUID=53096522202108031743522414[1f]ARQC=8F3C653CB90A1219[1f]TVR=8080008000[1f]AID=A0000000031010[1f]TSI=6800[1f]ATC=06EE[1f]APPLAB=Visa Credit[1f]APPPN=Visa Credit[1f]IAD=06010A0321A000[1f]ARC=Z3[1f]CID=00[1f]CVM=6[03]x
[2021-08-03 16:40:30.474]{}DEBUG:[TcpConnection.java-65 ] send [ 124 ] {TCP} :Send Message =[06]
[2021-08-03 16:40:30.555]{}DEBUG:[AbstractPosLink.java-746 ] unpackTrans [ 124 ] {TCP} :Payment_CREDIT_SALE Success!
[2021-08-03 16:40:30.565]{}DEBUG:[AbstractPosLink.java-408 ] ProcessTrans [ 124 ] {} :ProcessTrans End...
[2021-08-03 16:56:56.483]{}DEBUG:[AbstractPosLink.java-309 ] ProcessTrans [ 26 ] {} :ProcessTrans Start...
[2021-08-03 16:56:56.506]{}DEBUG:[AbstractPosLink.java-340 ] ProcessTrans [ 26 ] {} :SDK VERSION:V1.07.00_20210409; Timeout:-1
[2021-08-03 16:56:56.521]{}DEBUG:[TcpConnection.java-36 ] connect [ 26 ] {TCP} :ip:192.168.1.6 port:10008
[2021-08-03 16:56:56.537]{}DEBUG:[TcpConnection.java-65 ] send [ 26 ] {TCP} :Send Message =[02]T00[1c]1.54[1c]01[1c]1000[1f]0[1f][1f][1f]0[1c][1c]4652[1f]4652[1c][1c][1c][1f][1f][1f][1f][1f][1f][1f][1f][1f][1f][1f][1f][1f][1f][1f][1c][1c]TIPREQ=1[1c][1c]0[1c][03]b
[2021-08-03 16:56:56.684]{}DEBUG:[ProcessSocket.java-460 ] recvAck [ 26 ] {TCP} :Receive Message =[06]
[2021-08-03 16:57:18.409]{}DEBUG:[ProcessSocket.java-548 ] SocketRecv [ 26 ] {TCP} :Receive Message =[02]0[1c]T01[1c]1.44[1c]000000[1c]OK[1c]00[1f]Success[1f]TAS917[1f]121523500844[1f][1f]15[1f]000000000736311[1f][1f][1c]01[1c]1000[1f]0[1f]0[1f]0[1f]0[1f]0[1f][1f][1c]0119[1f]4[1f]1222[1f][1f][1f][1f]01[1f]DI Test/Card 01           [1f][1f][1f]0[1c]11[1f]4652[1f]20210803180040[1f]4652[1c][1f][1f][1f][1f][1c][1c][1c]EDCTYPE=CREDIT[1f]CARDBIN=476173[1f]HRef=11187907[1f]PROGRAMTYPE=0[1f]SN=53096522[1f]GLOBALUID=53096522202108031800404693[1f]ARQC=A3A6C792FD2A9572[1f]TVR=8080008000[1f]AID=A0000000031010[1f]TSI=6800[1f]ATC=06EF[1f]APPLAB=Visa Credit[1f]APPPN=Visa Credit[1f]IAD=06010A0321A000[1f]ARC=Z3[1f]CID=00[1f]CVM=6[03]6
[2021-08-03 16:57:18.409]{}DEBUG:[TcpConnection.java-65 ] send [ 26 ] {TCP} :Send Message =[06]
[2021-08-03 16:57:18.678]{}DEBUG:[AbstractPosLink.java-746 ] unpackTrans [ 26 ] {TCP} :Payment_CREDIT_SALE Success!
[2021-08-03 16:57:18.694]{}DEBUG:[AbstractPosLink.java-408 ] ProcessTrans [ 26 ] {} :ProcessTrans End...
[2021-08-03 16:58:00.871]{}DEBUG:[AbstractPosLink.java-309 ] ProcessTrans [ 32 ] {} :ProcessTrans Start...
[2021-08-03 16:58:00.886]{}DEBUG:[AbstractPosLink.java-340 ] ProcessTrans [ 32 ] {} :SDK VERSION:V1.07.00_20210409; Timeout:-1
[2021-08-03 16:58:00.902]{}DEBUG:[TcpConnection.java-36 ] connect [ 32 ] {TCP} :ip:192.168.1.6 port:10008
[2021-08-03 16:58:00.924]{}DEBUG:[TcpConnection.java-65 ] send [ 32 ] {TCP} :Send Message =[02]T00[1c]1.54[1c]01[1c]556[1f]0[1f][1f][1f]0[1c][1c]4652[1f]4652[1c][1c][1c][1f][1f][1f][1f][1f][1f][1f][1f][1f][1f][1f][1f][1f][1f][1f][1c][1c]TIPREQ=1[1c][1c]0[1c][03]U
[2021-08-03 16:58:01.055]{}DEBUG:[ProcessSocket.java-460 ] recvAck [ 32 ] {TCP} :Receive Message =[06]
[2021-08-03 16:58:19.149]{}DEBUG:[ProcessSocket.java-548 ] SocketRecv [ 32 ] {TCP} :Receive Message =[02]0[1c]T01[1c]1.44[1c]000000[1c]OK[1c]00[1f]Success[1f]TAS931[1f]121523500862[1f][1f]15[1f]000000000736332[1f][1f][1c]01[1c]556[1f]0[1f]0[1f]0[1f]0[1f]0[1f][1f][1c]0119[1f]4[1f]1222[1f][1f][1f][1f]01[1f]DI Test/Card 01           [1f][1f][1f]0[1c]12[1f]4652[1f]20210803180138[1f]4652[1c][1f][1f][1f][1f][1c][1c][1c]EDCTYPE=CREDIT[1f]CARDBIN=476173[1f]HRef=11187915[1f]PROGRAMTYPE=0[1f]SN=53096522[1f]GLOBALUID=53096522202108031801380349[1f]ARQC=63C1C788CD2D562E[1f]TVR=8080008000[1f]AID=A0000000031010[1f]TSI=6800[1f]ATC=06F0[1f]APPLAB=Visa Credit[1f]APPPN=Visa Credit[1f]IAD=06010A0321A000[1f]ARC=Z3[1f]CID=00[1f]CVM=6[03]w
[2021-08-03 16:58:19.187]{}DEBUG:[TcpConnection.java-65 ] send [ 32 ] {TCP} :Send Message =[06]
[2021-08-03 16:58:19.249]{}DEBUG:[AbstractPosLink.java-746 ] unpackTrans [ 32 ] {TCP} :Payment_CREDIT_SALE Success!
[2021-08-03 16:58:19.249]{}DEBUG:[AbstractPosLink.java-408 ] ProcessTrans [ 32 ] {} :ProcessTrans End...
[2021-08-03 17:00:06.526]{}DEBUG:[AbstractPosLink.java-309 ] ProcessTrans [ 41 ] {} :ProcessTrans Start...
[2021-08-03 17:00:06.550]{}DEBUG:[AbstractPosLink.java-340 ] ProcessTrans [ 41 ] {} :SDK VERSION:V1.07.00_20210409; Timeout:-1
[2021-08-03 17:00:06.566]{}DEBUG:[TcpConnection.java-36 ] connect [ 41 ] {TCP} :ip:192.168.1.6 port:10008
[2021-08-03 17:00:06.581]{}DEBUG:[TcpConnection.java-65 ] send [ 41 ] {TCP} :Send Message =[02]T00[1c]1.54[1c]01[1c]556[1f]0[1f][1f][1f]0[1c][1c]4652[1f]4652[1c][1c][1c][1f][1f][1f][1f][1f][1f][1f][1f][1f][1f][1f][1f][1f][1f][1f][1c][1c]TIPREQ=1[1c][1c]0[1c][03]U
[2021-08-03 17:00:06.713]{}DEBUG:[ProcessSocket.java-460 ] recvAck [ 41 ] {TCP} :Receive Message =[06]
[2021-08-03 17:00:37.446]{}DEBUG:[ProcessSocket.java-548 ] SocketRecv [ 41 ] {TCP} :Receive Message =[02]0[1c]T01[1c]1.44[1c]100001[1c]TIMEOUT[03]"
[2021-08-03 17:00:37.462]{}DEBUG:[TcpConnection.java-65 ] send [ 41 ] {TCP} :Send Message =[06]
[2021-08-03 17:00:37.547]{}ERROR:[AbstractPosLink.java-748 ] unpackTrans [ 41 ] {TCP} :Payment_CREDIT_SALE Fail!,ResultTxt =TIMEOUT
[2021-08-03 17:00:37.562]{}DEBUG:[AbstractPosLink.java-408 ] ProcessTrans [ 41 ] {} :ProcessTrans End...
