[2021-11-05 10:21:52.681]{}DEBUG:[AbstractPosLink.java-309 ] ProcessTrans [ 19 ] {} :ProcessTrans Start...
[2021-11-05 10:21:52.696]{}DEBUG:[AbstractPosLink.java-340 ] ProcessTrans [ 19 ] {} :SDK VERSION:V1.07.00_20210409; Timeout:-1
[2021-11-05 10:21:52.711]{}DEBUG:[TcpConnection.java-36 ] connect [ 19 ] {TCP} :ip:192.168.1.27 port:10007
[2021-11-05 10:21:52.721]{}DEBUG:[TcpConnection.java-65 ] send [ 19 ] {TCP} :Send Message =[02]T00[1c]1.54[1c]01[1c]137[1c][1c]1105102152[1f]20211105102152[1f][1f]483[1f][1f]1105102152[1f]483[1c][1c][1c][1f][1f][1f][1f][1f][1f][1f][1f][1f][1f][1f][1f][1f][1f][1f][1c][1c]TIPREQ=1[1c][1c]0[1c][03]H
[2021-11-05 10:21:52.881]{}DEBUG:[ProcessSocket.java-460 ] recvAck [ 19 ] {TCP} :Receive Message =[06]
[2021-11-05 10:21:56.841]{}ERROR:[Thread.java--2 ] InterruptedException : sleep interrupted
[2021-11-05 10:22:01.335]{}DEBUG:[ProcessSocket.java-548 ] SocketRecv [ 19 ] {TCP} :Receive Message =[02]0[1c]T01[1c]1.44[1c]000100[1c]DECLINE[1c][1f]22-Chip Error[1f][1f][1f][1f][1f][1f][1f][1c]01[1c][1f][1f]0[1f]0[1f]0[1f]0[1f][1f][1c]4111[1f]4[1f]2512[1f][1f][1f][1f]02[1f]DI Test/Card 02           [1f][1f][1f][1c][1f]1105102152[1f][1f][1c][1f][1f][1f][1f][1c][1c][1c]EDCTYPE=CREDIT[1f]CARDBIN=541333[1f]PROGRAMTYPE=0[1f]SN=53096522[1f]TVR=0800088000[1f]AID=A0000000041010[1f]TSI=C800[1f]APPPN=MasterCardCredit[1f]ARC=Z1[1f]CVM=6[1f]TACDEFAULT=FC50BCA000[1f]TACDENIAL=0000000000[1f]TACONLINE=FC50BCF800[1f]IACDEFAULT=B8509C8000[1f]IACDENIAL=0000000000[1f]IACONLINE=B8709C9800[1f]AUC=FF00[03][1b]
[2021-11-05 10:22:01.343]{}DEBUG:[TcpConnection.java-65 ] send [ 19 ] {TCP} :Send Message =[06]
[2021-11-05 10:22:01.569]{}ERROR:[AbstractPosLink.java-748 ] unpackTrans [ 19 ] {TCP} :Payment_CREDIT_SALE Fail!,ResultTxt =DECLINE
[2021-11-05 10:22:01.575]{}DEBUG:[AbstractPosLink.java-408 ] ProcessTrans [ 19 ] {} :ProcessTrans End...
[2021-11-05 10:22:50.683]{}DEBUG:[AbstractPosLink.java-309 ] ProcessTrans [ 28 ] {} :ProcessTrans Start...
[2021-11-05 10:22:50.695]{}DEBUG:[AbstractPosLink.java-340 ] ProcessTrans [ 28 ] {} :SDK VERSION:V1.07.00_20210409; Timeout:-1
[2021-11-05 10:22:50.707]{}DEBUG:[TcpConnection.java-36 ] connect [ 28 ] {TCP} :ip:192.168.1.27 port:10007
[2021-11-05 10:22:50.720]{}DEBUG:[TcpConnection.java-65 ] send [ 28 ] {TCP} :Send Message =[02]T00[1c]1.54[1c]01[1c]246[1c][1c]1105102250[1f]20211105102250[1f][1f]485[1f][1f]1105102250[1f]485[1c][1c][1c][1f][1f][1f][1f][1f][1f][1f][1f][1f][1f][1f][1f][1f][1f][1f][1c][1c]TIPREQ=1[1c][1c]0[1c][03]L
[2021-11-05 10:22:50.867]{}DEBUG:[ProcessSocket.java-460 ] recvAck [ 28 ] {TCP} :Receive Message =[06]
[2021-11-05 10:23:01.265]{}DEBUG:[ProcessSocket.java-548 ] SocketRecv [ 28 ] {TCP} :Receive Message =[02]0[1c]T01[1c]1.44[1c]000100[1c]DECLINE[1c][1f]Processor Code is incorrect Error[1f][1f][1f][1f][1f][1f][1f][1c]01[1c][1f][1f]0[1f]0[1f]0[1f]0[1f][1f][1c]0119[1f]4[1f]1222[1f][1f][1f][1f]01[1f]VISA ACQUIRER TEST CARD 01[1f][1f][1f]0[1c][1f]1105102250[1f]20211105113133[1f]20211105102250[1c][1f][1f][1f][1f][1c][1c][1c]EDCTYPE=CREDIT[1f]CARDBIN=476173[1f]PROGRAMTYPE=0[1f]SN=53096522[1f]TC=45892AE96D065567[1f]TVR=4200008000[1f]AID=A0000000031010[1f]TSI=E800[1f]APPPN=CREDITO DE VISA[1f]IAD=06010A03600000[1f]ARC=Z3[1f]CID=00[1f]CVM=6[03]:
[2021-11-05 10:23:01.270]{}DEBUG:[TcpConnection.java-65 ] send [ 28 ] {TCP} :Send Message =[06]
[2021-11-05 10:23:01.351]{}ERROR:[AbstractPosLink.java-748 ] unpackTrans [ 28 ] {TCP} :Payment_CREDIT_SALE Fail!,ResultTxt =DECLINE
[2021-11-05 10:23:01.366]{}DEBUG:[AbstractPosLink.java-408 ] ProcessTrans [ 28 ] {} :ProcessTrans End...
[2021-11-05 10:23:20.809]{}DEBUG:[AbstractPosLink.java-309 ] ProcessTrans [ 28 ] {} :ProcessTrans Start...
[2021-11-05 10:23:20.826]{}DEBUG:[AbstractPosLink.java-340 ] ProcessTrans [ 28 ] {} :SDK VERSION:V1.07.00_20210409; Timeout:-1
[2021-11-05 10:23:20.840]{}DEBUG:[TcpConnection.java-36 ] connect [ 28 ] {TCP} :ip:192.168.1.27 port:10007
[2021-11-05 10:23:20.850]{}DEBUG:[TcpConnection.java-65 ] send [ 28 ] {TCP} :Send Message =[02]T00[1c]1.54[1c]01[1c]246[1c][1c]1105102320[1f]20211105102320[1f][1f]487[1f][1f]1105102320[1f]487[1c][1c][1c][1f][1f][1f][1f][1f][1f][1f][1f][1f][1f][1f][1f][1f][1f][1f][1c][1c]TIPREQ=1[1c][1c]0[1c][03]J
[2021-11-05 10:23:21.003]{}DEBUG:[ProcessSocket.java-460 ] recvAck [ 28 ] {TCP} :Receive Message =[06]
[2021-11-05 10:23:29.166]{}DEBUG:[ProcessSocket.java-548 ] SocketRecv [ 28 ] {TCP} :Receive Message =[02]0[1c]T01[1c]1.44[1c]000100[1c]DECLINE[1c][1f]11-Chip Reject[1f][1f][1f][1f][1f][1f][1f][1c]01[1c][1f][1f]0[1f]0[1f]0[1f]0[1f][1f][1c]0010[1f]4[1f]2512[1f][1f][1f][1f]02[1f]ETEC/PAYPASS[1f][1f][1f][1c][1f]1105102320[1f][1f][1c][1f][1f][1f][1f][1c][1c][1c]EDCTYPE=CREDIT[1f]CARDBIN=541333[1f]PROGRAMTYPE=0[1f]SN=53096522[1f]TC=DAE27170676A1D3C[1f]TVR=0400088000[1f]AID=A0000000041010[1f]TSI=E800[1f]IAD=0110600000000000000000000000000000FF0000000000000000000000000000[1f]ARC=Z1[1f]CID=00[1f]CVM=6[1f]TACDEFAULT=FC50BCA000[1f]TACDENIAL=0000000000[1f]TACONLINE=FC50BCF800[1f]IACDEFAULT=0000000000[1f]IACDENIAL=0000000000[1f]IACONLINE=0000000000[1f]AUC=FF00[03]d
[2021-11-05 10:23:29.179]{}DEBUG:[TcpConnection.java-65 ] send [ 28 ] {TCP} :Send Message =[06]
[2021-11-05 10:23:29.268]{}ERROR:[AbstractPosLink.java-748 ] unpackTrans [ 28 ] {TCP} :Payment_CREDIT_SALE Fail!,ResultTxt =DECLINE
[2021-11-05 10:23:29.275]{}DEBUG:[AbstractPosLink.java-408 ] ProcessTrans [ 28 ] {} :ProcessTrans End...
[2021-11-05 10:23:40.941]{}DEBUG:[AbstractPosLink.java-309 ] ProcessTrans [ 19 ] {} :ProcessTrans Start...
[2021-11-05 10:23:40.957]{}DEBUG:[AbstractPosLink.java-340 ] ProcessTrans [ 19 ] {} :SDK VERSION:V1.07.00_20210409; Timeout:-1
[2021-11-05 10:23:40.964]{}DEBUG:[TcpConnection.java-36 ] connect [ 19 ] {TCP} :ip:192.168.1.27 port:10007
[2021-11-05 10:23:40.974]{}DEBUG:[TcpConnection.java-65 ] send [ 19 ] {TCP} :Send Message =[02]T00[1c]1.54[1c]01[1c]541[1c][1c]1105102340[1f]20211105102340[1f][1f]489[1f][1f]1105102340[1f]489[1c][1c][1c][1f][1f][1f][1f][1f][1f][1f][1f][1f][1f][1f][1f][1f][1f][1f][1c][1c]TIPREQ=1[1c][1c]0[1c][03]L
[2021-11-05 10:23:41.097]{}DEBUG:[ProcessSocket.java-460 ] recvAck [ 19 ] {TCP} :Receive Message =[06]
[2021-11-05 10:23:46.411]{}DEBUG:[ProcessSocket.java-548 ] SocketRecv [ 19 ] {TCP} :Receive Message =[02]0[1c]T01[1c]1.44[1c]100002[1c]ABORTED[03]1
[2021-11-05 10:23:46.415]{}DEBUG:[TcpConnection.java-65 ] send [ 19 ] {TCP} :Send Message =[06]
[2021-11-05 10:23:46.476]{}ERROR:[AbstractPosLink.java-748 ] unpackTrans [ 19 ] {TCP} :Payment_CREDIT_SALE Fail!,ResultTxt =ABORTED
[2021-11-05 10:23:46.480]{}DEBUG:[AbstractPosLink.java-408 ] ProcessTrans [ 19 ] {} :ProcessTrans End...
[2021-11-05 10:25:27.265]{}DEBUG:[AbstractPosLink.java-309 ] ProcessTrans [ 19 ] {} :ProcessTrans Start...
[2021-11-05 10:25:27.275]{}DEBUG:[AbstractPosLink.java-340 ] ProcessTrans [ 19 ] {} :SDK VERSION:V1.07.00_20210409; Timeout:-1
[2021-11-05 10:25:27.281]{}DEBUG:[TcpConnection.java-36 ] connect [ 19 ] {TCP} :ip:192.168.1.27 port:10007
[2021-11-05 10:25:27.290]{}DEBUG:[TcpConnection.java-65 ] send [ 19 ] {TCP} :Send Message =[02]T00[1c]1.54[1c]01[1c]246[1c][1c]1105102527[1f]20211105102527[1f][1f]491[1f][1f]1105102527[1f]491[1c][1c][1c][1f][1f][1f][1f][1f][1f][1f][1f][1f][1f][1f][1f][1f][1f][1f][1c][1c]TIPREQ=1[1c][1c]0[1c][03]K
[2021-11-05 10:25:27.412]{}DEBUG:[ProcessSocket.java-460 ] recvAck [ 19 ] {TCP} :Receive Message =[06]
[2021-11-05 10:25:40.280]{}DEBUG:[ProcessSocket.java-548 ] SocketRecv [ 19 ] {TCP} :Receive Message =[02]0[1c]T01[1c]1.44[1c]000100[1c]DECLINE[1c][1f]22-Chip Error[1f][1f][1f][1f][1f][1f][1f][1c]01[1c][1f][1f]500[1f]0[1f]0[1f]0[1f][1f][1c]4111[1f]4[1f]2512[1f][1f][1f][1f]02[1f]DI Test/Card 02           [1f][1f][1f][1c][1f]1105102527[1f][1f][1c][1f][1f][1f][1f][1c][1c][1c]EDCTYPE=CREDIT[1f]CARDBIN=541333[1f]PROGRAMTYPE=0[1f]SN=53096522[1f]TVR=0800088000[1f]AID=A0000000041010[1f]TSI=C800[1f]APPPN=MasterCardCredit[1f]ARC=Z1[1f]CVM=6[1f]TACDEFAULT=FC50BCA000[1f]TACDENIAL=0000000000[1f]TACONLINE=FC50BCF800[1f]IACDEFAULT=B8509C8000[1f]IACDENIAL=0000000000[1f]IACONLINE=B8709C9800[1f]AUC=FF00[03][18]
[2021-11-05 10:25:40.293]{}DEBUG:[TcpConnection.java-65 ] send [ 19 ] {TCP} :Send Message =[06]
[2021-11-05 10:25:40.368]{}ERROR:[AbstractPosLink.java-748 ] unpackTrans [ 19 ] {TCP} :Payment_CREDIT_SALE Fail!,ResultTxt =DECLINE
[2021-11-05 10:25:40.382]{}DEBUG:[AbstractPosLink.java-408 ] ProcessTrans [ 19 ] {} :ProcessTrans End...
[2021-11-05 10:28:09.474]{}DEBUG:[AbstractPosLink.java-309 ] ProcessTrans [ 19 ] {} :ProcessTrans Start...
[2021-11-05 10:28:09.478]{}DEBUG:[AbstractPosLink.java-340 ] ProcessTrans [ 19 ] {} :SDK VERSION:V1.07.00_20210409; Timeout:-1
[2021-11-05 10:28:09.481]{}DEBUG:[TcpConnection.java-36 ] connect [ 19 ] {TCP} :ip:192.168.1.27 port:10007
[2021-11-05 10:28:09.493]{}DEBUG:[TcpConnection.java-65 ] send [ 19 ] {TCP} :Send Message =[02]T00[1c]1.54[1c]01[1c]371[1c][1c]1105102809[1f]20211105102809[1f][1f]495[1f][1f]1105102809[1f]495[1c][1c][1c][1f][1f][1f][1f][1f][1f][1f][1f][1f][1f][1f][1f][1f][1f][1f][1c][1c]TIPREQ=1[1c][1c]0[1c][03]O
[2021-11-05 10:28:09.641]{}DEBUG:[ProcessSocket.java-460 ] recvAck [ 19 ] {TCP} :Receive Message =[06]
[2021-11-05 10:28:23.472]{}DEBUG:[ProcessSocket.java-548 ] SocketRecv [ 19 ] {TCP} :Receive Message =[02]0[1c]T01[1c]1.44[1c]000100[1c]DECLINE[1c][1f]22-Chip Error[1f][1f][1f][1f][1f][1f][1f][1c]01[1c][1f][1f]200[1f]0[1f]0[1f]0[1f][1f][1c]4111[1f]4[1f]2512[1f][1f][1f][1f]02[1f]DI Test/Card 02           [1f][1f][1f][1c][1f]1105102809[1f][1f][1c][1f][1f][1f][1f][1c][1c][1c]EDCTYPE=CREDIT[1f]CARDBIN=541333[1f]PROGRAMTYPE=0[1f]SN=53096522[1f]PINSTATUSNUM=1[1f]TVR=0800048000[1f]AID=A0000000041010[1f]TSI=C800[1f]APPPN=MasterCardCredit[1f]ARC=Z1[1f]CVM=2[1f]TACDEFAULT=FC50BCA000[1f]TACDENIAL=0000000000[1f]TACONLINE=FC50BCF800[1f]IACDEFAULT=B8509C8000[1f]IACDENIAL=0000000000[1f]IACONLINE=B8709C9800[1f]AUC=FF00[03][10]
[2021-11-05 10:28:23.483]{}DEBUG:[TcpConnection.java-65 ] send [ 19 ] {TCP} :Send Message =[06]
[2021-11-05 10:28:23.560]{}ERROR:[AbstractPosLink.java-748 ] unpackTrans [ 19 ] {TCP} :Payment_CREDIT_SALE Fail!,ResultTxt =DECLINE
[2021-11-05 10:28:23.576]{}DEBUG:[AbstractPosLink.java-408 ] ProcessTrans [ 19 ] {} :ProcessTrans End...
[2021-11-05 10:29:17.445]{}DEBUG:[AbstractPosLink.java-309 ] ProcessTrans [ 19 ] {} :ProcessTrans Start...
[2021-11-05 10:29:17.460]{}DEBUG:[AbstractPosLink.java-340 ] ProcessTrans [ 19 ] {} :SDK VERSION:V1.07.00_20210409; Timeout:-1
[2021-11-05 10:29:17.469]{}DEBUG:[TcpConnection.java-36 ] connect [ 19 ] {TCP} :ip:192.168.1.27 port:10007
[2021-11-05 10:29:17.482]{}DEBUG:[TcpConnection.java-65 ] send [ 19 ] {TCP} :Send Message =[02]T00[1c]1.54[1c]01[1c]415[1c][1c]1105102917[1f]20211105102917[1f][1f]497[1f][1f]1105102917[1f]497[1c][1c][1c][1f][1f][1f][1f][1f][1f][1f][1f][1f][1f][1f][1f][1f][1f][1f][1c][1c]TIPREQ=1[1c][1c]0[1c][03]D
[2021-11-05 10:29:17.635]{}DEBUG:[ProcessSocket.java-460 ] recvAck [ 19 ] {TCP} :Receive Message =[06]
[2021-11-05 10:29:34.491]{}DEBUG:[ProcessSocket.java-548 ] SocketRecv [ 19 ] {TCP} :Receive Message =[02]0[1c]T01[1c]1.44[1c]000000[1c]OK[1c]00[1f]Success[1f]VTLMC1[1f]130917500458[1f][1f]30[1f]1212MCC111712**[1f][1f][1c]01[1c]415[1f]0[1f]0[1f]0[1f]0[1f]0[1f][1f][1c]0002[1f]4[1f]1229[1f][1f][1f][1f]02[1f]AD YEN-US[1f][1f][1f]0[1c]1[1f]1105102917[1f]20211105113806[1f]20211105102917[1c][1f][1f][1f][1f][1c][1c][1c]EDCTYPE=CREDIT[1f]CARDBIN=510006[1f]HRef=12784491[1f]PROGRAMTYPE=0[1f]SN=53096522[1f]GLOBALUID=53096522202111051138064578[1f]ARQC=598784A30E78DC82[1f]TVR=0400008000[1f]AID=A000000004101002[1f]TSI=E800[1f]ATC=0057[1f]APPLAB=MCENUSAUSD[1f]APPPN=mc en usa usd[1f]IAD=011020000F640000000000000000000000FF[1f]ARC=Z3[1f]CID=00[1f]CVM=7[03]8
[2021-11-05 10:29:34.501]{}DEBUG:[TcpConnection.java-65 ] send [ 19 ] {TCP} :Send Message =[06]
[2021-11-05 10:29:34.574]{}DEBUG:[AbstractPosLink.java-746 ] unpackTrans [ 19 ] {TCP} :Payment_CREDIT_SALE Success!
[2021-11-05 10:29:34.585]{}DEBUG:[AbstractPosLink.java-408 ] ProcessTrans [ 19 ] {} :ProcessTrans End...
[2021-11-05 10:31:21.740]{}DEBUG:[AbstractPosLink.java-309 ] ProcessTrans [ 28 ] {} :ProcessTrans Start...
[2021-11-05 10:31:21.755]{}DEBUG:[AbstractPosLink.java-340 ] ProcessTrans [ 28 ] {} :SDK VERSION:V1.07.00_20210409; Timeout:-1
[2021-11-05 10:31:21.770]{}DEBUG:[TcpConnection.java-36 ] connect [ 28 ] {TCP} :ip:192.168.1.27 port:10007
[2021-11-05 10:31:21.779]{}DEBUG:[TcpConnection.java-65 ] send [ 28 ] {TCP} :Send Message =[02]T00[1c]1.54[1c]01[1c]546[1c][1c]1105103121[1f]20211105103121[1f][1f]499[1f][1f]1105103121[1f]499[1c][1c][1c][1f][1f][1f][1f][1f][1f][1f][1f][1f][1f][1f][1f][1f][1f][1f][1c][1c]TIPREQ=1[1c][1c]0[1c][03]O
[2021-11-05 10:31:21.915]{}DEBUG:[ProcessSocket.java-460 ] recvAck [ 28 ] {TCP} :Receive Message =[06]
[2021-11-05 10:31:40.427]{}DEBUG:[ProcessSocket.java-548 ] SocketRecv [ 28 ] {TCP} :Receive Message =[02]0[1c]T01[1c]1.44[1c]000100[1c]DECLINE[1c][1f]Processor Code is incorrect Error[1f][1f][1f][1f][1f][1f][1f][1c]01[1c][1f][1f]0[1f]0[1f]0[1f]0[1f][1f][1c]0002[1f]4[1f]1229[1f][1f][1f][1f]02[1f]AD YEN-US[1f][1f][1f]0[1c][1f]1105103121[1f]20211105114012[1f]20211105103121[1c][1f][1f][1f][1f][1c][1c][1c]EDCTYPE=CREDIT[1f]CARDBIN=510006[1f]PROGRAMTYPE=0[1f]SN=53096522[1f]TC=0787CB6CF810A2F4[1f]TVR=0400008000[1f]AID=A000000004101002[1f]TSI=E800[1f]APPPN=mc en usa usd[1f]IAD=011020000F640000000000000000000000FF[1f]ARC=Z3[1f]CID=00[1f]CVM=7[03]s
[2021-11-05 10:31:40.435]{}DEBUG:[TcpConnection.java-65 ] send [ 28 ] {TCP} :Send Message =[06]
[2021-11-05 10:31:40.505]{}ERROR:[AbstractPosLink.java-748 ] unpackTrans [ 28 ] {TCP} :Payment_CREDIT_SALE Fail!,ResultTxt =DECLINE
[2021-11-05 10:31:40.517]{}DEBUG:[AbstractPosLink.java-408 ] ProcessTrans [ 28 ] {} :ProcessTrans End...
[2021-11-05 10:49:31.670]{}DEBUG:[AbstractPosLink.java-309 ] ProcessTrans [ 19 ] {} :ProcessTrans Start...
[2021-11-05 10:49:31.679]{}DEBUG:[AbstractPosLink.java-340 ] ProcessTrans [ 19 ] {} :SDK VERSION:V1.07.00_20210409; Timeout:-1
[2021-11-05 10:49:31.693]{}DEBUG:[TcpConnection.java-36 ] connect [ 19 ] {TCP} :ip:192.168.1.27 port:10007
[2021-11-05 10:49:31.703]{}DEBUG:[TcpConnection.java-65 ] send [ 19 ] {TCP} :Send Message =[02]T00[1c]1.54[1c]01[1c]903[1c][1c]1105104931[1f]20211105104931[1f][1f]483[1f][1f]1105104931[1f]483[1c][1c][1c][1f][1f][1f][1f][1f][1f][1f][1f][1f][1f][1f][1f][1f][1f][1f][1c][1c]TIPREQ=1[1c][1c]0[1c][03]L
[2021-11-05 10:49:31.849]{}DEBUG:[ProcessSocket.java-460 ] recvAck [ 19 ] {TCP} :Receive Message =[06]
[2021-11-05 10:50:05.915]{}DEBUG:[ProcessSocket.java-548 ] SocketRecv [ 19 ] {TCP} :Receive Message =[02]0[1c]T01[1c]1.44[1c]000100[1c]DECLINE[1c][1f]General CardAuth Decline[1f][1f][1f][1f][1f][1f][1f][1c]01[1c][1f][1f]0[1f]0[1f]0[1f]0[1f][1f][1c]0002[1f]4[1f]1229[1f][1f][1f][1f]02[1f]AD YEN-US[1f][1f][1f]0[1c][1f]1105104931[1f]20211105115818[1f]20211105104931[1c][1f][1f][1f][1f][1c][1c][1c]EDCTYPE=CREDIT[1f]CARDBIN=510006[1f]PROGRAMTYPE=0[1f]SN=53096522[1f]TC=FF34B5814DE85F23[1f]TVR=0400008000[1f]AID=A000000004101002[1f]TSI=E800[1f]APPPN=mc en usa usd[1f]IAD=011020000F640000000000000000000000FF[1f]ARC=Z3[1f]CID=00[1f]CVM=7[03]2
[2021-11-05 10:50:05.929]{}DEBUG:[TcpConnection.java-65 ] send [ 19 ] {TCP} :Send Message =[06]
[2021-11-05 10:50:06.154]{}ERROR:[AbstractPosLink.java-748 ] unpackTrans [ 19 ] {TCP} :Payment_CREDIT_SALE Fail!,ResultTxt =DECLINE
[2021-11-05 10:50:06.159]{}DEBUG:[AbstractPosLink.java-408 ] ProcessTrans [ 19 ] {} :ProcessTrans End...
[2021-11-05 10:50:34.482]{}DEBUG:[AbstractPosLink.java-309 ] ProcessTrans [ 30 ] {} :ProcessTrans Start...
[2021-11-05 10:50:34.499]{}DEBUG:[AbstractPosLink.java-340 ] ProcessTrans [ 30 ] {} :SDK VERSION:V1.07.00_20210409; Timeout:-1
[2021-11-05 10:50:34.505]{}DEBUG:[TcpConnection.java-36 ] connect [ 30 ] {TCP} :ip:192.168.1.27 port:10007
[2021-11-05 10:50:34.516]{}DEBUG:[TcpConnection.java-65 ] send [ 30 ] {TCP} :Send Message =[02]T00[1c]1.54[1c]01[1c]382[1c][1c]1105105034[1f]20211105105034[1f][1f]485[1f][1f]1105105034[1f]485[1c][1c][1c][1f][1f][1f][1f][1f][1f][1f][1f][1f][1f][1f][1f][1f][1f][1f][1c][1c]TIPREQ=1[1c][1c]0[1c][03]B
[2021-11-05 10:50:34.664]{}DEBUG:[ProcessSocket.java-460 ] recvAck [ 30 ] {TCP} :Receive Message =[06]
[2021-11-05 10:50:45.878]{}DEBUG:[ProcessSocket.java-548 ] SocketRecv [ 30 ] {TCP} :Receive Message =[02]0[1c]T01[1c]1.44[1c]000100[1c]DECLINE[1c][1f]Processor Code is incorrect Error[1f][1f][1f][1f][1f][1f][1f][1c]01[1c][1f][1f]0[1f]0[1f]0[1f]0[1f][1f][1c]9999[1f]2[1f]0228[1f][1f][1f][1f]02[1f] /[1f][1f][1f]0[1c][1f]1105105034[1f]20211105115918[1f]20211105105034[1c][1f][1f][1f][1f][1c][1c][1c]EDCTYPE=CREDIT[1f]CARDBIN=541333[1f]PROGRAMTYPE=0[1f]SN=53096522[1f]TC=8394C43DF6861672[1f]TVR=0400008001[1f]AID=A000000004101001[1f]TSI=0000[1f]APPPN=mc en gbr gbp[1f]IAD=0110A0000F240000000000000000000000FF[1f]CVM=7[03]'
[2021-11-05 10:50:45.894]{}DEBUG:[TcpConnection.java-65 ] send [ 30 ] {TCP} :Send Message =[06]
[2021-11-05 10:50:45.961]{}ERROR:[AbstractPosLink.java-748 ] unpackTrans [ 30 ] {TCP} :Payment_CREDIT_SALE Fail!,ResultTxt =DECLINE
[2021-11-05 10:50:45.975]{}DEBUG:[AbstractPosLink.java-408 ] ProcessTrans [ 30 ] {} :ProcessTrans End...
[2021-11-05 12:19:12.680]{}DEBUG:[AbstractPosLink.java-309 ] ProcessTrans [ 19 ] {} :ProcessTrans Start...
[2021-11-05 12:19:12.695]{}DEBUG:[AbstractPosLink.java-340 ] ProcessTrans [ 19 ] {} :SDK VERSION:V1.07.00_20210409; Timeout:-1
[2021-11-05 12:19:12.714]{}DEBUG:[TcpConnection.java-36 ] connect [ 19 ] {TCP} :ip:192.168.1.27 port:10007
[2021-11-05 12:19:12.734]{}DEBUG:[TcpConnection.java-65 ] send [ 19 ] {TCP} :Send Message =[02]T00[1c]1.54[1c]01[1c]104[1c][1c]1105121912[1f]20211105121912[1f][1f]485[1f][1f]1105121912[1f]485[1c][1c][1c][1f][1f][1f][1f][1f][1f][1f][1f][1f][1f][1f][1f][1f][1f][1f][1c][1c]TIPREQ=1[1c][1c]0[1c][03]E
[2021-11-05 12:19:12.886]{}DEBUG:[ProcessSocket.java-460 ] recvAck [ 19 ] {TCP} :Receive Message =[06]
[2021-11-05 12:19:28.203]{}DEBUG:[ProcessSocket.java-548 ] SocketRecv [ 19 ] {TCP} :Receive Message =[02]0[1c]T01[1c]1.44[1c]000000[1c]OK[1c]00[1f]Success[1f]VTLMC1[1f]130919502742[1f][1f]30[1f]1212MCC111301**[1f][1f][1c]01[1c]104[1f]0[1f]0[1f]0[1f]0[1f]0[1f][1f][1c]0002[1f]4[1f]1229[1f][1f][1f][1f]02[1f]AD YEN-US[1f][1f][1f]0[1c]2[1f]1105121912[1f]20211105132832[1f]20211105121912[1c][1f][1f][1f][1f][1c][1c][1c]EDCTYPE=CREDIT[1f]CARDBIN=510006[1f]HRef=12785695[1f]PROGRAMTYPE=0[1f]SN=53096522[1f]GLOBALUID=53096522202111051328324812[1f]ARQC=63D6C6CD14442B3F[1f]TVR=0400008000[1f]AID=A000000004101002[1f]TSI=E800[1f]ATC=005A[1f]APPLAB=MCENUSAUSD[1f]APPPN=mc en usa usd[1f]IAD=011020000F640000000000000000000000FF[1f]ARC=Z3[1f]CID=00[1f]CVM=7[03]C
[2021-11-05 12:19:28.218]{}DEBUG:[TcpConnection.java-65 ] send [ 19 ] {TCP} :Send Message =[06]
[2021-11-05 12:19:28.488]{}DEBUG:[AbstractPosLink.java-746 ] unpackTrans [ 19 ] {TCP} :Payment_CREDIT_SALE Success!
[2021-11-05 12:19:28.494]{}DEBUG:[AbstractPosLink.java-408 ] ProcessTrans [ 19 ] {} :ProcessTrans End...
[2021-11-05 12:26:18.003]{}DEBUG:[AbstractPosLink.java-309 ] ProcessTrans [ 19 ] {} :ProcessTrans Start...
[2021-11-05 12:26:18.016]{}DEBUG:[AbstractPosLink.java-340 ] ProcessTrans [ 19 ] {} :SDK VERSION:V1.07.00_20210409; Timeout:-1
[2021-11-05 12:26:18.030]{}DEBUG:[TcpConnection.java-36 ] connect [ 19 ] {TCP} :ip:192.168.1.27 port:10007
[2021-11-05 12:26:18.042]{}DEBUG:[TcpConnection.java-65 ] send [ 19 ] {TCP} :Send Message =[02]T00[1c]1.54[1c]01[1c]486[1c][1c]1105122617[1f]20211105122617[1f][1f]485[1f][1f]1105122617[1f]485[1c][1c][1c][1f][1f][1f][1f][1f][1f][1f][1f][1f][1f][1f][1f][1f][1f][1f][1c][1c]TIPREQ=1[1c][1c]0[1c][03]C
[2021-11-05 12:26:18.181]{}DEBUG:[ProcessSocket.java-460 ] recvAck [ 19 ] {TCP} :Receive Message =[06]
[2021-11-05 12:26:30.281]{}DEBUG:[ProcessSocket.java-548 ] SocketRecv [ 19 ] {TCP} :Receive Message =[02]0[1c]T01[1c]1.44[1c]000100[1c]DECLINE[1c][1f]Processor Code is incorrect Error[1f][1f][1f][1f][1f][1f][1f][1c]01[1c][1f][1f]0[1f]0[1f]0[1f]0[1f][1f][1c]0002[1f]4[1f]1229[1f][1f][1f][1f]02[1f]AD YEN-US[1f][1f][1f]0[1c][1f]1105122617[1f]20211105133535[1f]20211105122617[1c][1f][1f][1f][1f][1c][1c][1c]EDCTYPE=CREDIT[1f]CARDBIN=510006[1f]PROGRAMTYPE=0[1f]SN=53096522[1f]TC=D9B415417997380E[1f]TVR=0400008000[1f]AID=A000000004101002[1f]TSI=E800[1f]APPPN=mc en usa usd[1f]IAD=011020000F640000000000000000000000FF[1f]ARC=Z3[1f]CID=00[1f]CVM=7[03][00]
[2021-11-05 12:26:30.302]{}DEBUG:[TcpConnection.java-65 ] send [ 19 ] {TCP} :Send Message =[06]
[2021-11-05 12:26:30.502]{}ERROR:[AbstractPosLink.java-748 ] unpackTrans [ 19 ] {TCP} :Payment_CREDIT_SALE Fail!,ResultTxt =DECLINE
[2021-11-05 12:26:30.508]{}DEBUG:[AbstractPosLink.java-408 ] ProcessTrans [ 19 ] {} :ProcessTrans End...
[2021-11-05 12:43:59.667]{}DEBUG:[AbstractPosLink.java-309 ] ProcessTrans [ 19 ] {} :ProcessTrans Start...
[2021-11-05 12:43:59.677]{}DEBUG:[AbstractPosLink.java-340 ] ProcessTrans [ 19 ] {} :SDK VERSION:V1.07.00_20210409; Timeout:-1
[2021-11-05 12:43:59.693]{}DEBUG:[TcpConnection.java-36 ] connect [ 19 ] {TCP} :ip:192.168.1.27 port:10007
[2021-11-05 12:43:59.706]{}DEBUG:[TcpConnection.java-65 ] send [ 19 ] {TCP} :Send Message =[02]T00[1c]1.54[1c]01[1c]137[1c][1c]1105124359[1f]20211105124359[1f][1f]483[1f][1f]1105124359[1f]483[1c][1c][1c][1f][1f][1f][1f][1f][1f][1f][1f][1f][1f][1f][1f][1f][1f][1f][1c][1c]TIPREQ=1[1c][1c]0[1c][03]E
[2021-11-05 12:43:59.851]{}DEBUG:[ProcessSocket.java-460 ] recvAck [ 19 ] {TCP} :Receive Message =[06]
[2021-11-05 12:44:12.151]{}DEBUG:[ProcessSocket.java-548 ] SocketRecv [ 19 ] {TCP} :Receive Message =[02]0[1c]T01[1c]1.44[1c]000000[1c]OK[1c]00[1f]Success[1f]VTLMC1[1f]130919500059[1f][1f]30[1f]1212MCC111344**[1f][1f][1c]01[1c]137[1f]0[1f]0[1f]0[1f]0[1f]0[1f][1f][1c]0002[1f]4[1f]1229[1f][1f][1f][1f]02[1f]AD YEN-US[1f][1f][1f]0[1c]3[1f]1105124359[1f]20211105135317[1f]20211105124359[1c][1f][1f][1f][1f][1c][1c][1c]EDCTYPE=CREDIT[1f]CARDBIN=510006[1f]HRef=12785759[1f]PROGRAMTYPE=0[1f]SN=53096522[1f]GLOBALUID=53096522202111051353176959[1f]ARQC=135AFF859EF9B062[1f]TVR=0400008000[1f]AID=A000000004101002[1f]TSI=E800[1f]ATC=005C[1f]APPLAB=MCENUSAUSD[1f]APPPN=mc en usa usd[1f]IAD=011020000F640000000000000000000000FF[1f]ARC=Z3[1f]CID=00[1f]CVM=7[03]H
[2021-11-05 12:44:12.168]{}DEBUG:[TcpConnection.java-65 ] send [ 19 ] {TCP} :Send Message =[06]
[2021-11-05 12:44:12.382]{}DEBUG:[AbstractPosLink.java-746 ] unpackTrans [ 19 ] {TCP} :Payment_CREDIT_SALE Success!
[2021-11-05 12:44:12.388]{}DEBUG:[AbstractPosLink.java-408 ] ProcessTrans [ 19 ] {} :ProcessTrans End...
[2021-11-05 14:07:21.376]{}DEBUG:[AbstractPosLink.java-309 ] ProcessTrans [ 19 ] {} :ProcessTrans Start...
[2021-11-05 14:07:21.391]{}DEBUG:[AbstractPosLink.java-340 ] ProcessTrans [ 19 ] {} :SDK VERSION:V1.07.00_20210409; Timeout:-1
[2021-11-05 14:07:21.407]{}DEBUG:[TcpConnection.java-36 ] connect [ 19 ] {TCP} :ip:192.168.1.27 port:10007
[2021-11-05 14:07:21.425]{}DEBUG:[TcpConnection.java-65 ] send [ 19 ] {TCP} :Send Message =[02]T00[1c]1.54[1c]01[1c]5555[1c][1c]1105140721[1f]20211105140721[1f][1f]491[1f][1f]1105140721[1f]491[1c][1c][1c][1f][1f][1f][1f][1f][1f][1f][1f][1f][1f][1f][1f][1f][1f][1f][1c][1c]TIPREQ=1[1c][1c]0[1c][03]y
[2021-11-05 14:07:21.575]{}DEBUG:[ProcessSocket.java-460 ] recvAck [ 19 ] {TCP} :Receive Message =[06]
[2021-11-05 14:07:55.860]{}DEBUG:[ProcessSocket.java-548 ] SocketRecv [ 19 ] {TCP} :Receive Message =[02]0[1c]T01[1c]1.44[1c]000100[1c]DECLINE[1c][1f]General CardAuth Decline[1f][1f][1f][1f][1f][1f][1f][1c]01[1c][1f][1f]0[1f]0[1f]0[1f]0[1f][1f][1c]0002[1f]4[1f]1229[1f][1f][1f][1f]02[1f]AD YEN-US[1f][1f][1f]0[1c][1f]1105140721[1f]20211105151645[1f]20211105140721[1c][1f][1f][1f][1f][1c][1c][1c]EDCTYPE=CREDIT[1f]CARDBIN=510006[1f]PROGRAMTYPE=0[1f]SN=53096522[1f]TC=0EF96DCCB91637FB[1f]TVR=0400008000[1f]AID=A000000004101002[1f]TSI=E800[1f]APPPN=mc en usa usd[1f]IAD=011020000F640000000000000000000000FF[1f]ARC=Z3[1f]CID=00[1f]CVM=7[03]6
[2021-11-05 14:07:55.876]{}DEBUG:[TcpConnection.java-65 ] send [ 19 ] {TCP} :Send Message =[06]
[2021-11-05 14:07:56.106]{}ERROR:[AbstractPosLink.java-748 ] unpackTrans [ 19 ] {TCP} :Payment_CREDIT_SALE Fail!,ResultTxt =DECLINE
[2021-11-05 14:07:56.111]{}DEBUG:[AbstractPosLink.java-408 ] ProcessTrans [ 19 ] {} :ProcessTrans End...
[2021-11-05 14:08:44.274]{}DEBUG:[AbstractPosLink.java-309 ] ProcessTrans [ 28 ] {} :ProcessTrans Start...
[2021-11-05 14:08:44.289]{}DEBUG:[AbstractPosLink.java-340 ] ProcessTrans [ 28 ] {} :SDK VERSION:V1.07.00_20210409; Timeout:-1
[2021-11-05 14:08:44.299]{}DEBUG:[TcpConnection.java-36 ] connect [ 28 ] {TCP} :ip:192.168.1.27 port:10007
[2021-11-05 14:08:44.314]{}DEBUG:[TcpConnection.java-65 ] send [ 28 ] {TCP} :Send Message =[02]T00[1c]1.54[1c]01[1c]6666[1c][1c]1105140844[1f]20211105140844[1f][1f]495[1f][1f]1105140844[1f]495[1c][1c][1c][1f][1f][1f][1f][1f][1f][1f][1f][1f][1f][1f][1f][1f][1f][1f][1c][1c]TIPREQ=1[1c][1c]0[1c][03]u
[2021-11-05 14:08:44.463]{}DEBUG:[ProcessSocket.java-460 ] recvAck [ 28 ] {TCP} :Receive Message =[06]
[2021-11-05 14:09:02.870]{}DEBUG:[ProcessSocket.java-548 ] SocketRecv [ 28 ] {TCP} :Receive Message =[02]0[1c]T01[1c]1.44[1c]000000[1c]OK[1c]00[1f]Success[1f]VTLMC1[1f]130921500554[1f][1f]30[1f]1212MCC111449**[1f][1f][1c]01[1c]6666[1f]0[1f]0[1f]0[1f]0[1f]0[1f][1f][1c]9999[1f]2[1f]0228[1f][1f][1f][1f]02[1f] /[1f][1f][1f]0[1c]4[1f]1105140844[1f]20211105151812[1f]20211105140844[1c][1f][1f][1f][1f][1c][1c][1c]EDCTYPE=CREDIT[1f]CARDBIN=541333[1f]HRef=12786631[1f]PROGRAMTYPE=0[1f]SN=53096522[1f]PINSTATUSNUM=1[1f]GLOBALUID=53096522202111051518121404[1f]ARQC=17F04235A42DBF19[1f]TVR=0400048001[1f]AID=A000000004101001[1f]TSI=0000[1f]ATC=00EC[1f]APPLAB=MCENGBRGBP[1f]APPPN=mc en gbr gbp[1f]IAD=0110A0000F240000000000000000000000FF[1f]CVM=2[03]R
[2021-11-05 14:09:02.894]{}DEBUG:[TcpConnection.java-65 ] send [ 28 ] {TCP} :Send Message =[06]
[2021-11-05 14:09:02.966]{}DEBUG:[AbstractPosLink.java-746 ] unpackTrans [ 28 ] {TCP} :Payment_CREDIT_SALE Success!
[2021-11-05 14:09:02.973]{}DEBUG:[AbstractPosLink.java-408 ] ProcessTrans [ 28 ] {} :ProcessTrans End...
[2021-11-05 14:21:43.109]{}DEBUG:[AbstractPosLink.java-309 ] ProcessTrans [ 19 ] {} :ProcessTrans Start...
[2021-11-05 14:21:43.120]{}DEBUG:[AbstractPosLink.java-340 ] ProcessTrans [ 19 ] {} :SDK VERSION:V1.07.00_20210409; Timeout:-1
[2021-11-05 14:21:43.133]{}DEBUG:[TcpConnection.java-36 ] connect [ 19 ] {TCP} :ip:192.168.1.27 port:10007
[2021-11-05 14:21:43.147]{}DEBUG:[TcpConnection.java-65 ] send [ 19 ] {TCP} :Send Message =[02]T00[1c]1.54[1c]01[1c]1191[1c][1c]1105142143[1f]20211105142143[1f][1f]483[1f][1f]1105142143[1f]483[1c][1c][1c][1f][1f][1f][1f][1f][1f][1f][1f][1f][1f][1f][1f][1f][1f][1f][1c][1c]TIPREQ=1[1c][1c]0[1c][03]q
[2021-11-05 14:21:43.288]{}DEBUG:[ProcessSocket.java-460 ] recvAck [ 19 ] {TCP} :Receive Message =[06]
[2021-11-05 14:21:55.713]{}DEBUG:[ProcessSocket.java-548 ] SocketRecv [ 19 ] {TCP} :Receive Message =[02]0[1c]T01[1c]1.44[1c]000100[1c]DECLINE[1c][1f]Processor Code is incorrect Error[1f][1f][1f][1f][1f][1f][1f][1c]01[1c][1f][1f]0[1f]0[1f]0[1f]0[1f][1f][1c]0002[1f]4[1f]1229[1f][1f][1f][1f]02[1f]AD YEN-US[1f][1f][1f]0[1c][1f]1105142143[1f]20211105153106[1f]20211105142143[1c][1f][1f][1f][1f][1c][1c][1c]EDCTYPE=CREDIT[1f]CARDBIN=510006[1f]PROGRAMTYPE=0[1f]SN=53096522[1f]TC=5A95946882BEE53B[1f]TVR=0400008000[1f]AID=A000000004101002[1f]TSI=E800[1f]APPPN=mc en usa usd[1f]IAD=011020000F640000000000000000000000FF[1f]ARC=Z3[1f]CID=00[1f]CVM=7[03][01]
[2021-11-05 14:21:55.728]{}DEBUG:[TcpConnection.java-65 ] send [ 19 ] {TCP} :Send Message =[06]
[2021-11-05 14:21:55.952]{}ERROR:[AbstractPosLink.java-748 ] unpackTrans [ 19 ] {TCP} :Payment_CREDIT_SALE Fail!,ResultTxt =DECLINE
[2021-11-05 14:21:55.959]{}DEBUG:[AbstractPosLink.java-408 ] ProcessTrans [ 19 ] {} :ProcessTrans End...
[2021-11-05 14:23:04.115]{}DEBUG:[AbstractPosLink.java-309 ] ProcessTrans [ 28 ] {} :ProcessTrans Start...
[2021-11-05 14:23:04.133]{}DEBUG:[AbstractPosLink.java-340 ] ProcessTrans [ 28 ] {} :SDK VERSION:V1.07.00_20210409; Timeout:-1
[2021-11-05 14:23:04.145]{}DEBUG:[TcpConnection.java-36 ] connect [ 28 ] {TCP} :ip:192.168.1.27 port:10007
[2021-11-05 14:23:04.156]{}DEBUG:[TcpConnection.java-65 ] send [ 28 ] {TCP} :Send Message =[02]T00[1c]1.54[1c]01[1c]710[1c][1c]1105142304[1f]20211105142304[1f][1f]485[1f][1f]1105142304[1f]485[1c][1c][1c][1f][1f][1f][1f][1f][1f][1f][1f][1f][1f][1f][1f][1f][1f][1f][1c][1c]TIPREQ=1[1c][1c]0[1c][03]N
[2021-11-05 14:23:04.285]{}DEBUG:[ProcessSocket.java-460 ] recvAck [ 28 ] {TCP} :Receive Message =[06]
[2021-11-05 14:23:09.290]{}DEBUG:[ProcessSocket.java-548 ] SocketRecv [ 28 ] {TCP} :Receive Message =[02]0[1c]T01[1c]1.44[1c]100003[1c]4-Chip Error[1c][1f][1f][1f][1f][1f][1f][1f][1f][1c]01[1c][1f][1f]0[1f]0[1f]0[1f]0[1f][1f][1c]4111[1f]2[1f][1f][1f][1f][1f]02[1f][1f][1f][1f][1c][1f]1105142304[1f][1f][1c][1f][1f][1f][1f][1c][1c][1c]EDCTYPE=CREDIT[1f]CARDBIN=541333[1f]PROGRAMTYPE=0[1f]SN=53096522[1f]TC=0000000000000000[1f]TVR=0400008001[1f]AID=A0000000041010[1f]TSI=0000[1f]APPPN=MasterCardCredit[1f]CVM=7[1f]TACDEFAULT=FC509C8800[1f]TACDENIAL=0000000000[1f]TACONLINE=FC509C8800[1f]IACDEFAULT=B470840000[1f]IACDENIAL=0000000000[1f]IACONLINE=B470848000[1f]AUC=FF00[03]:
[2021-11-05 14:23:09.294]{}DEBUG:[TcpConnection.java-65 ] send [ 28 ] {TCP} :Send Message =[06]
[2021-11-05 14:23:09.362]{}ERROR:[AbstractPosLink.java-748 ] unpackTrans [ 28 ] {TCP} :Payment_CREDIT_SALE Fail!,ResultTxt =4-Chip Error
[2021-11-05 14:23:09.375]{}DEBUG:[AbstractPosLink.java-408 ] ProcessTrans [ 28 ] {} :ProcessTrans End...
[2021-11-05 14:23:55.347]{}DEBUG:[AbstractPosLink.java-309 ] ProcessTrans [ 19 ] {} :ProcessTrans Start...
[2021-11-05 14:23:55.362]{}DEBUG:[AbstractPosLink.java-340 ] ProcessTrans [ 19 ] {} :SDK VERSION:V1.07.00_20210409; Timeout:-1
[2021-11-05 14:23:55.371]{}DEBUG:[TcpConnection.java-36 ] connect [ 19 ] {TCP} :ip:192.168.1.27 port:10007
[2021-11-05 14:23:55.383]{}DEBUG:[TcpConnection.java-65 ] send [ 19 ] {TCP} :Send Message =[02]T00[1c]1.54[1c]01[1c]601[1c][1c]1105142355[1f]20211105142355[1f][1f]487[1f][1f]1105142355[1f]487[1c][1c][1c][1f][1f][1f][1f][1f][1f][1f][1f][1f][1f][1f][1f][1f][1f][1f][1c][1c]TIPREQ=1[1c][1c]0[1c][03]K
[2021-11-05 14:23:55.516]{}DEBUG:[ProcessSocket.java-460 ] recvAck [ 19 ] {TCP} :Receive Message =[06]
[2021-11-05 14:24:10.594]{}DEBUG:[ProcessSocket.java-548 ] SocketRecv [ 19 ] {TCP} :Receive Message =[02]0[1c]T01[1c]1.44[1c]000100[1c]DECLINE[1c][1f]22-Chip Error[1f][1f][1f][1f][1f][1f][1f][1c]01[1c][1f][1f]100[1f]0[1f]0[1f]0[1f][1f][1c]4111[1f]4[1f]2512[1f][1f][1f][1f]02[1f]DI Test/Card 02           [1f][1f][1f][1c][1f]1105142355[1f][1f][1c][1f][1f][1f][1f][1c][1c][1c]EDCTYPE=CREDIT[1f]CARDBIN=541333[1f]PROGRAMTYPE=0[1f]SN=53096522[1f]PINSTATUSNUM=1[1f]TVR=0800048000[1f]AID=A0000000041010[1f]TSI=C800[1f]APPPN=MasterCardCredit[1f]ARC=Z1[1f]CVM=2[1f]TACDEFAULT=FC50BCA000[1f]TACDENIAL=0000000000[1f]TACONLINE=FC50BCF800[1f]IACDEFAULT=B8509C8000[1f]IACDENIAL=0000000000[1f]IACONLINE=B8709C9800[1f]AUC=FF00[03][15]
[2021-11-05 14:24:10.606]{}DEBUG:[TcpConnection.java-65 ] send [ 19 ] {TCP} :Send Message =[06]
[2021-11-05 14:24:10.699]{}ERROR:[AbstractPosLink.java-748 ] unpackTrans [ 19 ] {TCP} :Payment_CREDIT_SALE Fail!,ResultTxt =DECLINE
[2021-11-05 14:24:10.713]{}DEBUG:[AbstractPosLink.java-408 ] ProcessTrans [ 19 ] {} :ProcessTrans End...
[2021-11-05 14:24:28.159]{}DEBUG:[AbstractPosLink.java-309 ] ProcessTrans [ 19 ] {} :ProcessTrans Start...
[2021-11-05 14:24:28.164]{}DEBUG:[AbstractPosLink.java-340 ] ProcessTrans [ 19 ] {} :SDK VERSION:V1.07.00_20210409; Timeout:-1
[2021-11-05 14:24:28.169]{}DEBUG:[TcpConnection.java-36 ] connect [ 19 ] {TCP} :ip:192.168.1.27 port:10007
[2021-11-05 14:24:28.180]{}DEBUG:[TcpConnection.java-65 ] send [ 19 ] {TCP} :Send Message =[02]T00[1c]1.54[1c]01[1c]390[1c][1c]1105142428[1f]20211105142428[1f][1f]489[1f][1f]1105142428[1f]489[1c][1c][1c][1f][1f][1f][1f][1f][1f][1f][1f][1f][1f][1f][1f][1f][1f][1f][1c][1c]TIPREQ=1[1c][1c]0[1c][03]K
[2021-11-05 14:24:28.323]{}DEBUG:[ProcessSocket.java-460 ] recvAck [ 19 ] {TCP} :Receive Message =[06]
[2021-11-05 14:25:04.415]{}DEBUG:[ProcessSocket.java-548 ] SocketRecv [ 19 ] {TCP} :Receive Message =[02]0[1c]T01[1c]1.44[1c]000100[1c]DECLINE[1c][1f]General CardAuth Decline[1f][1f][1f][1f][1f][1f][1f][1c]01[1c][1f][1f]0[1f]0[1f]0[1f]0[1f][1f][1c]9999[1f]4[1f]0228[1f][1f][1f][1f]02[1f]AD YEN-UK[1f][1f][1f]0[1c][1f]1105142428[1f]20211105153354[1f]20211105142428[1c][1f][1f][1f][1f][1c][1c][1c]EDCTYPE=CREDIT[1f]CARDBIN=541333[1f]PROGRAMTYPE=0[1f]SN=53096522[1f]TC=17E5B218761562FF[1f]TVR=0400008000[1f]AID=A000000004101001[1f]TSI=E800[1f]APPPN=mc en gbr gbp[1f]IAD=011020000F640000000000000000000000FF[1f]ARC=Z3[1f]CID=00[1f]CVM=6[03]%
[2021-11-05 14:25:04.427]{}DEBUG:[TcpConnection.java-65 ] send [ 19 ] {TCP} :Send Message =[06]
[2021-11-05 14:25:04.508]{}ERROR:[AbstractPosLink.java-748 ] unpackTrans [ 19 ] {TCP} :Payment_CREDIT_SALE Fail!,ResultTxt =DECLINE
[2021-11-05 14:25:04.513]{}DEBUG:[AbstractPosLink.java-408 ] ProcessTrans [ 19 ] {} :ProcessTrans End...
[2021-11-05 14:26:37.869]{}DEBUG:[AbstractPosLink.java-309 ] ProcessTrans [ 19 ] {} :ProcessTrans Start...
[2021-11-05 14:26:37.879]{}DEBUG:[AbstractPosLink.java-340 ] ProcessTrans [ 19 ] {} :SDK VERSION:V1.07.00_20210409; Timeout:-1
[2021-11-05 14:26:37.895]{}DEBUG:[TcpConnection.java-36 ] connect [ 19 ] {TCP} :ip:192.168.1.27 port:10007
[2021-11-05 14:26:37.906]{}DEBUG:[TcpConnection.java-65 ] send [ 19 ] {TCP} :Send Message =[02]T00[1c]1.54[1c]01[1c]667[1c][1c]1105142637[1f]20211105142637[1f][1f]495[1f][1f]1105142637[1f]495[1c][1c][1c][1f][1f][1f][1f][1f][1f][1f][1f][1f][1f][1f][1f][1f][1f][1f][1c][1c]TIPREQ=1[1c][1c]0[1c][03]J
[2021-11-05 14:26:38.045]{}DEBUG:[ProcessSocket.java-460 ] recvAck [ 19 ] {TCP} :Receive Message =[06]
[2021-11-05 14:27:15.875]{}ERROR:[Thread.java--2 ] InterruptedException : sleep interrupted
[2021-11-05 14:27:16.112]{}DEBUG:[ProcessSocket.java-548 ] SocketRecv [ 19 ] {TCP} :Receive Message =[02]0[1c]T01[1c]1.44[1c]000100[1c]DECLINE[1c][1f]General CardAuth Decline[1f][1f][1f][1f][1f][1f][1f][1c]01[1c][1f][1f]0[1f]0[1f]0[1f]0[1f][1f][1c]1003[1f]1[1f]1224[1f][1f][1f][1f]03[1f][1f][1f][1f]0[1c][1f]1105142637[1f]20211105153606[1f]20211105142637[1c][1f][1f][1f][1f][1c][1c][1c]EDCTYPE=CREDIT[1f]CARDBIN=374245[1f]PROGRAMTYPE=0[1f]SN=53096522[03]_
[2021-11-05 14:27:16.120]{}DEBUG:[TcpConnection.java-65 ] send [ 19 ] {TCP} :Send Message =[06]
[2021-11-05 14:27:16.366]{}ERROR:[AbstractPosLink.java-748 ] unpackTrans [ 19 ] {TCP} :Payment_CREDIT_SALE Fail!,ResultTxt =DECLINE
[2021-11-05 14:27:16.375]{}DEBUG:[AbstractPosLink.java-408 ] ProcessTrans [ 19 ] {} :ProcessTrans End...
[2021-11-05 14:28:02.629]{}DEBUG:[AbstractPosLink.java-309 ] ProcessTrans [ 23 ] {} :ProcessTrans Start...
[2021-11-05 14:28:02.648]{}DEBUG:[AbstractPosLink.java-340 ] ProcessTrans [ 23 ] {} :SDK VERSION:V1.07.00_20210409; Timeout:-1
[2021-11-05 14:28:02.658]{}DEBUG:[TcpConnection.java-36 ] connect [ 23 ] {TCP} :ip:192.168.1.27 port:10007
[2021-11-05 14:28:02.670]{}DEBUG:[TcpConnection.java-65 ] send [ 23 ] {TCP} :Send Message =[02]T00[1c]1.54[1c]01[1c]492[1c][1c]1105142802[1f]20211105142802[1f][1f]497[1f][1f]1105142802[1f]497[1c][1c][1c][1f][1f][1f][1f][1f][1f][1f][1f][1f][1f][1f][1f][1f][1f][1f][1c][1c]TIPREQ=1[1c][1c]0[1c][03]J
[2021-11-05 14:28:02.813]{}DEBUG:[ProcessSocket.java-460 ] recvAck [ 23 ] {TCP} :Receive Message =[06]
[2021-11-05 14:28:10.931]{}DEBUG:[ProcessSocket.java-548 ] SocketRecv [ 23 ] {TCP} :Receive Message =[02]0[1c]T01[1c]1.44[1c]100003[1c]2-Chip Read Error[1c][1f][1f][1f][1f][1f][1f][1f][1f][1c]01[1c][1f][1f]0[1f]0[1f]0[1f]0[1f][1f][1c][1f]2[1f][1f][1f][1f][1f][1f][1f][1f][1f][1c][1f]1105142802[1f][1f][1c][1f][1f][1f][1f][1c][1c][1c]EDCTYPE=CREDIT[1f]PROGRAMTYPE=0[1f]SN=53096522[1f]TC=0000000000000000[1f]TVR=0000000000[1f]AID=A000000025010403[1f]TSI=0000[1f]CVM=7[1f]TACDEFAULT=DC50FC9800[1f]TACDENIAL=0010000000[1f]TACONLINE=DE00FC9800[03]]
[2021-11-05 14:28:10.949]{}DEBUG:[TcpConnection.java-65 ] send [ 23 ] {TCP} :Send Message =[06]
[2021-11-05 14:28:11.030]{}ERROR:[AbstractPosLink.java-748 ] unpackTrans [ 23 ] {TCP} :Payment_CREDIT_SALE Fail!,ResultTxt =2-Chip Read Error
[2021-11-05 14:28:11.047]{}DEBUG:[AbstractPosLink.java-408 ] ProcessTrans [ 23 ] {} :ProcessTrans End...
[2021-11-05 14:29:05.888]{}DEBUG:[AbstractPosLink.java-309 ] ProcessTrans [ 19 ] {} :ProcessTrans Start...
[2021-11-05 14:29:05.901]{}DEBUG:[AbstractPosLink.java-340 ] ProcessTrans [ 19 ] {} :SDK VERSION:V1.07.00_20210409; Timeout:-1
[2021-11-05 14:29:05.917]{}DEBUG:[TcpConnection.java-36 ] connect [ 19 ] {TCP} :ip:192.168.1.27 port:10007
[2021-11-05 14:29:05.937]{}DEBUG:[TcpConnection.java-65 ] send [ 19 ] {TCP} :Send Message =[02]T00[1c]1.54[1c]01[1c]1304[1c][1c]1105142905[1f]20211105142905[1f][1f]499[1f][1f]1105142905[1f]499[1c][1c][1c][1f][1f][1f][1f][1f][1f][1f][1f][1f][1f][1f][1f][1f][1f][1f][1c][1c]TIPREQ=1[1c][1c]0[1c][03]u
[2021-11-05 14:29:06.071]{}DEBUG:[ProcessSocket.java-460 ] recvAck [ 19 ] {TCP} :Receive Message =[06]
[2021-11-05 14:29:24.375]{}DEBUG:[ProcessSocket.java-548 ] SocketRecv [ 19 ] {TCP} :Receive Message =[02]0[1c]T01[1c]1.44[1c]000100[1c]DECLINE[1c][1f]Processor Code is incorrect Error[1f][1f][1f][1f][1f][1f][1f][1c]01[1c][1f][1f]0[1f]0[1f]0[1f]0[1f][1f][1c]9999[1f]2[1f]0228[1f][1f][1f][1f]02[1f] /[1f][1f][1f]0[1c][1f]1105142905[1f]20211105153834[1f]20211105142905[1c][1f][1f][1f][1f][1c][1c][1c]EDCTYPE=CREDIT[1f]CARDBIN=541333[1f]PROGRAMTYPE=0[1f]SN=53096522[1f]TC=29FB96B5C1DDD434[1f]TVR=0400008001[1f]AID=A000000004101001[1f]TSI=0000[1f]APPPN=mc en gbr gbp[1f]IAD=0110A0000F240000000000000000000000FF[1f]CVM=7[03]"
[2021-11-05 14:29:24.390]{}DEBUG:[TcpConnection.java-65 ] send [ 19 ] {TCP} :Send Message =[06]
[2021-11-05 14:29:24.642]{}ERROR:[AbstractPosLink.java-748 ] unpackTrans [ 19 ] {TCP} :Payment_CREDIT_SALE Fail!,ResultTxt =DECLINE
[2021-11-05 14:29:24.647]{}DEBUG:[AbstractPosLink.java-408 ] ProcessTrans [ 19 ] {} :ProcessTrans End...
[2021-11-05 14:43:58.262]{}DEBUG:[AbstractPosLink.java-309 ] ProcessTrans [ 19 ] {} :ProcessTrans Start...
[2021-11-05 14:43:58.274]{}DEBUG:[AbstractPosLink.java-340 ] ProcessTrans [ 19 ] {} :SDK VERSION:V1.07.00_20210409; Timeout:-1
[2021-11-05 14:43:58.287]{}DEBUG:[TcpConnection.java-36 ] connect [ 19 ] {TCP} :ip:192.168.1.27 port:10007
[2021-11-05 14:43:58.297]{}DEBUG:[TcpConnection.java-65 ] send [ 19 ] {TCP} :Send Message =[02]T00[1c]1.54[1c]01[1c]945[1c][1c]1105144358[1f]20211105144358[1f][1f]485[1f][1f]1105144358[1f]485[1c][1c][1c][1f][1f][1f][1f][1f][1f][1f][1f][1f][1f][1f][1f][1f][1f][1f][1c][1c]TIPREQ=1[1c][1c]0[1c][03]O
[2021-11-05 14:43:58.446]{}DEBUG:[ProcessSocket.java-460 ] recvAck [ 19 ] {TCP} :Receive Message =[06]
[2021-11-05 14:44:20.526]{}DEBUG:[ProcessSocket.java-548 ] SocketRecv [ 19 ] {TCP} :Receive Message =[02]0[1c]T01[1c]1.44[1c]000000[1c]OK[1c]00[1f]Success[1f]AXS675[1f]130921504725[1f][1f]30[1f]000000321000676[1f][1f][1c]01[1c]945[1f]0[1f]0[1f]0[1f]0[1f]0[1f][1f][1c]1003[1f]1[1f]1224[1f][1f][1f][1f]03[1f][1f][1f][1f]0[1c]5[1f]1105144358[1f]20211105155330[1f]20211105144358[1c][1f][1f][1f][1f][1c][1c][1c]EDCTYPE=CREDIT[1f]CARDBIN=374245[1f]HRef=12786845[1f]PROGRAMTYPE=0[1f]SN=53096522[1f]GLOBALUID=53096522202111051553300175[03]h
[2021-11-05 14:44:20.543]{}DEBUG:[TcpConnection.java-65 ] send [ 19 ] {TCP} :Send Message =[06]
[2021-11-05 14:44:20.739]{}DEBUG:[AbstractPosLink.java-746 ] unpackTrans [ 19 ] {TCP} :Payment_CREDIT_SALE Success!
[2021-11-05 14:44:20.745]{}DEBUG:[AbstractPosLink.java-408 ] ProcessTrans [ 19 ] {} :ProcessTrans End...
[2021-11-05 14:52:00.503]{}DEBUG:[AbstractPosLink.java-309 ] ProcessTrans [ 28 ] {} :ProcessTrans Start...
[2021-11-05 14:52:00.515]{}DEBUG:[AbstractPosLink.java-340 ] ProcessTrans [ 28 ] {} :SDK VERSION:V1.07.00_20210409; Timeout:-1
[2021-11-05 14:52:00.530]{}DEBUG:[TcpConnection.java-36 ] connect [ 28 ] {TCP} :ip:192.168.1.27 port:10007
[2021-11-05 14:52:00.540]{}DEBUG:[TcpConnection.java-65 ] send [ 28 ] {TCP} :Send Message =[02]T00[1c]1.54[1c]01[1c]1834[1c][1c]1105145200[1f]20211105145200[1f][1f]483[1f][1f]1105145200[1f]483[1c][1c][1c][1f][1f][1f][1f][1f][1f][1f][1f][1f][1f][1f][1f][1f][1f][1f][1c][1c]TIPREQ=1[1c][1c]0[1c][03]t
[2021-11-05 14:52:00.682]{}DEBUG:[ProcessSocket.java-460 ] recvAck [ 28 ] {TCP} :Receive Message =[06]
[2021-11-05 14:52:17.026]{}DEBUG:[ProcessSocket.java-548 ] SocketRecv [ 28 ] {TCP} :Receive Message =[02]0[1c]T01[1c]1.44[1c]000000[1c]OK[1c]00[1f]Success[1f]AXS688[1f]130921505245[1f][1f]30[1f]000000321000689[1f][1f][1c]01[1c]1834[1f]0[1f]0[1f]0[1f]0[1f]0[1f][1f][1c]1003[1f]1[1f]1224[1f][1f][1f][1f]03[1f][1f][1f][1f]0[1c]6[1f]1105145200[1f]20211105160127[1f]20211105145200[1c][1f][1f][1f][1f][1c][1c][1c]EDCTYPE=CREDIT[1f]CARDBIN=374245[1f]HRef=12786913[1f]PROGRAMTYPE=0[1f]SN=53096522[1f]GLOBALUID=53096522202111051601271003[03]^
[2021-11-05 14:52:17.034]{}DEBUG:[TcpConnection.java-65 ] send [ 28 ] {TCP} :Send Message =[06]
[2021-11-05 14:52:17.112]{}DEBUG:[AbstractPosLink.java-746 ] unpackTrans [ 28 ] {TCP} :Payment_CREDIT_SALE Success!
[2021-11-05 14:52:17.124]{}DEBUG:[AbstractPosLink.java-408 ] ProcessTrans [ 28 ] {} :ProcessTrans End...
[2021-11-05 14:55:47.272]{}DEBUG:[AbstractPosLink.java-309 ] ProcessTrans [ 19 ] {} :ProcessTrans Start...
[2021-11-05 14:55:47.287]{}DEBUG:[AbstractPosLink.java-340 ] ProcessTrans [ 19 ] {} :SDK VERSION:V1.07.00_20210409; Timeout:-1
[2021-11-05 14:55:47.302]{}DEBUG:[TcpConnection.java-36 ] connect [ 19 ] {TCP} :ip:192.168.1.27 port:10007
[2021-11-05 14:55:47.322]{}DEBUG:[TcpConnection.java-65 ] send [ 19 ] {TCP} :Send Message =[02]T00[1c]1.54[1c]01[1c]142[1c][1c]1105145547[1f]20211105145547[1f][1f]484[1f][1f]1105145547[1f]484[1c][1c][1c][1f][1f][1f][1f][1f][1f][1f][1f][1f][1f][1f][1f][1f][1f][1f][1c][1c]TIPREQ=1[1c][1c]0[1c][03]I
[2021-11-05 14:55:47.469]{}DEBUG:[ProcessSocket.java-460 ] recvAck [ 19 ] {TCP} :Receive Message =[06]
[2021-11-05 14:56:07.832]{}ERROR:[Thread.java--2 ] InterruptedException : sleep interrupted
[2021-11-05 14:56:27.041]{}DEBUG:[ProcessSocket.java-548 ] SocketRecv [ 19 ] {TCP} :Receive Message =[02]0[1c]T01[1c]1.44[1c]000100[1c]DECLINE[1c][1f]General CardAuth Decline[1f][1f][1f][1f][1f][1f][1f][1c]01[1c][1f][1f]0[1f]0[1f]0[1f]0[1f][1f][1c]1003[1f]1[1f]1224[1f][1f][1f][1f]03[1f][1f][1f][1f]0[1c][1f]1105145547[1f]20211105160517[1f]20211105145547[1c][1f][1f][1f][1f][1c][1c][1c]EDCTYPE=CREDIT[1f]CARDBIN=374245[1f]PROGRAMTYPE=0[1f]SN=53096522[03]\
[2021-11-05 14:56:27.056]{}DEBUG:[TcpConnection.java-65 ] send [ 19 ] {TCP} :Send Message =[06]
[2021-11-05 14:56:27.253]{}ERROR:[AbstractPosLink.java-748 ] unpackTrans [ 19 ] {TCP} :Payment_CREDIT_SALE Fail!,ResultTxt =DECLINE
[2021-11-05 14:56:27.257]{}DEBUG:[AbstractPosLink.java-408 ] ProcessTrans [ 19 ] {} :ProcessTrans End...
[2021-11-05 14:59:15.935]{}DEBUG:[AbstractPosLink.java-309 ] ProcessTrans [ 23 ] {} :ProcessTrans Start...
[2021-11-05 14:59:15.949]{}DEBUG:[AbstractPosLink.java-340 ] ProcessTrans [ 23 ] {} :SDK VERSION:V1.07.00_20210409; Timeout:-1
[2021-11-05 14:59:15.956]{}DEBUG:[TcpConnection.java-36 ] connect [ 23 ] {TCP} :ip:192.168.1.27 port:10007
[2021-11-05 14:59:15.968]{}DEBUG:[TcpConnection.java-65 ] send [ 23 ] {TCP} :Send Message =[02]T00[1c]1.54[1c]01[1c]501[1c][1c]1105145915[1f]20211105145915[1f][1f]486[1f][1f]1105145915[1f]486[1c][1c][1c][1f][1f][1f][1f][1f][1f][1f][1f][1f][1f][1f][1f][1f][1f][1f][1c][1c]TIPREQ=1[1c][1c]0[1c][03]A
[2021-11-05 14:59:16.106]{}DEBUG:[ProcessSocket.java-460 ] recvAck [ 23 ] {TCP} :Receive Message =[06]
[2021-11-05 14:59:23.068]{}ERROR:[Thread.java--2 ] InterruptedException : sleep interrupted
[2021-11-05 14:59:43.283]{}DEBUG:[ProcessSocket.java-548 ] SocketRecv [ 23 ] {TCP} :Receive Message =[02]0[1c]T01[1c]1.44[1c]000000[1c]OK[1c]00[1f]Success[1f]AXS693[1f]130922505313[1f][1f]30[1f]000000321000694[1f][1f][1c]01[1c]501[1f]0[1f]0[1f]0[1f]0[1f]0[1f][1f][1c]1003[1f]1[1f]1224[1f][1f][1f][1f]03[1f][1f][1f][1f]0[1c]7[1f]1105145915[1f]20211105160853[1f]20211105145915[1c][1f][1f][1f][1f][1c][1c][1c]EDCTYPE=CREDIT[1f]CARDBIN=374245[1f]HRef=12786939[1f]PROGRAMTYPE=0[1f]SN=53096522[1f]GLOBALUID=53096522202111051608539510[03]e
[2021-11-05 14:59:43.298]{}DEBUG:[TcpConnection.java-65 ] send [ 23 ] {TCP} :Send Message =[06]
[2021-11-05 14:59:43.380]{}DEBUG:[AbstractPosLink.java-746 ] unpackTrans [ 23 ] {TCP} :Payment_CREDIT_SALE Success!
[2021-11-05 14:59:43.392]{}DEBUG:[AbstractPosLink.java-408 ] ProcessTrans [ 23 ] {} :ProcessTrans End...
[2021-11-05 15:03:09.419]{}DEBUG:[AbstractPosLink.java-309 ] ProcessTrans [ 19 ] {} :ProcessTrans Start...
[2021-11-05 15:03:09.443]{}DEBUG:[AbstractPosLink.java-340 ] ProcessTrans [ 19 ] {} :SDK VERSION:V1.07.00_20210409; Timeout:-1
[2021-11-05 15:03:09.458]{}DEBUG:[TcpConnection.java-36 ] connect [ 19 ] {TCP} :ip:192.168.1.27 port:10007
[2021-11-05 15:03:09.468]{}DEBUG:[TcpConnection.java-65 ] send [ 19 ] {TCP} :Send Message =[02]T00[1c]1.54[1c]01[1c]377[1c][1c]1105150309[1f]20211105150309[1f][1f]484[1f][1f]1105150309[1f]484[1c][1c][1c][1f][1f][1f][1f][1f][1f][1f][1f][1f][1f][1f][1f][1f][1f][1f][1c][1c]TIPREQ=1[1c][1c]0[1c][03]E
[2021-11-05 15:03:09.624]{}DEBUG:[ProcessSocket.java-460 ] recvAck [ 19 ] {TCP} :Receive Message =[06]
[2021-11-05 15:03:24.485]{}ERROR:[Thread.java--2 ] InterruptedException : sleep interrupted
[2021-11-05 15:03:30.296]{}DEBUG:[ProcessSocket.java-548 ] SocketRecv [ 19 ] {TCP} :Receive Message =[02]0[1c]T01[1c]1.44[1c]000000[1c]OK[1c]00[1f]Success[1f]AXS696[1f]130922505332[1f][1f]30[1f]000000321000697[1f][1f][1c]01[1c]377[1f]0[1f]0[1f]0[1f]0[1f]0[1f][1f][1c]1003[1f]1[1f]1224[1f][1f][1f][1f]03[1f][1f][1f][1f]0[1c]8[1f]1105150309[1f]20211105161237[1f]20211105150309[1c][1f][1f][1f][1f][1c][1c][1c]EDCTYPE=CREDIT[1f]CARDBIN=374245[1f]HRef=12786971[1f]PROGRAMTYPE=0[1f]SN=53096522[1f]GLOBALUID=53096522202111051612371718[03]f
[2021-11-05 15:03:30.311]{}DEBUG:[TcpConnection.java-65 ] send [ 19 ] {TCP} :Send Message =[06]
[2021-11-05 15:03:30.552]{}DEBUG:[AbstractPosLink.java-746 ] unpackTrans [ 19 ] {TCP} :Payment_CREDIT_SALE Success!
[2021-11-05 15:03:30.559]{}DEBUG:[AbstractPosLink.java-408 ] ProcessTrans [ 19 ] {} :ProcessTrans End...
[2021-11-05 15:50:50.807]{}DEBUG:[AbstractPosLink.java-309 ] ProcessTrans [ 19 ] {} :ProcessTrans Start...
[2021-11-05 15:50:50.818]{}DEBUG:[AbstractPosLink.java-340 ] ProcessTrans [ 19 ] {} :SDK VERSION:V1.07.00_20210409; Timeout:-1
[2021-11-05 15:50:50.832]{}DEBUG:[TcpConnection.java-36 ] connect [ 19 ] {TCP} :ip:192.168.1.27 port:10007
[2021-11-05 15:50:50.857]{}DEBUG:[TcpConnection.java-65 ] send [ 19 ] {TCP} :Send Message =[02]T00[1c]1.54[1c]01[1c]819[1c][1c]1105155050[1f]20211105155050[1f][1f]484[1f][1f]1105155050[1f]484[1c][1c][1c][1f][1f][1f][1f][1f][1f][1f][1f][1f][1f][1f][1f][1f][1f][1f][1c][1c]TIPREQ=1[1c][1c]0[1c][03]L
[2021-11-05 15:50:50.995]{}DEBUG:[ProcessSocket.java-460 ] recvAck [ 19 ] {TCP} :Receive Message =[06]
[2021-11-05 15:51:00.202]{}ERROR:[Thread.java--2 ] InterruptedException : sleep interrupted
[2021-11-05 15:51:11.159]{}DEBUG:[ProcessSocket.java-548 ] SocketRecv [ 19 ] {TCP} :Receive Message =[02]0[1c]T01[1c]1.44[1c]000000[1c]OK[1c]00[1f]Success[1f]AXS724[1f]130922505677[1f][1f]30[1f]000000321000725[1f][1f][1c]01[1c]919[1f]0[1f]100[1f]0[1f]0[1f]0[1f][1f][1c]1003[1f]1[1f]1224[1f][1f][1f][1f]03[1f][1f][1f][1f]0[1c]9[1f]1105155050[1f]20211105170021[1f]20211105155050[1c][1f][1f][1f][1f][1c][1c][1c]EDCTYPE=CREDIT[1f]CARDBIN=374245[1f]HRef=12787059[1f]PROGRAMTYPE=0[1f]SN=53096522[1f]GLOBALUID=53096522202111051700213932[03]f
[2021-11-05 15:51:11.174]{}DEBUG:[TcpConnection.java-65 ] send [ 19 ] {TCP} :Send Message =[06]
[2021-11-05 15:51:11.386]{}DEBUG:[AbstractPosLink.java-746 ] unpackTrans [ 19 ] {TCP} :Payment_CREDIT_SALE Success!
[2021-11-05 15:51:11.392]{}DEBUG:[AbstractPosLink.java-408 ] ProcessTrans [ 19 ] {} :ProcessTrans End...
[2021-11-05 16:25:34.246]{}DEBUG:[AbstractPosLink.java-309 ] ProcessTrans [ 19 ] {} :ProcessTrans Start...
[2021-11-05 16:25:34.258]{}DEBUG:[AbstractPosLink.java-340 ] ProcessTrans [ 19 ] {} :SDK VERSION:V1.07.00_20210409; Timeout:-1
[2021-11-05 16:25:34.272]{}DEBUG:[TcpConnection.java-36 ] connect [ 19 ] {TCP} :ip:192.168.1.27 port:10007
[2021-11-05 16:25:34.282]{}DEBUG:[TcpConnection.java-65 ] send [ 19 ] {TCP} :Send Message =[02]T00[1c]1.54[1c]01[1c]137[1c][1c]1105162534[1f]20211105162534[1f][1f]484[1f][1f]1105162534[1f]484[1c][1c][1c][1f][1f][1f][1f][1f][1f][1f][1f][1f][1f][1f][1f][1f][1f][1f][1c][1c]TIPREQ=1[1c][1c]0[1c][03]J
[2021-11-05 16:25:34.431]{}DEBUG:[ProcessSocket.java-460 ] recvAck [ 19 ] {TCP} :Receive Message =[06]
[2021-11-05 16:25:51.766]{}DEBUG:[ProcessSocket.java-548 ] SocketRecv [ 19 ] {TCP} :Receive Message =[02]0[1c]T01[1c]1.44[1c]000000[1c]OK[1c]00[1f]Success[1f]AXS751[1f]130923500053[1f][1f]30[1f]000000321000752[1f][1f][1c]01[1c]137[1f]0[1f]0[1f]0[1f]0[1f]0[1f][1f][1c]1003[1f]1[1f]1224[1f][1f][1f][1f]03[1f][1f][1f][1f]0[1c]10[1f]1105162534[1f]20211105173502[1f]20211105162534[1c][1f][1f][1f][1f][1c][1c][1c]EDCTYPE=CREDIT[1f]CARDBIN=374245[1f]HRef=12787071[1f]PROGRAMTYPE=0[1f]SN=53096522[1f]GLOBALUID=53096522202111051735027559[03]R
[2021-11-05 16:25:51.781]{}DEBUG:[TcpConnection.java-65 ] send [ 19 ] {TCP} :Send Message =[06]
[2021-11-05 16:25:52.006]{}DEBUG:[AbstractPosLink.java-746 ] unpackTrans [ 19 ] {TCP} :Payment_CREDIT_SALE Success!
[2021-11-05 16:25:52.012]{}DEBUG:[AbstractPosLink.java-408 ] ProcessTrans [ 19 ] {} :ProcessTrans End...
[2021-11-05 16:37:31.148]{}DEBUG:[AbstractPosLink.java-309 ] ProcessTrans [ 19 ] {} :ProcessTrans Start...
[2021-11-05 16:37:31.160]{}DEBUG:[AbstractPosLink.java-340 ] ProcessTrans [ 19 ] {} :SDK VERSION:V1.07.00_20210409; Timeout:-1
[2021-11-05 16:37:31.184]{}DEBUG:[TcpConnection.java-36 ] connect [ 19 ] {TCP} :ip:192.168.1.27 port:10007
[2021-11-05 16:37:31.194]{}DEBUG:[TcpConnection.java-65 ] send [ 19 ] {TCP} :Send Message =[02]T00[1c]1.54[1c]01[1c]1305[1c][1c]1105163731[1f]20211105163731[1f][1f]484[1f][1f]1105163731[1f]484[1c][1c][1c][1f][1f][1f][1f][1f][1f][1f][1f][1f][1f][1f][1f][1f][1f][1f][1c][1c]TIPREQ=1[1c][1c]0[1c][03]~
[2021-11-05 16:37:31.337]{}DEBUG:[ProcessSocket.java-460 ] recvAck [ 19 ] {TCP} :Receive Message =[06]
[2021-11-05 16:37:47.236]{}DEBUG:[ProcessSocket.java-548 ] SocketRecv [ 19 ] {TCP} :Receive Message =[02]0[1c]T01[1c]1.44[1c]000100[1c]DECLINE[1c][1f]Processor Code is incorrect Error[1f][1f][1f][1f][1f][1f][1f][1c]01[1c][1f][1f]0[1f]0[1f]0[1f]0[1f][1f][1c]1003[1f]1[1f]1224[1f][1f][1f][1f]03[1f][1f][1f][1f]0[1c][1f]1105163731[1f]20211105174658[1f]20211105163731[1c][1f][1f][1f][1f][1c][1c][1c]EDCTYPE=CREDIT[1f]CARDBIN=374245[1f]PROGRAMTYPE=0[1f]SN=53096522[03][17]
[2021-11-05 16:37:47.250]{}DEBUG:[TcpConnection.java-65 ] send [ 19 ] {TCP} :Send Message =[06]
[2021-11-05 16:37:47.492]{}ERROR:[AbstractPosLink.java-748 ] unpackTrans [ 19 ] {TCP} :Payment_CREDIT_SALE Fail!,ResultTxt =DECLINE
[2021-11-05 16:37:47.504]{}DEBUG:[AbstractPosLink.java-408 ] ProcessTrans [ 19 ] {} :ProcessTrans End...
[2021-11-05 16:42:10.688]{}DEBUG:[AbstractPosLink.java-309 ] ProcessTrans [ 31 ] {} :ProcessTrans Start...
[2021-11-05 16:42:10.704]{}DEBUG:[AbstractPosLink.java-340 ] ProcessTrans [ 31 ] {} :SDK VERSION:V1.07.00_20210409; Timeout:-1
[2021-11-05 16:42:10.714]{}DEBUG:[TcpConnection.java-36 ] connect [ 31 ] {TCP} :ip:192.168.1.27 port:10007
[2021-11-05 16:42:10.728]{}DEBUG:[TcpConnection.java-65 ] send [ 31 ] {TCP} :Send Message =[02]T00[1c]1.54[1c]01[1c]1206[1c][1c]1105164210[1f]20211105164210[1f][1f]484[1f][1f]1105164210[1f]484[1c][1c][1c][1f][1f][1f][1f][1f][1f][1f][1f][1f][1f][1f][1f][1f][1f][1f][1c][1c]TIPREQ=1[1c][1c]0[1c][03]}
[2021-11-05 16:42:10.864]{}DEBUG:[ProcessSocket.java-460 ] recvAck [ 31 ] {TCP} :Receive Message =[06]
[2021-11-05 16:42:27.557]{}ERROR:[Thread.java--2 ] InterruptedException : sleep interrupted
[2021-11-05 16:42:38.546]{}DEBUG:[ProcessSocket.java-548 ] SocketRecv [ 31 ] {TCP} :Receive Message =[02]0[1c]T01[1c]1.44[1c]000100[1c]DECLINE[1c][1f]Processor Code is incorrect Error[1f][1f][1f][1f][1f][1f][1f][1c]01[1c][1f][1f]0[1f]0[1f]0[1f]0[1f][1f][1c]1003[1f]1[1f]1224[1f][1f][1f][1f]03[1f][1f][1f][1f]0[1c][1f]1105164210[1f]20211105175149[1f]20211105164210[1c][1f][1f][1f][1f][1c][1c][1c]EDCTYPE=CREDIT[1f]CARDBIN=374245[1f]PROGRAMTYPE=0[1f]SN=53096522[03][11]
[2021-11-05 16:42:38.559]{}DEBUG:[TcpConnection.java-65 ] send [ 31 ] {TCP} :Send Message =[06]
[2021-11-05 16:42:38.628]{}ERROR:[AbstractPosLink.java-748 ] unpackTrans [ 31 ] {TCP} :Payment_CREDIT_SALE Fail!,ResultTxt =DECLINE
[2021-11-05 16:42:38.641]{}DEBUG:[AbstractPosLink.java-408 ] ProcessTrans [ 31 ] {} :ProcessTrans End...
[2021-11-05 16:57:37.177]{}DEBUG:[AbstractPosLink.java-309 ] ProcessTrans [ 19 ] {} :ProcessTrans Start...
[2021-11-05 16:57:37.190]{}DEBUG:[AbstractPosLink.java-340 ] ProcessTrans [ 19 ] {} :SDK VERSION:V1.07.00_20210409; Timeout:-1
[2021-11-05 16:57:37.207]{}DEBUG:[TcpConnection.java-36 ] connect [ 19 ] {TCP} :ip:192.168.1.27 port:10007
[2021-11-05 16:57:37.227]{}DEBUG:[TcpConnection.java-65 ] send [ 19 ] {TCP} :Send Message =[02]T00[1c]1.54[1c]01[1c]874[1c][1c]1105165737[1f]20211105165737[1f][1f]484[1f][1f]1105165737[1f]484[1c][1c][1c][1f][1f][1f][1f][1f][1f][1f][1f][1f][1f][1f][1f][1f][1f][1f][1c][1c]TIPREQ=1[1c][1c]0[1c][03]B
[2021-11-05 16:57:37.375]{}DEBUG:[ProcessSocket.java-460 ] recvAck [ 19 ] {TCP} :Receive Message =[06]
[2021-11-05 16:58:01.681]{}ERROR:[Thread.java--2 ] InterruptedException : sleep interrupted
[2021-11-05 16:58:12.240]{}DEBUG:[ProcessSocket.java-548 ] SocketRecv [ 19 ] {TCP} :Receive Message =[02]0[1c]T01[1c]1.44[1c]100001[1c]TIMEOUT[03]"
[2021-11-05 16:58:12.257]{}DEBUG:[TcpConnection.java-65 ] send [ 19 ] {TCP} :Send Message =[06]
[2021-11-05 16:58:12.468]{}ERROR:[AbstractPosLink.java-748 ] unpackTrans [ 19 ] {TCP} :Payment_CREDIT_SALE Fail!,ResultTxt =TIMEOUT
[2021-11-05 16:58:12.474]{}DEBUG:[AbstractPosLink.java-408 ] ProcessTrans [ 19 ] {} :ProcessTrans End...
[2021-11-05 17:06:56.680]{}DEBUG:[AbstractPosLink.java-309 ] ProcessTrans [ 28 ] {} :ProcessTrans Start...
[2021-11-05 17:06:56.696]{}DEBUG:[AbstractPosLink.java-340 ] ProcessTrans [ 28 ] {} :SDK VERSION:V1.07.00_20210409; Timeout:-1
[2021-11-05 17:06:56.702]{}DEBUG:[TcpConnection.java-36 ] connect [ 28 ] {TCP} :ip:192.168.1.27 port:10007
[2021-11-05 17:06:56.712]{}DEBUG:[TcpConnection.java-65 ] send [ 28 ] {TCP} :Send Message =[02]T00[1c]1.54[1c]01[1c]541[1c][1c]1105170656[1f]20211105170656[1f][1f]488[1f][1f]1105170656[1f]488[1c][1c][1c][1f][1f][1f][1f][1f][1f][1f][1f][1f][1f][1f][1f][1f][1f][1f][1c][1c]TIPREQ=1[1c][1c]0[1c][03]K
[2021-11-05 17:06:56.854]{}DEBUG:[ProcessSocket.java-460 ] recvAck [ 28 ] {TCP} :Receive Message =[06]
[2021-11-05 17:07:36.271]{}DEBUG:[ProcessSocket.java-548 ] SocketRecv [ 28 ] {TCP} :Receive Message =[02]0[1c]T01[1c]1.44[1c]000100[1c]DECLINE[1c][1f]General CardAuth Decline[1f][1f][1f][1f][1f][1f][1f][1c]01[1c][1f][1f]0[1f]0[1f]0[1f]0[1f][1f][1c]1003[1f]1[1f]1224[1f][1f][1f][1f]03[1f][1f][1f][1f]0[1c][1f]1105170656[1f]20211105181627[1f]20211105170656[1c][1f][1f][1f][1f][1c][1c][1c]EDCTYPE=CREDIT[1f]CARDBIN=374245[1f]PROGRAMTYPE=0[1f]SN=53096522[03]S
[2021-11-05 17:07:36.286]{}DEBUG:[TcpConnection.java-65 ] send [ 28 ] {TCP} :Send Message =[06]
[2021-11-05 17:07:36.372]{}ERROR:[AbstractPosLink.java-748 ] unpackTrans [ 28 ] {TCP} :Payment_CREDIT_SALE Fail!,ResultTxt =DECLINE
[2021-11-05 17:07:36.385]{}DEBUG:[AbstractPosLink.java-408 ] ProcessTrans [ 28 ] {} :ProcessTrans End...
[2021-11-05 17:07:53.605]{}DEBUG:[AbstractPosLink.java-309 ] ProcessTrans [ 28 ] {} :ProcessTrans Start...
[2021-11-05 17:07:53.623]{}DEBUG:[AbstractPosLink.java-340 ] ProcessTrans [ 28 ] {} :SDK VERSION:V1.07.00_20210409; Timeout:-1
[2021-11-05 17:07:53.637]{}DEBUG:[TcpConnection.java-36 ] connect [ 28 ] {TCP} :ip:192.168.1.27 port:10007
[2021-11-05 17:07:53.647]{}DEBUG:[TcpConnection.java-65 ] send [ 28 ] {TCP} :Send Message =[02]T00[1c]1.54[1c]01[1c]541[1c][1c]1105170753[1f]20211105170753[1f][1f]488[1f][1f]1105170753[1f]488[1c][1c][1c][1f][1f][1f][1f][1f][1f][1f][1f][1f][1f][1f][1f][1f][1f][1f][1c][1c]TIPREQ=1[1c][1c]0[1c][03]O
[2021-11-05 17:07:53.792]{}DEBUG:[ProcessSocket.java-460 ] recvAck [ 28 ] {TCP} :Receive Message =[06]
[2021-11-05 17:08:12.447]{}DEBUG:[ProcessSocket.java-548 ] SocketRecv [ 28 ] {TCP} :Receive Message =[02]0[1c]T01[1c]1.44[1c]000000[1c]OK[1c]00[1f]Success[1f]AXS801[1f]131000500541[1f][1f]30[1f]000000321000802[1f][1f][1c]01[1c]541[1f]0[1f]0[1f]0[1f]0[1f]0[1f][1f][1c]1003[1f]1[1f]1224[1f][1f][1f][1f]03[1f][1f][1f][1f]0[1c]11[1f]1105170753[1f]20211105181723[1f]20211105170753[1c][1f][1f][1f][1f][1c][1c][1c]EDCTYPE=CREDIT[1f]CARDBIN=374245[1f]HRef=12787375[1f]PROGRAMTYPE=0[1f]SN=53096522[1f]GLOBALUID=53096522202111051817235840[03]Y
[2021-11-05 17:08:12.461]{}DEBUG:[TcpConnection.java-65 ] send [ 28 ] {TCP} :Send Message =[06]
[2021-11-05 17:08:12.528]{}DEBUG:[AbstractPosLink.java-746 ] unpackTrans [ 28 ] {TCP} :Payment_CREDIT_SALE Success!
[2021-11-05 17:08:12.534]{}DEBUG:[AbstractPosLink.java-408 ] ProcessTrans [ 28 ] {} :ProcessTrans End...
[2021-11-05 17:22:39.682]{}DEBUG:[AbstractPosLink.java-309 ] ProcessTrans [ 19 ] {} :ProcessTrans Start...
[2021-11-05 17:22:39.730]{}DEBUG:[AbstractPosLink.java-340 ] ProcessTrans [ 19 ] {} :SDK VERSION:V1.07.00_20210409; Timeout:-1
[2021-11-05 17:22:39.746]{}DEBUG:[TcpConnection.java-36 ] connect [ 19 ] {TCP} :ip:192.168.1.27 port:10007
[2021-11-05 17:22:39.759]{}DEBUG:[TcpConnection.java-65 ] send [ 19 ] {TCP} :Send Message =[02]T00[1c]1.54[1c]01[1c]240[1c][1c]1105172239[1f]20211105172239[1f][1f]484[1f][1f]1105172239[1f]484[1c][1c][1c][1f][1f][1f][1f][1f][1f][1f][1f][1f][1f][1f][1f][1f][1f][1f][1c][1c]TIPREQ=1[1c][1c]0[1c][03]B
[2021-11-05 17:22:39.910]{}DEBUG:[ProcessSocket.java-460 ] recvAck [ 19 ] {TCP} :Receive Message =[06]
[2021-11-05 17:22:49.639]{}DEBUG:[ProcessSocket.java-548 ] SocketRecv [ 19 ] {TCP} :Receive Message =[02]0[1c]T01[1c]1.44[1c]100003[1c]4-Chip Error[1c][1f][1f][1f][1f][1f][1f][1f][1f][1c]01[1c][1f][1f]0[1f]0[1f]0[1f]0[1f][1f][1c]4111[1f]2[1f][1f][1f][1f][1f]02[1f][1f][1f][1f][1c][1f]1105172239[1f][1f][1c][1f][1f][1f][1f][1c][1c][1c]EDCTYPE=CREDIT[1f]CARDBIN=541333[1f]PROGRAMTYPE=0[1f]SN=53096522[1f]TC=0000000000000000[1f]TVR=0400008001[1f]AID=A0000000041010[1f]TSI=0000[1f]APPPN=MasterCardCredit[1f]CVM=7[1f]TACDEFAULT=FC509C8800[1f]TACDENIAL=0000000000[1f]TACONLINE=FC509C8800[1f]IACDEFAULT=B470840000[1f]IACDENIAL=0000000000[1f]IACONLINE=B470848000[1f]AUC=FF00[03]6
[2021-11-05 17:22:49.647]{}DEBUG:[TcpConnection.java-65 ] send [ 19 ] {TCP} :Send Message =[06]
[2021-11-05 17:22:49.845]{}ERROR:[AbstractPosLink.java-748 ] unpackTrans [ 19 ] {TCP} :Payment_CREDIT_SALE Fail!,ResultTxt =4-Chip Error
[2021-11-05 17:22:49.851]{}DEBUG:[AbstractPosLink.java-408 ] ProcessTrans [ 19 ] {} :ProcessTrans End...
