[2021-08-04 09:15:30.037]{}DEBUG:[AbstractPosLink.java-309 ] ProcessTrans [ 24 ] {} :ProcessTrans Start...
[2021-08-04 09:15:30.060]{}DEBUG:[AbstractPosLink.java-340 ] ProcessTrans [ 24 ] {} :SDK VERSION:V1.07.00_20210409; Timeout:-1
[2021-08-04 09:15:30.077]{}DEBUG:[TcpConnection.java-36 ] connect [ 24 ] {TCP} :ip:192.168.1.6 port:10008
[2021-08-04 09:15:30.090]{}DEBUG:[TcpConnection.java-65 ] send [ 24 ] {TCP} :Send Message =[02]T00[1c]1.54[1c]01[1c]186[1f]0[1f][1f][1f]0[1c][1c]4660[1f]4660[1c][1c][1c][1f][1f][1f][1f][1f][1f][1f][1f][1f][1f][1f][1f][1f][1f][1f][1c][1c]TIPREQ=1[1c][1c]0[1c][03]\
[2021-08-04 09:15:30.240]{}DEBUG:[ProcessSocket.java-460 ] recvAck [ 24 ] {TCP} :Receive Message =[06]
[2021-08-04 09:15:48.678]{}DEBUG:[ProcessSocket.java-548 ] SocketRecv [ 24 ] {TCP} :Receive Message =[02]0[1c]T01[1c]1.44[1c]000000[1c]OK[1c]00[1f]Success[1f]VTLMC1[1f]121616500893[1f][1f]16[1f]1212MCC111814**[1f][1f][1c]01[1c]186[1f]0[1f]0[1f]0[1f]0[1f]0[1f][1f][1c]0045[1f]4[1f]1225[1f][1f][1f][1f]02[1f]MTIP08-2 MCD 13A[1f][1f][1f]0[1c]3[1f]4660[1f]20210804101916[1f]4660[1c][1f][1f][1f][1f][1c][1c][1c]EDCTYPE=CREDIT[1f]CARDBIN=541333[1f]HRef=11222497[1f]PROGRAMTYPE=0[1f]SN=53096522[1f]PINSTATUSNUM=1[1f]GLOBALUID=53096522202108041019160457[1f]ARQC=6B6031141330C004[1f]TVR=4200008000[1f]AID=A0000000041010[1f]TSI=E800[1f]ATC=0001[1f]APPLAB=MASTERCARD[1f]APPPN=MasterCard[1f]IAD=0210600000000000000000000000000000FF[1f]ARC=Z3[1f]CID=00[1f]CVM=1[03]-
[2021-08-04 09:15:48.713]{}DEBUG:[TcpConnection.java-65 ] send [ 24 ] {TCP} :Send Message =[06]
[2021-08-04 09:15:49.032]{}DEBUG:[AbstractPosLink.java-746 ] unpackTrans [ 24 ] {TCP} :Payment_CREDIT_SALE Success!
[2021-08-04 09:15:49.045]{}DEBUG:[AbstractPosLink.java-408 ] ProcessTrans [ 24 ] {} :ProcessTrans End...
[2021-08-04 09:19:35.047]{}DEBUG:[AbstractPosLink.java-309 ] ProcessTrans [ 31 ] {} :ProcessTrans Start...
[2021-08-04 09:19:35.064]{}DEBUG:[AbstractPosLink.java-340 ] ProcessTrans [ 31 ] {} :SDK VERSION:V1.07.00_20210409; Timeout:-1
[2021-08-04 09:19:35.078]{}DEBUG:[TcpConnection.java-36 ] connect [ 31 ] {TCP} :ip:192.168.1.6 port:10008
[2021-08-04 09:19:35.090]{}DEBUG:[TcpConnection.java-65 ] send [ 31 ] {TCP} :Send Message =[02]T00[1c]1.54[1c]16[1c]0[1c][1c]4660[1f]4660[1f][1f][1f][1f][1f]4660[1c][1c][1c][1f][1f][1f][1f][1f][1f][1f][1f][1f][1f][1f][1f][1f][1f][1f][1c][1c]TIPREQ=1[1c][1c]0[1c][03]N
[2021-08-04 09:19:35.218]{}DEBUG:[ProcessSocket.java-460 ] recvAck [ 31 ] {TCP} :Receive Message =[06]
[2021-08-04 09:19:41.159]{}DEBUG:[ProcessSocket.java-548 ] SocketRecv [ 31 ] {TCP} :Receive Message =[02]0[1c]T01[1c]1.44[1c]000000[1c]OK[1c]00[1f]Success[1f]VTLMC1[1f]121616500893[1f][1f]16[1f][1f][1f][1c]17[1c]186[1f]0[1f]0[1f]0[1f]0[1f]0[1f][1f][1c]0045[1f]0[1f]1225[1f][1f][1f][1f]02[1f][1f][1f][1f]0[1c]4[1f]4660[1f]20210804102309[1f]4660[1c][1f][1f][1f][1f][1c][1c][1c]EDCTYPE=CREDIT[1f]CARDBIN=541333[1f]HRef=11222497[1f]PROGRAMTYPE=0[1f]SN=53096522[1f]PINSTATUSNUM=1[1f]GLOBALUID=53096522202108041023093512[1f]ARQC=6B6031141330C004[1f]TVR=4200008000[1f]AID=A0000000041010[1f]TSI=E800[1f]ATC=0001[1f]APPLAB=MASTERCARD[1f]APPPN=MasterCard[1f]IAD=0210600000000000000000000000000000FF[1f]ARC=Z3[1f]CID=00[1f]CVM=1[03]u
[2021-08-04 09:19:41.180]{}DEBUG:[TcpConnection.java-65 ] send [ 31 ] {TCP} :Send Message =[06]
[2021-08-04 09:19:41.254]{}DEBUG:[AbstractPosLink.java-746 ] unpackTrans [ 31 ] {TCP} :Payment_CREDIT_VOID Success!
[2021-08-04 09:19:41.261]{}DEBUG:[AbstractPosLink.java-408 ] ProcessTrans [ 31 ] {} :ProcessTrans End...
[2021-08-04 09:25:14.093]{}DEBUG:[AbstractPosLink.java-309 ] ProcessTrans [ 40 ] {} :ProcessTrans Start...
[2021-08-04 09:25:14.121]{}DEBUG:[AbstractPosLink.java-340 ] ProcessTrans [ 40 ] {} :SDK VERSION:V1.07.00_20210409; Timeout:-1
[2021-08-04 09:25:14.133]{}DEBUG:[TcpConnection.java-36 ] connect [ 40 ] {TCP} :ip:192.168.1.6 port:10008
[2021-08-04 09:25:14.144]{}DEBUG:[TcpConnection.java-65 ] send [ 40 ] {TCP} :Send Message =[02]T00[1c]1.54[1c]01[1c]186[1f]0[1f][1f][1f]0[1c][1c]4667[1f]4667[1f][1f][1f][1f][1f]4660[1c][1c][1c][1f][1f][1f][1f][1f][1f][1f][1f][1f][1f][1f][1f][1f][1f][1f][1c][1c]TIPREQ=1[1c][1c]0[1c][03]G
[2021-08-04 09:25:14.269]{}DEBUG:[ProcessSocket.java-460 ] recvAck [ 40 ] {TCP} :Receive Message =[06]
[2021-08-04 09:25:36.854]{}DEBUG:[ProcessSocket.java-548 ] SocketRecv [ 40 ] {TCP} :Receive Message =[02]0[1c]T01[1c]1.44[1c]000000[1c]OK[1c]00[1f]Success[1f]TAS061[1f]121616501034[1f][1f]16[1f]000000000770181[1f][1f][1c]01[1c]186[1f]0[1f]0[1f]0[1f]0[1f]0[1f][1f][1c]0119[1f]4[1f]1222[1f][1f][1f][1f]01[1f]VISA ACQUIRER TEST CARD 01[1f][1f][1f]0[1c]5[1f]4667[1f]20210804102903[1f]4667[1c][1f][1f][1f][1f][1c][1c][1c]EDCTYPE=CREDIT[1f]CARDBIN=476173[1f]HRef=11222737[1f]PROGRAMTYPE=0[1f]SN=53096522[1f]GLOBALUID=53096522202108041029035910[1f]ARQC=D41BC369744C472A[1f]TVR=4200008000[1f]AID=A0000000031010[1f]TSI=E800[1f]ATC=0001[1f]APPLAB=VISA CREDIT[1f]APPPN=CREDITO DE VISA[1f]IAD=06010A03600000[1f]ARC=Z3[1f]CID=00[1f]CVM=6[03]$
[2021-08-04 09:25:36.878]{}DEBUG:[TcpConnection.java-65 ] send [ 40 ] {TCP} :Send Message =[06]
[2021-08-04 09:25:36.963]{}DEBUG:[AbstractPosLink.java-746 ] unpackTrans [ 40 ] {TCP} :Payment_CREDIT_SALE Success!
[2021-08-04 09:25:36.976]{}DEBUG:[AbstractPosLink.java-408 ] ProcessTrans [ 40 ] {} :ProcessTrans End...
