[2021-07-20 13:06:07.380]{}DEBUG:[AbstractPosLink.java-309 ] ProcessTrans [ 21 ] {} :ProcessTrans Start...
[2021-07-20 13:06:07.392]{}DEBUG:[AbstractPosLink.java-340 ] ProcessTrans [ 21 ] {} :SDK VERSION:V1.07.00_20210409; Timeout:-1
[2021-07-20 13:06:07.416]{}DEBUG:[TcpConnection.java-36 ] connect [ 21 ] {TCP} :ip:192.168.1.6 port:10008
[2021-07-20 13:06:07.427]{}DEBUG:[TcpConnection.java-65 ] send [ 21 ] {TCP} :Send Message =[02]T00[1c]1.54[1c]01[1c]322[1f]0[1f][1f][1f]0[1c][1c]3835[1f]3835[1c][1c][1c][1f][1f][1f][1f][1f][1f][1f][1f][1f][1f][1f][1f][1f][1f][1f][1c][1c]TIPREQ=1[1c][1c]0[1c][03]P
[2021-07-20 13:06:07.565]{}DEBUG:[ProcessSocket.java-460 ] recvAck [ 21 ] {TCP} :Receive Message =[06]
[2021-07-20 13:06:31.019]{}DEBUG:[ProcessSocket.java-548 ] SocketRecv [ 21 ] {TCP} :Receive Message =[02]0[1c]T01[1c]1.44[1c]000000[1c]OK[1c]00[1f]Success[1f]VTLMC1[1f]120120505246[1f][1f]8[1f]1212MCC111377**[1f][1f][1c]01[1c]322[1f]0[1f]0[1f]0[1f]0[1f]0[1f][1f][1c]9999[1f]2[1f]0228[1f][1f][1f][1f]02[1f] /[1f][1f][1f]0[1c]2[1f]3835[1f]20210720141017[1f]3835[1c][1f][1f][1f][1f][1c][1c][1c]EDCTYPE=CREDIT[1f]CARDBIN=541333[1f]HRef=10865483[1f]PROGRAMTYPE=0[1f]SN=53096522[1f]GLOBALUID=53096522202107201410178936[1f]ARQC=25A6269BFC9CA522[1f]TVR=0400008001[1f]AID=A000000004101001[1f]TSI=0000[1f]ATC=0010[1f]APPLAB=MCENGBRGBP[1f]APPPN=mc en gbr gbp[1f]IAD=0110A0000F240000000000000000000000FF[1f]CVM=7[03]+
[2021-07-20 13:06:31.023]{}DEBUG:[TcpConnection.java-65 ] send [ 21 ] {TCP} :Send Message =[06]
[2021-07-20 13:06:31.285]{}DEBUG:[AbstractPosLink.java-746 ] unpackTrans [ 21 ] {TCP} :Payment_CREDIT_SALE Success!
[2021-07-20 13:06:31.294]{}DEBUG:[AbstractPosLink.java-408 ] ProcessTrans [ 21 ] {} :ProcessTrans End...
[2021-07-20 13:09:10.837]{}DEBUG:[AbstractPosLink.java-309 ] ProcessTrans [ 24 ] {} :ProcessTrans Start...
[2021-07-20 13:09:10.840]{}DEBUG:[AbstractPosLink.java-340 ] ProcessTrans [ 24 ] {} :SDK VERSION:V1.07.00_20210409; Timeout:-1
[2021-07-20 13:09:10.844]{}DEBUG:[TcpConnection.java-36 ] connect [ 24 ] {TCP} :ip:192.168.1.6 port:10008
[2021-07-20 13:09:10.856]{}DEBUG:[TcpConnection.java-65 ] send [ 24 ] {TCP} :Send Message =[02]T00[1c]1.54[1c]01[1c]137[1f]0[1f][1f][1f]0[1c][1c]3836[1f]3836[1c][1c][1c][1f][1f][1f][1f][1f][1f][1f][1f][1f][1f][1f][1f][1f][1f][1f][1c][1c]TIPREQ=1[1c][1c]0[1c][03]V
[2021-07-20 13:09:10.984]{}DEBUG:[ProcessSocket.java-460 ] recvAck [ 24 ] {TCP} :Receive Message =[06]
[2021-07-20 13:09:40.748]{}DEBUG:[ProcessSocket.java-548 ] SocketRecv [ 24 ] {TCP} :Receive Message =[02]0[1c]T01[1c]1.44[1c]100002[1c]ABORTED[03]1
[2021-07-20 13:09:40.752]{}DEBUG:[TcpConnection.java-65 ] send [ 24 ] {TCP} :Send Message =[06]
[2021-07-20 13:09:40.812]{}ERROR:[AbstractPosLink.java-748 ] unpackTrans [ 24 ] {TCP} :Payment_CREDIT_SALE Fail!,ResultTxt =ABORTED
[2021-07-20 13:09:40.815]{}DEBUG:[AbstractPosLink.java-408 ] ProcessTrans [ 24 ] {} :ProcessTrans End...
[2021-07-20 13:18:34.207]{}DEBUG:[AbstractPosLink.java-309 ] ProcessTrans [ 30 ] {} :ProcessTrans Start...
[2021-07-20 13:18:34.211]{}DEBUG:[AbstractPosLink.java-340 ] ProcessTrans [ 30 ] {} :SDK VERSION:V1.07.00_20210409; Timeout:-1
[2021-07-20 13:18:34.214]{}DEBUG:[TcpConnection.java-36 ] connect [ 30 ] {TCP} :ip:192.168.1.6 port:10008
[2021-07-20 13:18:34.223]{}DEBUG:[TcpConnection.java-65 ] send [ 30 ] {TCP} :Send Message =[02]T00[1c]1.54[1c]01[1c]164[1f]0[1f][1f][1f]0[1c][1c]3837[1f]3837[1c][1c][1c][1f][1f][1f][1f][1f][1f][1f][1f][1f][1f][1f][1f][1f][1f][1f][1c][1c]TIPREQ=1[1c][1c]0[1c][03]P
[2021-07-20 13:18:34.353]{}DEBUG:[ProcessSocket.java-460 ] recvAck [ 30 ] {TCP} :Receive Message =[06]
[2021-07-20 13:18:36.450]{}DEBUG:[ProcessSocket.java-548 ] SocketRecv [ 30 ] {TCP} :Receive Message =[02]0[1c]T01[1c]1.44[1c]100002[1c]ABORTED[03]1
[2021-07-20 13:18:36.453]{}DEBUG:[TcpConnection.java-65 ] send [ 30 ] {TCP} :Send Message =[06]
[2021-07-20 13:18:36.516]{}ERROR:[AbstractPosLink.java-748 ] unpackTrans [ 30 ] {TCP} :Payment_CREDIT_SALE Fail!,ResultTxt =ABORTED
[2021-07-20 13:18:36.520]{}DEBUG:[AbstractPosLink.java-408 ] ProcessTrans [ 30 ] {} :ProcessTrans End...
[2021-07-20 13:19:51.300]{}DEBUG:[AbstractPosLink.java-309 ] ProcessTrans [ 35 ] {} :ProcessTrans Start...
[2021-07-20 13:19:51.304]{}DEBUG:[AbstractPosLink.java-340 ] ProcessTrans [ 35 ] {} :SDK VERSION:V1.07.00_20210409; Timeout:-1
[2021-07-20 13:19:51.309]{}DEBUG:[TcpConnection.java-36 ] connect [ 35 ] {TCP} :ip:192.168.1.6 port:10008
[2021-07-20 13:19:51.315]{}DEBUG:[TcpConnection.java-65 ] send [ 35 ] {TCP} :Send Message =[02]T00[1c]1.54[1c]01[1c]630[1f]0[1f][1f][1f]0[1c][1c]3838[1f]3838[1c][1c][1c][1f][1f][1f][1f][1f][1f][1f][1f][1f][1f][1f][1f][1f][1f][1f][1c][1c]TIPREQ=1[1c][1c]0[1c][03]V
[2021-07-20 13:19:51.461]{}DEBUG:[ProcessSocket.java-460 ] recvAck [ 35 ] {TCP} :Receive Message =[06]
[2021-07-20 13:20:06.768]{}DEBUG:[ProcessSocket.java-548 ] SocketRecv [ 35 ] {TCP} :Receive Message =[02]0[1c]T01[1c]1.44[1c]000000[1c]OK[1c]00[1f]Success[1f]VTLMC1[1f]120120501104[1f][1f]8[1f]1212MCC111519**[1f][1f][1c]01[1c]1629[1f]0[1f]999[1f]0[1f]0[1f]0[1f][1f][1c]9999[1f]2[1f]0228[1f][1f][1f][1f]02[1f] /[1f][1f][1f]0[1c]3[1f]3838[1f]20210720142353[1f]3838[1c][1f][1f][1f][1f][1c][1c][1c]EDCTYPE=CREDIT[1f]CARDBIN=541333[1f]HRef=10866057[1f]PROGRAMTYPE=0[1f]SN=53096522[1f]GLOBALUID=53096522202107201423533899[1f]ARQC=0AA6F5A17B5D0CE3[1f]TVR=0400008001[1f]AID=A000000004101001[1f]TSI=0000[1f]ATC=0011[1f]APPLAB=MCENGBRGBP[1f]APPPN=mc en gbr gbp[1f]IAD=0110A0000F240000000000000000000000FF[1f]CVM=7[03][13]
[2021-07-20 13:20:06.772]{}DEBUG:[TcpConnection.java-65 ] send [ 35 ] {TCP} :Send Message =[06]
[2021-07-20 13:20:06.841]{}DEBUG:[AbstractPosLink.java-746 ] unpackTrans [ 35 ] {TCP} :Payment_CREDIT_SALE Success!
[2021-07-20 13:20:06.844]{}DEBUG:[AbstractPosLink.java-408 ] ProcessTrans [ 35 ] {} :ProcessTrans End...
[2021-07-20 13:21:14.365]{}DEBUG:[AbstractPosLink.java-309 ] ProcessTrans [ 38 ] {} :ProcessTrans Start...
[2021-07-20 13:21:14.369]{}DEBUG:[AbstractPosLink.java-340 ] ProcessTrans [ 38 ] {} :SDK VERSION:V1.07.00_20210409; Timeout:-1
[2021-07-20 13:21:14.373]{}DEBUG:[TcpConnection.java-36 ] connect [ 38 ] {TCP} :ip:192.168.1.6 port:10008
[2021-07-20 13:21:14.381]{}DEBUG:[TcpConnection.java-65 ] send [ 38 ] {TCP} :Send Message =[02]T00[1c]1.54[1c]01[1c]778[1f]0[1f][1f][1f]0[1c][1c]3839[1f]3839[1c][1c][1c][1f][1f][1f][1f][1f][1f][1f][1f][1f][1f][1f][1f][1f][1f][1f][1c][1c]TIPREQ=1[1c][1c]0[1c][03][
[2021-07-20 13:21:14.526]{}DEBUG:[ProcessSocket.java-460 ] recvAck [ 38 ] {TCP} :Receive Message =[06]
[2021-07-20 13:21:29.418]{}DEBUG:[ProcessSocket.java-548 ] SocketRecv [ 38 ] {TCP} :Receive Message =[02]0[1c]T01[1c]1.44[1c]000000[1c]OK[1c]00[1f]Success[1f]VTLMC1[1f]120120501174[1f][1f]8[1f]1212MCC111530**[1f][1f][1c]01[1c]778[1f]0[1f]0[1f]0[1f]0[1f]0[1f][1f][1c]0002[1f]4[1f]1229[1f][1f][1f][1f]02[1f]AD YEN-US[1f][1f][1f]0[1c]4[1f]3839[1f]20210720142516[1f]3839[1c][1f][1f][1f][1f][1c][1c][1c]EDCTYPE=CREDIT[1f]CARDBIN=510006[1f]HRef=10866081[1f]PROGRAMTYPE=0[1f]SN=53096522[1f]GLOBALUID=53096522202107201425164479[1f]ARQC=A6374296BD34915F[1f]TVR=0400008000[1f]AID=A000000004101002[1f]TSI=E800[1f]ATC=003A[1f]APPLAB=MCENUSAUSD[1f]APPPN=mc en usa usd[1f]IAD=011020000F640000000000000000000000FF[1f]ARC=Z3[1f]CID=00[1f]CVM=7[03]t
[2021-07-20 13:21:29.422]{}DEBUG:[TcpConnection.java-65 ] send [ 38 ] {TCP} :Send Message =[06]
[2021-07-20 13:21:29.494]{}DEBUG:[AbstractPosLink.java-746 ] unpackTrans [ 38 ] {TCP} :Payment_CREDIT_SALE Success!
[2021-07-20 13:21:29.499]{}DEBUG:[AbstractPosLink.java-408 ] ProcessTrans [ 38 ] {} :ProcessTrans End...
[2021-07-20 13:30:21.890]{}DEBUG:[AbstractPosLink.java-309 ] ProcessTrans [ 21 ] {} :ProcessTrans Start...
[2021-07-20 13:30:21.905]{}DEBUG:[AbstractPosLink.java-340 ] ProcessTrans [ 21 ] {} :SDK VERSION:V1.07.00_20210409; Timeout:-1
[2021-07-20 13:30:21.923]{}DEBUG:[TcpConnection.java-36 ] connect [ 21 ] {TCP} :ip:192.168.1.6 port:10008
[2021-07-20 13:30:21.936]{}DEBUG:[TcpConnection.java-65 ] send [ 21 ] {TCP} :Send Message =[02]T00[1c]1.54[1c]01[1c]1166[1f]0[1f][1f][1f]0[1c][1c]3840[1f]3840[1c][1c][1c][1f][1f][1f][1f][1f][1f][1f][1f][1f][1f][1f][1f][1f][1f][1f][1c][1c]TIPREQ=1[1c][1c]0[1c][03]c
[2021-07-20 13:30:22.082]{}DEBUG:[ProcessSocket.java-460 ] recvAck [ 21 ] {TCP} :Receive Message =[06]
[2021-07-20 13:30:25.639]{}DEBUG:[ProcessSocket.java-548 ] SocketRecv [ 21 ] {TCP} :Receive Message =[02]0[1c]T01[1c]1.44[1c]100002[1c]ABORTED[03]1
[2021-07-20 13:30:25.643]{}DEBUG:[TcpConnection.java-65 ] send [ 21 ] {TCP} :Send Message =[06]
[2021-07-20 13:30:25.964]{}ERROR:[AbstractPosLink.java-748 ] unpackTrans [ 21 ] {TCP} :Payment_CREDIT_SALE Fail!,ResultTxt =ABORTED
[2021-07-20 13:30:25.981]{}DEBUG:[AbstractPosLink.java-408 ] ProcessTrans [ 21 ] {} :ProcessTrans End...
[2021-07-20 13:30:49.809]{}DEBUG:[AbstractPosLink.java-309 ] ProcessTrans [ 24 ] {} :ProcessTrans Start...
[2021-07-20 13:30:49.816]{}DEBUG:[AbstractPosLink.java-340 ] ProcessTrans [ 24 ] {} :SDK VERSION:V1.07.00_20210409; Timeout:-1
[2021-07-20 13:30:49.832]{}DEBUG:[TcpConnection.java-36 ] connect [ 24 ] {TCP} :ip:192.168.1.6 port:10008
[2021-07-20 13:30:49.844]{}DEBUG:[TcpConnection.java-65 ] send [ 24 ] {TCP} :Send Message =[02]T00[1c]1.54[1c]01[1c]1000[1f]0[1f][1f][1f]0[1c][1c]3840[1f]3840[1c][1c][1c][1f][1f][1f][1f][1f][1f][1f][1f][1f][1f][1f][1f][1f][1f][1f][1c][1c]TIPREQ=1[1c][1c]0[1c][03]b
[2021-07-20 13:30:49.971]{}DEBUG:[ProcessSocket.java-460 ] recvAck [ 24 ] {TCP} :Receive Message =[06]
[2021-07-20 13:31:09.699]{}DEBUG:[ProcessSocket.java-548 ] SocketRecv [ 24 ] {TCP} :Receive Message =[02]0[1c]T01[1c]1.44[1c]000000[1c]OK[1c]00[1f]Success[1f]VTLMC1[1f]120120503524[1f][1f]8[1f]1212MCC111543**[1f][1f][1c]01[1c]1000[1f]0[1f]0[1f]0[1f]0[1f]0[1f][1f][1c]9999[1f]2[1f]0228[1f][1f][1f][1f]02[1f] /[1f][1f][1f]0[1c]5[1f]3840[1f]20210720143456[1f]3840[1c][1f][1f][1f][1f][1c][1c][1c]EDCTYPE=CREDIT[1f]CARDBIN=541333[1f]HRef=10866239[1f]PROGRAMTYPE=0[1f]SN=53096522[1f]GLOBALUID=53096522202107201434563975[1f]ARQC=3F92F2FA6D91270F[1f]TVR=0400008001[1f]AID=A000000004101001[1f]TSI=0000[1f]ATC=0012[1f]APPLAB=MCENGBRGBP[1f]APPPN=mc en gbr gbp[1f]IAD=0110A0000F240000000000000000000000FF[1f]CVM=7[03][10]
[2021-07-20 13:31:09.703]{}DEBUG:[TcpConnection.java-65 ] send [ 24 ] {TCP} :Send Message =[06]
[2021-07-20 13:31:09.778]{}DEBUG:[AbstractPosLink.java-746 ] unpackTrans [ 24 ] {TCP} :Payment_CREDIT_SALE Success!
[2021-07-20 13:31:09.788]{}DEBUG:[AbstractPosLink.java-408 ] ProcessTrans [ 24 ] {} :ProcessTrans End...
[2021-07-20 13:49:24.291]{}DEBUG:[AbstractPosLink.java-309 ] ProcessTrans [ 21 ] {} :ProcessTrans Start...
[2021-07-20 13:49:24.307]{}DEBUG:[AbstractPosLink.java-340 ] ProcessTrans [ 21 ] {} :SDK VERSION:V1.07.00_20210409; Timeout:-1
[2021-07-20 13:49:24.326]{}DEBUG:[TcpConnection.java-36 ] connect [ 21 ] {TCP} :ip:192.168.1.6 port:10008
[2021-07-20 13:49:24.337]{}DEBUG:[TcpConnection.java-65 ] send [ 21 ] {TCP} :Send Message =[02]T00[1c]1.54[1c]01[1c]137[1f]0[1f][1f][1f]0[1c][1c]3842[1f]3842[1c][1c][1c][1f][1f][1f][1f][1f][1f][1f][1f][1f][1f][1f][1f][1f][1f][1f][1c][1c]TIPREQ=1[1c][1c]0[1c][03]V
[2021-07-20 13:49:24.487]{}DEBUG:[ProcessSocket.java-460 ] recvAck [ 21 ] {TCP} :Receive Message =[06]
[2021-07-20 13:49:30.299]{}DEBUG:[ProcessSocket.java-548 ] SocketRecv [ 21 ] {TCP} :Receive Message =[02]0[1c]T01[1c]1.44[1c]100002[1c]ABORTED[03]1
[2021-07-20 13:49:30.306]{}DEBUG:[TcpConnection.java-65 ] send [ 21 ] {TCP} :Send Message =[06]
[2021-07-20 13:49:30.784]{}ERROR:[AbstractPosLink.java-748 ] unpackTrans [ 21 ] {TCP} :Payment_CREDIT_SALE Fail!,ResultTxt =ABORTED
[2021-07-20 13:49:30.797]{}DEBUG:[AbstractPosLink.java-408 ] ProcessTrans [ 21 ] {} :ProcessTrans End...
[2021-07-20 13:52:07.364]{}DEBUG:[AbstractPosLink.java-309 ] ProcessTrans [ 21 ] {} :ProcessTrans Start...
[2021-07-20 13:52:07.372]{}DEBUG:[AbstractPosLink.java-340 ] ProcessTrans [ 21 ] {} :SDK VERSION:V1.07.00_20210409; Timeout:-1
[2021-07-20 13:52:07.384]{}DEBUG:[TcpConnection.java-36 ] connect [ 21 ] {TCP} :ip:192.168.1.6 port:10008
[2021-07-20 13:52:07.394]{}DEBUG:[TcpConnection.java-65 ] send [ 21 ] {TCP} :Send Message =[02]T00[1c]1.54[1c]01[1c]667[1f]0[1f][1f][1f]0[1c][1c]3843[1f]3843[1c][1c][1c][1f][1f][1f][1f][1f][1f][1f][1f][1f][1f][1f][1f][1f][1f][1f][1c][1c]TIPREQ=1[1c][1c]0[1c][03]T
[2021-07-20 13:52:07.546]{}DEBUG:[ProcessSocket.java-460 ] recvAck [ 21 ] {TCP} :Receive Message =[06]
[2021-07-20 13:52:21.006]{}DEBUG:[ProcessSocket.java-548 ] SocketRecv [ 21 ] {TCP} :Receive Message =[02]0[1c]T01[1c]1.44[1c]000000[1c]OK[1c]00[1f]Success[1f]VTLMC1[1f]120120504554[1f][1f]8[1f]1212MVA999888**[1f][1f][1c]01[1c]667[1f]0[1f]0[1f]0[1f]0[1f]0[1f][1f][1c]9999[1f]2[1f]0228[1f][1f][1f][1f]02[1f] /[1f][1f][1f]0[1c]6[1f]3843[1f]20210720145608[1f]3843[1c][1f][1f][1f][1f][1c][1c][1c]EDCTYPE=CREDIT[1f]CARDBIN=541333[1f]HRef=10866597[1f]PROGRAMTYPE=0[1f]SN=53096522[1f]GLOBALUID=53096522202107201456087609[1f]ARQC=64E6508465CFC67E[1f]TVR=0400008001[1f]AID=A000000004101001[1f]TSI=0000[1f]ATC=0013[1f]APPLAB=MCENGBRGBP[1f]APPPN=mc en gbr gbp[1f]IAD=0110A0000F240000000000000000000000FF[1f]CVM=7[03]O
[2021-07-20 13:52:21.013]{}DEBUG:[TcpConnection.java-65 ] send [ 21 ] {TCP} :Send Message =[06]
[2021-07-20 13:52:21.580]{}DEBUG:[AbstractPosLink.java-746 ] unpackTrans [ 21 ] {TCP} :Payment_CREDIT_SALE Success!
[2021-07-20 13:52:21.586]{}DEBUG:[AbstractPosLink.java-408 ] ProcessTrans [ 21 ] {} :ProcessTrans End...
[2021-07-20 14:01:50.547]{}DEBUG:[AbstractPosLink.java-309 ] ProcessTrans [ 21 ] {} :ProcessTrans Start...
[2021-07-20 14:01:50.555]{}DEBUG:[AbstractPosLink.java-340 ] ProcessTrans [ 21 ] {} :SDK VERSION:V1.07.00_20210409; Timeout:-1
[2021-07-20 14:01:50.571]{}DEBUG:[TcpConnection.java-36 ] connect [ 21 ] {TCP} :ip:192.168.1.6 port:10008
[2021-07-20 14:01:50.580]{}DEBUG:[TcpConnection.java-65 ] send [ 21 ] {TCP} :Send Message =[02]T00[1c]1.54[1c]01[1c]1229[1f]0[1f][1f][1f]0[1c][1c]3844[1f]3844[1c][1c][1c][1f][1f][1f][1f][1f][1f][1f][1f][1f][1f][1f][1f][1f][1f][1f][1c][1c]TIPREQ=1[1c][1c]0[1c][03]k
[2021-07-20 14:01:50.701]{}DEBUG:[ProcessSocket.java-460 ] recvAck [ 21 ] {TCP} :Receive Message =[06]
[2021-07-20 14:01:53.400]{}DEBUG:[ProcessSocket.java-548 ] SocketRecv [ 21 ] {TCP} :Receive Message =[02]0[1c]T01[1c]1.44[1c]100002[1c]ABORTED[03]1
[2021-07-20 14:01:53.410]{}DEBUG:[TcpConnection.java-65 ] send [ 21 ] {TCP} :Send Message =[06]
[2021-07-20 14:01:54.011]{}ERROR:[AbstractPosLink.java-748 ] unpackTrans [ 21 ] {TCP} :Payment_CREDIT_SALE Fail!,ResultTxt =ABORTED
[2021-07-20 14:01:54.017]{}DEBUG:[AbstractPosLink.java-408 ] ProcessTrans [ 21 ] {} :ProcessTrans End...
[2021-07-20 14:03:39.034]{}DEBUG:[AbstractPosLink.java-309 ] ProcessTrans [ 21 ] {} :ProcessTrans Start...
[2021-07-20 14:03:39.051]{}DEBUG:[AbstractPosLink.java-340 ] ProcessTrans [ 21 ] {} :SDK VERSION:V1.07.00_20210409; Timeout:-1
[2021-07-20 14:03:39.075]{}DEBUG:[TcpConnection.java-36 ] connect [ 21 ] {TCP} :ip:192.168.1.6 port:10008
[2021-07-20 14:03:39.087]{}DEBUG:[TcpConnection.java-65 ] send [ 21 ] {TCP} :Send Message =[02]T00[1c]1.54[1c]01[1c]778[1f]0[1f][1f][1f]0[1c][1c]3845[1f]3845[1c][1c][1c][1f][1f][1f][1f][1f][1f][1f][1f][1f][1f][1f][1f][1f][1f][1f][1c][1c]TIPREQ=1[1c][1c]0[1c][03][
[2021-07-20 14:03:39.232]{}DEBUG:[ProcessSocket.java-460 ] recvAck [ 21 ] {TCP} :Receive Message =[06]
[2021-07-20 14:03:40.711]{}DEBUG:[ProcessSocket.java-548 ] SocketRecv [ 21 ] {TCP} :Receive Message =[02]0[1c]T01[1c]1.44[1c]100002[1c]ABORTED[03]1
[2021-07-20 14:03:40.714]{}DEBUG:[TcpConnection.java-65 ] send [ 21 ] {TCP} :Send Message =[06]
[2021-07-20 14:03:40.976]{}ERROR:[AbstractPosLink.java-748 ] unpackTrans [ 21 ] {TCP} :Payment_CREDIT_SALE Fail!,ResultTxt =ABORTED
[2021-07-20 14:03:41.034]{}DEBUG:[AbstractPosLink.java-408 ] ProcessTrans [ 21 ] {} :ProcessTrans End...
[2021-07-20 14:07:53.753]{}DEBUG:[AbstractPosLink.java-309 ] ProcessTrans [ 21 ] {} :ProcessTrans Start...
[2021-07-20 14:07:53.761]{}DEBUG:[AbstractPosLink.java-340 ] ProcessTrans [ 21 ] {} :SDK VERSION:V1.07.00_20210409; Timeout:-1
[2021-07-20 14:07:53.774]{}DEBUG:[TcpConnection.java-36 ] connect [ 21 ] {TCP} :ip:192.168.1.6 port:10008
[2021-07-20 14:07:53.782]{}DEBUG:[TcpConnection.java-65 ] send [ 21 ] {TCP} :Send Message =[02]T00[1c]1.54[1c]01[1c]2802[1f]0[1f][1f][1f]0[1c][1c]3846[1f]3846[1c][1c][1c][1f][1f][1f][1f][1f][1f][1f][1f][1f][1f][1f][1f][1f][1f][1f][1c][1c]TIPREQ=1[1c][1c]0[1c][03]k
[2021-07-20 14:07:53.919]{}DEBUG:[ProcessSocket.java-460 ] recvAck [ 21 ] {TCP} :Receive Message =[06]
[2021-07-20 14:07:56.225]{}DEBUG:[ProcessSocket.java-548 ] SocketRecv [ 21 ] {TCP} :Receive Message =[02]0[1c]T01[1c]1.44[1c]100002[1c]ABORTED[03]1
[2021-07-20 14:07:56.229]{}DEBUG:[TcpConnection.java-65 ] send [ 21 ] {TCP} :Send Message =[06]
[2021-07-20 14:07:56.573]{}ERROR:[AbstractPosLink.java-748 ] unpackTrans [ 21 ] {TCP} :Payment_CREDIT_SALE Fail!,ResultTxt =ABORTED
[2021-07-20 14:07:56.615]{}DEBUG:[AbstractPosLink.java-408 ] ProcessTrans [ 21 ] {} :ProcessTrans End...
[2021-07-20 14:09:28.091]{}DEBUG:[AbstractPosLink.java-309 ] ProcessTrans [ 24 ] {} :ProcessTrans Start...
[2021-07-20 14:09:28.096]{}DEBUG:[AbstractPosLink.java-340 ] ProcessTrans [ 24 ] {} :SDK VERSION:V1.07.00_20210409; Timeout:-1
[2021-07-20 14:09:28.100]{}DEBUG:[TcpConnection.java-36 ] connect [ 24 ] {TCP} :ip:192.168.1.6 port:10008
[2021-07-20 14:09:28.107]{}DEBUG:[TcpConnection.java-65 ] send [ 24 ] {TCP} :Send Message =[02]T00[1c]1.54[1c]01[1c]2802[1f]0[1f][1f][1f]0[1c][1c]3846[1f]3846[1c][1c][1c][1f][1f][1f][1f][1f][1f][1f][1f][1f][1f][1f][1f][1f][1f][1f][1c][1c]TIPREQ=1[1c][1c]0[1c][03]k
[2021-07-20 14:09:28.257]{}DEBUG:[ProcessSocket.java-460 ] recvAck [ 24 ] {TCP} :Receive Message =[06]
[2021-07-20 14:09:43.792]{}DEBUG:[ProcessSocket.java-548 ] SocketRecv [ 24 ] {TCP} :Receive Message =[02]0[1c]T01[1c]1.44[1c]000000[1c]OK[1c]00[1f]Success[1f]VTLMC1[1f]120121506934[1f][1f]8[1f]1212MCC111669**[1f][1f][1c]01[1c]2802[1f]0[1f]0[1f]0[1f]0[1f]0[1f][1f][1c]9999[1f]2[1f]0228[1f][1f][1f][1f]02[1f] /[1f][1f][1f]0[1c]7[1f]3846[1f]20210720151330[1f]3846[1c][1f][1f][1f][1f][1c][1c][1c]EDCTYPE=CREDIT[1f]CARDBIN=541333[1f]HRef=10866875[1f]PROGRAMTYPE=0[1f]SN=53096522[1f]GLOBALUID=53096522202107201513301714[1f]ARQC=EDA74BFD2D931B27[1f]TVR=0400008001[1f]AID=A000000004101001[1f]TSI=0000[1f]ATC=0014[1f]APPLAB=MCENGBRGBP[1f]APPPN=mc en gbr gbp[1f]IAD=0110A0000F240000000000000000000000FF[1f]CVM=7[03][1b]
[2021-07-20 14:09:43.796]{}DEBUG:[TcpConnection.java-65 ] send [ 24 ] {TCP} :Send Message =[06]
[2021-07-20 14:09:43.865]{}DEBUG:[AbstractPosLink.java-746 ] unpackTrans [ 24 ] {TCP} :Payment_CREDIT_SALE Success!
[2021-07-20 14:09:43.868]{}DEBUG:[AbstractPosLink.java-408 ] ProcessTrans [ 24 ] {} :ProcessTrans End...
[2021-07-20 14:17:15.309]{}DEBUG:[AbstractPosLink.java-309 ] ProcessTrans [ 30 ] {} :ProcessTrans Start...
[2021-07-20 14:17:15.315]{}DEBUG:[AbstractPosLink.java-340 ] ProcessTrans [ 30 ] {} :SDK VERSION:V1.07.00_20210409; Timeout:-1
[2021-07-20 14:17:15.319]{}DEBUG:[TcpConnection.java-36 ] connect [ 30 ] {TCP} :ip:192.168.1.6 port:10008
[2021-07-20 14:17:15.326]{}DEBUG:[TcpConnection.java-65 ] send [ 30 ] {TCP} :Send Message =[02]T00[1c]1.54[1c]01[1c]2802[1f]0[1f][1f][1f]0[1c][1c]3846[1f]3846[1c][1c][1c][1f][1f][1f][1f][1f][1f][1f][1f][1f][1f][1f][1f][1f][1f][1f][1c][1c]TIPREQ=1[1c][1c]0[1c][03]k
[2021-07-20 14:17:15.451]{}DEBUG:[ProcessSocket.java-460 ] recvAck [ 30 ] {TCP} :Receive Message =[06]
[2021-07-20 14:17:23.935]{}DEBUG:[ProcessSocket.java-548 ] SocketRecv [ 30 ] {TCP} :Receive Message =[02]0[1c]T01[1c]1.44[1c]100011[1c]DUP TRANSACTION[1c]00[1f]Success[1f]VTLMC1[1f]120121506934[1f][1f]8[1f]1212MCC111669**[1f][1f][1c]01[1c]2802[1f]0[1f]0[1f]0[1f]0[1f]0[1f][1f][1c]9999[1f]2[1f]0228[1f][1f][1f][1f]02[1f] /[1f][1f][1f]0[1c]7[1f]3846[1f]20210720151330[1f]3846[1c][1f][1f][1f][1f][1c][1c][1c]EDCTYPE=CREDIT[1f]CARDBIN=541333[1f]HRef=10866875[1f]PROGRAMTYPE=0[1f]SN=53096522[1f]GLOBALUID=53096522202107201513301714[1f]ARQC=EDA74BFD2D931B27[1f]TVR=0400008001[1f]AID=A000000004101001[1f]TSI=0000[1f]ATC=0014[1f]APPLAB=MCENGBRGBP[1f]APPPN=mc en gbr gbp[1f]IAD=0110A0000F240000000000000000000000FF[1f]CVM=7[03];
[2021-07-20 14:17:23.940]{}DEBUG:[TcpConnection.java-65 ] send [ 30 ] {TCP} :Send Message =[06]
[2021-07-20 14:17:24.003]{}ERROR:[AbstractPosLink.java-748 ] unpackTrans [ 30 ] {TCP} :Payment_CREDIT_SALE Fail!,ResultTxt =DUP TRANSACTION
[2021-07-20 14:17:24.006]{}DEBUG:[AbstractPosLink.java-408 ] ProcessTrans [ 30 ] {} :ProcessTrans End...
[2021-07-20 14:18:37.957]{}DEBUG:[AbstractPosLink.java-309 ] ProcessTrans [ 35 ] {} :ProcessTrans Start...
[2021-07-20 14:18:37.962]{}DEBUG:[AbstractPosLink.java-340 ] ProcessTrans [ 35 ] {} :SDK VERSION:V1.07.00_20210409; Timeout:-1
[2021-07-20 14:18:37.968]{}DEBUG:[TcpConnection.java-36 ] connect [ 35 ] {TCP} :ip:192.168.1.6 port:10008
[2021-07-20 14:18:37.977]{}DEBUG:[TcpConnection.java-65 ] send [ 35 ] {TCP} :Send Message =[02]T00[1c]1.54[1c]01[1c]2802[1f]0[1f][1f][1f]0[1c][1c]3846[1f]3846[1c][1c][1c][1f][1f][1f][1f][1f][1f][1f][1f][1f][1f][1f][1f][1f][1f][1f][1c][1c]TIPREQ=1[1c][1c]0[1c][03]k
[2021-07-20 14:18:38.105]{}DEBUG:[ProcessSocket.java-460 ] recvAck [ 35 ] {TCP} :Receive Message =[06]
[2021-07-20 14:18:56.906]{}DEBUG:[ProcessSocket.java-548 ] SocketRecv [ 35 ] {TCP} :Receive Message =[02]0[1c]T01[1c]1.44[1c]100011[1c]DUP TRANSACTION[1c]00[1f]Success[1f]VTLMC1[1f]120121506934[1f][1f]8[1f]1212MCC111669**[1f][1f][1c]01[1c]2802[1f]0[1f]0[1f]0[1f]0[1f]0[1f][1f][1c]9999[1f]2[1f]0228[1f][1f][1f][1f]02[1f] /[1f][1f][1f]0[1c]7[1f]3846[1f]20210720151330[1f]3846[1c][1f][1f][1f][1f][1c][1c][1c]EDCTYPE=CREDIT[1f]CARDBIN=541333[1f]HRef=10866875[1f]PROGRAMTYPE=0[1f]SN=53096522[1f]GLOBALUID=53096522202107201513301714[1f]ARQC=EDA74BFD2D931B27[1f]TVR=0400008001[1f]AID=A000000004101001[1f]TSI=0000[1f]ATC=0014[1f]APPLAB=MCENGBRGBP[1f]APPPN=mc en gbr gbp[1f]IAD=0110A0000F240000000000000000000000FF[1f]CVM=7[03];
[2021-07-20 14:18:56.910]{}DEBUG:[TcpConnection.java-65 ] send [ 35 ] {TCP} :Send Message =[06]
[2021-07-20 14:18:56.977]{}ERROR:[AbstractPosLink.java-748 ] unpackTrans [ 35 ] {TCP} :Payment_CREDIT_SALE Fail!,ResultTxt =DUP TRANSACTION
[2021-07-20 14:18:56.981]{}DEBUG:[AbstractPosLink.java-408 ] ProcessTrans [ 35 ] {} :ProcessTrans End...
[2021-07-20 14:20:12.540]{}DEBUG:[AbstractPosLink.java-309 ] ProcessTrans [ 39 ] {} :ProcessTrans Start...
[2021-07-20 14:20:12.545]{}DEBUG:[AbstractPosLink.java-340 ] ProcessTrans [ 39 ] {} :SDK VERSION:V1.07.00_20210409; Timeout:-1
[2021-07-20 14:20:12.549]{}DEBUG:[TcpConnection.java-36 ] connect [ 39 ] {TCP} :ip:192.168.1.6 port:10008
[2021-07-20 14:20:12.557]{}DEBUG:[TcpConnection.java-65 ] send [ 39 ] {TCP} :Send Message =[02]T00[1c]1.54[1c]01[1c]2802[1f]0[1f][1f][1f]0[1c][1c]3846[1f]3846[1c][1c][1c][1f][1f][1f][1f][1f][1f][1f][1f][1f][1f][1f][1f][1f][1f][1f][1c][1c]TIPREQ=1[1c][1c]0[1c][03]k
[2021-07-20 14:20:12.690]{}DEBUG:[ProcessSocket.java-460 ] recvAck [ 39 ] {TCP} :Receive Message =[06]
[2021-07-20 14:20:43.470]{}DEBUG:[ProcessSocket.java-548 ] SocketRecv [ 39 ] {TCP} :Receive Message =[02]0[1c]T01[1c]1.44[1c]100001[1c]TIMEOUT[03]"
[2021-07-20 14:20:43.474]{}DEBUG:[TcpConnection.java-65 ] send [ 39 ] {TCP} :Send Message =[06]
[2021-07-20 14:20:43.538]{}ERROR:[AbstractPosLink.java-748 ] unpackTrans [ 39 ] {TCP} :Payment_CREDIT_SALE Fail!,ResultTxt =TIMEOUT
[2021-07-20 14:20:43.542]{}DEBUG:[AbstractPosLink.java-408 ] ProcessTrans [ 39 ] {} :ProcessTrans End...
[2021-07-20 14:21:11.083]{}DEBUG:[AbstractPosLink.java-309 ] ProcessTrans [ 43 ] {} :ProcessTrans Start...
[2021-07-20 14:21:11.089]{}DEBUG:[AbstractPosLink.java-340 ] ProcessTrans [ 43 ] {} :SDK VERSION:V1.07.00_20210409; Timeout:-1
[2021-07-20 14:21:11.095]{}DEBUG:[TcpConnection.java-36 ] connect [ 43 ] {TCP} :ip:192.168.1.6 port:10008
[2021-07-20 14:21:11.104]{}DEBUG:[TcpConnection.java-65 ] send [ 43 ] {TCP} :Send Message =[02]T00[1c]1.54[1c]01[1c]246[1f]0[1f][1f][1f]0[1c][1c]3851[1f]3851[1c][1c][1c][1f][1f][1f][1f][1f][1f][1f][1f][1f][1f][1f][1f][1f][1f][1f][1c][1c]TIPREQ=1[1c][1c]0[1c][03]S
[2021-07-20 14:21:11.266]{}DEBUG:[ProcessSocket.java-460 ] recvAck [ 43 ] {TCP} :Receive Message =[06]
[2021-07-20 14:21:12.341]{}DEBUG:[ProcessSocket.java-548 ] SocketRecv [ 43 ] {TCP} :Receive Message =[02]0[1c]T01[1c]1.44[1c]100002[1c]ABORTED[03]1
[2021-07-20 14:21:12.345]{}DEBUG:[TcpConnection.java-65 ] send [ 43 ] {TCP} :Send Message =[06]
[2021-07-20 14:21:12.408]{}ERROR:[AbstractPosLink.java-748 ] unpackTrans [ 43 ] {TCP} :Payment_CREDIT_SALE Fail!,ResultTxt =ABORTED
[2021-07-20 14:21:12.415]{}DEBUG:[AbstractPosLink.java-408 ] ProcessTrans [ 43 ] {} :ProcessTrans End...
[2021-07-20 14:22:39.791]{}DEBUG:[AbstractPosLink.java-309 ] ProcessTrans [ 45 ] {} :ProcessTrans Start...
[2021-07-20 14:22:39.797]{}DEBUG:[AbstractPosLink.java-340 ] ProcessTrans [ 45 ] {} :SDK VERSION:V1.07.00_20210409; Timeout:-1
[2021-07-20 14:22:39.802]{}DEBUG:[TcpConnection.java-36 ] connect [ 45 ] {TCP} :ip:192.168.1.6 port:10008
[2021-07-20 14:22:39.812]{}DEBUG:[TcpConnection.java-65 ] send [ 45 ] {TCP} :Send Message =[02]T00[1c]1.54[1c]01[1c]246[1f]0[1f][1f][1f]0[1c][1c]3851[1f]3851[1c][1c][1c][1f][1f][1f][1f][1f][1f][1f][1f][1f][1f][1f][1f][1f][1f][1f][1c][1c]TIPREQ=1[1c][1c]0[1c][03]S
[2021-07-20 14:22:39.947]{}DEBUG:[ProcessSocket.java-460 ] recvAck [ 45 ] {TCP} :Receive Message =[06]
[2021-07-20 14:22:55.034]{}DEBUG:[ProcessSocket.java-548 ] SocketRecv [ 45 ] {TCP} :Receive Message =[02]0[1c]T01[1c]1.44[1c]000000[1c]OK[1c]00[1f]Success[1f]VTLMC1[1f]120121500531[1f][1f]8[1f]1212MCC111748**[1f][1f][1c]01[1c]246[1f]0[1f]0[1f]0[1f]0[1f]0[1f][1f][1c]9999[1f]2[1f]0228[1f][1f][1f][1f]02[1f] /[1f][1f][1f]0[1c]8[1f]3851[1f]20210720152641[1f]3851[1c][1f][1f][1f][1f][1c][1c][1c]EDCTYPE=CREDIT[1f]CARDBIN=541333[1f]HRef=10867117[1f]PROGRAMTYPE=0[1f]SN=53096522[1f]GLOBALUID=53096522202107201526412079[1f]ARQC=96E61BD315A1CB20[1f]TVR=0400008001[1f]AID=A000000004101001[1f]TSI=0000[1f]ATC=0017[1f]APPLAB=MCENGBRGBP[1f]APPPN=mc en gbr gbp[1f]IAD=0110A0000F240000000000000000000000FF[1f]CVM=7[03]'
[2021-07-20 14:22:55.037]{}DEBUG:[TcpConnection.java-65 ] send [ 45 ] {TCP} :Send Message =[06]
[2021-07-20 14:22:55.103]{}DEBUG:[AbstractPosLink.java-746 ] unpackTrans [ 45 ] {TCP} :Payment_CREDIT_SALE Success!
[2021-07-20 14:22:55.108]{}DEBUG:[AbstractPosLink.java-408 ] ProcessTrans [ 45 ] {} :ProcessTrans End...
